{"numFailedTestSuites":4,"numFailedTests":10,"numPassedTestSuites":6,"numPassedTests":91,"numPendingTestSuites":0,"numPendingTests":0,"numRuntimeErrorTestSuites":2,"numTodoTests":0,"numTotalTestSuites":10,"numTotalTests":101,"openHandles":[],"snapshot":{"added":0,"didUpdate":false,"failure":false,"filesAdded":0,"filesRemoved":0,"filesRemovedList":[],"filesUnmatched":0,"filesUpdated":0,"matched":0,"total":0,"unchecked":0,"uncheckedKeysByFile":[],"unmatched":0,"updated":0},"startTime":1777387769724,"success":false,"testResults":[{"assertionResults":[{"ancestorTitles":["JWT Helper","signToken"],"duration":13,"failing":false,"failureDetails":[{}],"failureMessages":["Error: secretOrPrivateKey must have a value\n    at Object.module.exports [as sign] (C:\\Users\\Cozapry\\Desktop\\Phase2\\week3\\individualProject\\individual-project-anpray\\server\\node_modules\\jsonwebtoken\\sign.js:111:20)\n    at sign (C:\\Users\\Cozapry\\Desktop\\Phase2\\week3\\individualProject\\individual-project-anpray\\server\\helpers\\jwt.js:4:16)\n    at Object.signToken (C:\\Users\\Cozapry\\Desktop\\Phase2\\week3\\individualProject\\individual-project-anpray\\server\\__tests__\\Helpers.test.js:13:21)\n    at Promise.finally.completed (C:\\Users\\Cozapry\\node_modules\\jest-circus\\build\\jestAdapterInit.js:1557:28)\n    at new Promise (<anonymous>)\n    at callAsyncCircusFn (C:\\Users\\Cozapry\\node_modules\\jest-circus\\build\\jestAdapterInit.js:1497:10)\n    at _callCircusTest (C:\\Users\\Cozapry\\node_modules\\jest-circus\\build\\jestAdapterInit.js:1007:40)\n    at _runTest (C:\\Users\\Cozapry\\node_modules\\jest-circus\\build\\jestAdapterInit.js:947:3)\n    at C:\\Users\\Cozapry\\node_modules\\jest-circus\\build\\jestAdapterInit.js:849:7\n    at _runTestsForDescribeBlock (C:\\Users\\Cozapry\\node_modules\\jest-circus\\build\\jestAdapterInit.js:862:11)\n    at _runTestsForDescribeBlock (C:\\Users\\Cozapry\\node_modules\\jest-circus\\build\\jestAdapterInit.js:857:11)\n    at _runTestsForDescribeBlock (C:\\Users\\Cozapry\\node_modules\\jest-circus\\build\\jestAdapterInit.js:857:11)\n    at run (C:\\Users\\Cozapry\\node_modules\\jest-circus\\build\\jestAdapterInit.js:761:3)\n    at runAndTransformResultsToJestFormat (C:\\Users\\Cozapry\\node_modules\\jest-circus\\build\\jestAdapterInit.js:1918:21)\n    at jestAdapter (C:\\Users\\Cozapry\\node_modules\\jest-circus\\build\\runner.js:101:19)\n    at runTestInternal (C:\\Users\\Cozapry\\node_modules\\jest-runner\\build\\index.js:275:16)\n    at runTest (C:\\Users\\Cozapry\\node_modules\\jest-runner\\build\\index.js:343:7)"],"fullName":"JWT Helper signToken should generate a valid JWT token","invocations":1,"location":null,"numPassingAsserts":0,"retryReasons":[],"startAt":1777387775810,"status":"failed","title":"should generate a valid JWT token"},{"ancestorTitles":["JWT Helper","signToken"],"duration":3,"failing":false,"failureDetails":[{}],"failureMessages":["Error: secretOrPrivateKey must have a value\n    at Object.module.exports [as sign] (C:\\Users\\Cozapry\\Desktop\\Phase2\\week3\\individualProject\\individual-project-anpray\\server\\node_modules\\jsonwebtoken\\sign.js:111:20)\n    at sign (C:\\Users\\Cozapry\\Desktop\\Phase2\\week3\\individualProject\\individual-project-anpray\\server\\helpers\\jwt.js:4:16)\n    at Object.signToken (C:\\Users\\Cozapry\\Desktop\\Phase2\\week3\\individualProject\\individual-project-anpray\\server\\__tests__\\Helpers.test.js:24:22)\n    at Promise.finally.completed (C:\\Users\\Cozapry\\node_modules\\jest-circus\\build\\jestAdapterInit.js:1557:28)\n    at new Promise (<anonymous>)\n    at callAsyncCircusFn (C:\\Users\\Cozapry\\node_modules\\jest-circus\\build\\jestAdapterInit.js:1497:10)\n    at _callCircusTest (C:\\Users\\Cozapry\\node_modules\\jest-circus\\build\\jestAdapterInit.js:1007:40)\n    at _runTest (C:\\Users\\Cozapry\\node_modules\\jest-circus\\build\\jestAdapterInit.js:947:3)\n    at C:\\Users\\Cozapry\\node_modules\\jest-circus\\build\\jestAdapterInit.js:849:7\n    at _runTestsForDescribeBlock (C:\\Users\\Cozapry\\node_modules\\jest-circus\\build\\jestAdapterInit.js:862:11)\n    at _runTestsForDescribeBlock (C:\\Users\\Cozapry\\node_modules\\jest-circus\\build\\jestAdapterInit.js:857:11)\n    at _runTestsForDescribeBlock (C:\\Users\\Cozapry\\node_modules\\jest-circus\\build\\jestAdapterInit.js:857:11)\n    at run (C:\\Users\\Cozapry\\node_modules\\jest-circus\\build\\jestAdapterInit.js:761:3)\n    at runAndTransformResultsToJestFormat (C:\\Users\\Cozapry\\node_modules\\jest-circus\\build\\jestAdapterInit.js:1918:21)\n    at jestAdapter (C:\\Users\\Cozapry\\node_modules\\jest-circus\\build\\runner.js:101:19)\n    at runTestInternal (C:\\Users\\Cozapry\\node_modules\\jest-runner\\build\\index.js:275:16)\n    at runTest (C:\\Users\\Cozapry\\node_modules\\jest-runner\\build\\index.js:343:7)"],"fullName":"JWT Helper signToken should generate different tokens for different payloads","invocations":1,"location":null,"numPassingAsserts":0,"retryReasons":[],"startAt":1777387775913,"status":"failed","title":"should generate different tokens for different payloads"},{"ancestorTitles":["JWT Helper","signToken"],"duration":8,"failing":false,"failureDetails":[{}],"failureMessages":["Error: secretOrPrivateKey must have a value\n    at Object.module.exports [as sign] (C:\\Users\\Cozapry\\Desktop\\Phase2\\week3\\individualProject\\individual-project-anpray\\server\\node_modules\\jsonwebtoken\\sign.js:111:20)\n    at sign (C:\\Users\\Cozapry\\Desktop\\Phase2\\week3\\individualProject\\individual-project-anpray\\server\\helpers\\jwt.js:4:16)\n    at Object.signToken (C:\\Users\\Cozapry\\Desktop\\Phase2\\week3\\individualProject\\individual-project-anpray\\server\\__tests__\\Helpers.test.js:31:21)\n    at Promise.finally.completed (C:\\Users\\Cozapry\\node_modules\\jest-circus\\build\\jestAdapterInit.js:1557:28)\n    at new Promise (<anonymous>)\n    at callAsyncCircusFn (C:\\Users\\Cozapry\\node_modules\\jest-circus\\build\\jestAdapterInit.js:1497:10)\n    at _callCircusTest (C:\\Users\\Cozapry\\node_modules\\jest-circus\\build\\jestAdapterInit.js:1007:40)\n    at _runTest (C:\\Users\\Cozapry\\node_modules\\jest-circus\\build\\jestAdapterInit.js:947:3)\n    at C:\\Users\\Cozapry\\node_modules\\jest-circus\\build\\jestAdapterInit.js:849:7\n    at _runTestsForDescribeBlock (C:\\Users\\Cozapry\\node_modules\\jest-circus\\build\\jestAdapterInit.js:862:11)\n    at _runTestsForDescribeBlock (C:\\Users\\Cozapry\\node_modules\\jest-circus\\build\\jestAdapterInit.js:857:11)\n    at _runTestsForDescribeBlock (C:\\Users\\Cozapry\\node_modules\\jest-circus\\build\\jestAdapterInit.js:857:11)\n    at run (C:\\Users\\Cozapry\\node_modules\\jest-circus\\build\\jestAdapterInit.js:761:3)\n    at runAndTransformResultsToJestFormat (C:\\Users\\Cozapry\\node_modules\\jest-circus\\build\\jestAdapterInit.js:1918:21)\n    at jestAdapter (C:\\Users\\Cozapry\\node_modules\\jest-circus\\build\\runner.js:101:19)\n    at runTestInternal (C:\\Users\\Cozapry\\node_modules\\jest-runner\\build\\index.js:275:16)\n    at runTest (C:\\Users\\Cozapry\\node_modules\\jest-runner\\build\\index.js:343:7)"],"fullName":"JWT Helper signToken should handle empty payload","invocations":1,"location":null,"numPassingAsserts":0,"retryReasons":[],"startAt":1777387775934,"status":"failed","title":"should handle empty payload"},{"ancestorTitles":["JWT Helper","verifyToken"],"duration":4,"failing":false,"failureDetails":[{}],"failureMessages":["Error: secretOrPrivateKey must have a value\n    at Object.module.exports [as sign] (C:\\Users\\Cozapry\\Desktop\\Phase2\\week3\\individualProject\\individual-project-anpray\\server\\node_modules\\jsonwebtoken\\sign.js:111:20)\n    at sign (C:\\Users\\Cozapry\\Desktop\\Phase2\\week3\\individualProject\\individual-project-anpray\\server\\helpers\\jwt.js:4:16)\n    at Object.signToken (C:\\Users\\Cozapry\\Desktop\\Phase2\\week3\\individualProject\\individual-project-anpray\\server\\__tests__\\Helpers.test.js:46:21)\n    at Promise.finally.completed (C:\\Users\\Cozapry\\node_modules\\jest-circus\\build\\jestAdapterInit.js:1557:28)\n    at new Promise (<anonymous>)\n    at callAsyncCircusFn (C:\\Users\\Cozapry\\node_modules\\jest-circus\\build\\jestAdapterInit.js:1497:10)\n    at _callCircusTest (C:\\Users\\Cozapry\\node_modules\\jest-circus\\build\\jestAdapterInit.js:1007:40)\n    at _runTest (C:\\Users\\Cozapry\\node_modules\\jest-circus\\build\\jestAdapterInit.js:947:3)\n    at C:\\Users\\Cozapry\\node_modules\\jest-circus\\build\\jestAdapterInit.js:849:7\n    at _runTestsForDescribeBlock (C:\\Users\\Cozapry\\node_modules\\jest-circus\\build\\jestAdapterInit.js:862:11)\n    at _runTestsForDescribeBlock (C:\\Users\\Cozapry\\node_modules\\jest-circus\\build\\jestAdapterInit.js:857:11)\n    at _runTestsForDescribeBlock (C:\\Users\\Cozapry\\node_modules\\jest-circus\\build\\jestAdapterInit.js:857:11)\n    at run (C:\\Users\\Cozapry\\node_modules\\jest-circus\\build\\jestAdapterInit.js:761:3)\n    at runAndTransformResultsToJestFormat (C:\\Users\\Cozapry\\node_modules\\jest-circus\\build\\jestAdapterInit.js:1918:21)\n    at jestAdapter (C:\\Users\\Cozapry\\node_modules\\jest-circus\\build\\runner.js:101:19)\n    at runTestInternal (C:\\Users\\Cozapry\\node_modules\\jest-runner\\build\\index.js:275:16)\n    at runTest (C:\\Users\\Cozapry\\node_modules\\jest-runner\\build\\index.js:343:7)"],"fullName":"JWT Helper verifyToken should verify a valid token","invocations":1,"location":null,"numPassingAsserts":0,"retryReasons":[],"startAt":1777387775953,"status":"failed","title":"should verify a valid token"},{"ancestorTitles":["JWT Helper","verifyToken"],"duration":19,"failing":false,"failureDetails":[],"failureMessages":[],"fullName":"JWT Helper verifyToken should throw error for invalid token","invocations":1,"location":null,"numPassingAsserts":1,"retryReasons":[],"startAt":1777387775964,"status":"passed","title":"should throw error for invalid token"},{"ancestorTitles":["JWT Helper","verifyToken"],"duration":2,"failing":false,"failureDetails":[{}],"failureMessages":["Error: secretOrPrivateKey must have a value\n    at Object.module.exports [as sign] (C:\\Users\\Cozapry\\Desktop\\Phase2\\week3\\individualProject\\individual-project-anpray\\server\\node_modules\\jsonwebtoken\\sign.js:111:20)\n    at sign (C:\\Users\\Cozapry\\Desktop\\Phase2\\week3\\individualProject\\individual-project-anpray\\server\\helpers\\jwt.js:4:16)\n    at Object.signToken (C:\\Users\\Cozapry\\Desktop\\Phase2\\week3\\individualProject\\individual-project-anpray\\server\\__tests__\\Helpers.test.js:65:21)\n    at Promise.finally.completed (C:\\Users\\Cozapry\\node_modules\\jest-circus\\build\\jestAdapterInit.js:1557:28)\n    at new Promise (<anonymous>)\n    at callAsyncCircusFn (C:\\Users\\Cozapry\\node_modules\\jest-circus\\build\\jestAdapterInit.js:1497:10)\n    at _callCircusTest (C:\\Users\\Cozapry\\node_modules\\jest-circus\\build\\jestAdapterInit.js:1007:40)\n    at _runTest (C:\\Users\\Cozapry\\node_modules\\jest-circus\\build\\jestAdapterInit.js:947:3)\n    at C:\\Users\\Cozapry\\node_modules\\jest-circus\\build\\jestAdapterInit.js:849:7\n    at _runTestsForDescribeBlock (C:\\Users\\Cozapry\\node_modules\\jest-circus\\build\\jestAdapterInit.js:862:11)\n    at _runTestsForDescribeBlock (C:\\Users\\Cozapry\\node_modules\\jest-circus\\build\\jestAdapterInit.js:857:11)\n    at _runTestsForDescribeBlock (C:\\Users\\Cozapry\\node_modules\\jest-circus\\build\\jestAdapterInit.js:857:11)\n    at run (C:\\Users\\Cozapry\\node_modules\\jest-circus\\build\\jestAdapterInit.js:761:3)\n    at runAndTransformResultsToJestFormat (C:\\Users\\Cozapry\\node_modules\\jest-circus\\build\\jestAdapterInit.js:1918:21)\n    at jestAdapter (C:\\Users\\Cozapry\\node_modules\\jest-circus\\build\\runner.js:101:19)\n    at runTestInternal (C:\\Users\\Cozapry\\node_modules\\jest-runner\\build\\index.js:275:16)\n    at runTest (C:\\Users\\Cozapry\\node_modules\\jest-runner\\build\\index.js:343:7)"],"fullName":"JWT Helper verifyToken should throw error for tampered token","invocations":1,"location":null,"numPassingAsserts":0,"retryReasons":[],"startAt":1777387775987,"status":"failed","title":"should throw error for tampered token"},{"ancestorTitles":["JWT Helper","verifyToken"],"duration":5,"failing":false,"failureDetails":[],"failureMessages":[],"fullName":"JWT Helper verifyToken should throw error for empty string token","invocations":1,"location":null,"numPassingAsserts":1,"retryReasons":[],"startAt":1777387775993,"status":"passed","title":"should throw error for empty string token"},{"ancestorTitles":["Bcrypt Helper","hashPassword"],"duration":651,"failing":false,"failureDetails":[],"failureMessages":[],"fullName":"Bcrypt Helper hashPassword should hash a password","invocations":1,"location":null,"numPassingAsserts":3,"retryReasons":[],"startAt":1777387776004,"status":"passed","title":"should hash a password"},{"ancestorTitles":["Bcrypt Helper","hashPassword"],"duration":1037,"failing":false,"failureDetails":[],"failureMessages":[],"fullName":"Bcrypt Helper hashPassword should hash the same password to different results","invocations":1,"location":null,"numPassingAsserts":1,"retryReasons":[],"startAt":1777387776658,"status":"passed","title":"should hash the same password to different results"},{"ancestorTitles":["Bcrypt Helper","hashPassword"],"duration":422,"failing":false,"failureDetails":[],"failureMessages":[],"fullName":"Bcrypt Helper hashPassword should handle long passwords","invocations":1,"location":null,"numPassingAsserts":2,"retryReasons":[],"startAt":1777387777700,"status":"passed","title":"should handle long passwords"},{"ancestorTitles":["Bcrypt Helper","hashPassword"],"duration":489,"failing":false,"failureDetails":[],"failureMessages":[],"fullName":"Bcrypt Helper hashPassword should handle special characters","invocations":1,"location":null,"numPassingAsserts":1,"retryReasons":[],"startAt":1777387778130,"status":"passed","title":"should handle special characters"},{"ancestorTitles":["Bcrypt Helper","comparePassword"],"duration":874,"failing":false,"failureDetails":[],"failureMessages":[],"fullName":"Bcrypt Helper comparePassword should return true for matching password","invocations":1,"location":null,"numPassingAsserts":1,"retryReasons":[],"startAt":1777387778623,"status":"passed","title":"should return true for matching password"},{"ancestorTitles":["Bcrypt Helper","comparePassword"],"duration":1057,"failing":false,"failureDetails":[],"failureMessages":[],"fullName":"Bcrypt Helper comparePassword should return false for non-matching password","invocations":1,"location":null,"numPassingAsserts":1,"retryReasons":[],"startAt":1777387779502,"status":"passed","title":"should return false for non-matching password"},{"ancestorTitles":["Bcrypt Helper","comparePassword"],"duration":787,"failing":false,"failureDetails":[],"failureMessages":[],"fullName":"Bcrypt Helper comparePassword should return false for empty password against hash","invocations":1,"location":null,"numPassingAsserts":1,"retryReasons":[],"startAt":1777387780562,"status":"passed","title":"should return false for empty password against hash"},{"ancestorTitles":["Bcrypt Helper","comparePassword"],"duration":924,"failing":false,"failureDetails":[],"failureMessages":[],"fullName":"Bcrypt Helper comparePassword should be case-sensitive","invocations":1,"location":null,"numPassingAsserts":1,"retryReasons":[],"startAt":1777387781352,"status":"passed","title":"should be case-sensitive"}],"endTime":1777387782493,"message":"\u001b[1m\u001b[31m  \u001b[1m● \u001b[22m\u001b[1mJWT Helper › signToken › should generate a valid JWT token\u001b[39m\u001b[22m\n\n    secretOrPrivateKey must have a value\n\u001b[2m\u001b[22m\n\u001b[2m    \u001b[0m \u001b[90m 2 |\u001b[39m\u001b[22m\n\u001b[2m     \u001b[90m 3 |\u001b[39m \u001b[36mconst\u001b[39m signToken \u001b[33m=\u001b[39m (payload) \u001b[33m=>\u001b[39m {\u001b[22m\n\u001b[2m    \u001b[31m\u001b[1m>\u001b[22m\u001b[2m\u001b[39m\u001b[90m 4 |\u001b[39m     \u001b[36mreturn\u001b[39m jwt\u001b[33m.\u001b[39msign(payload\u001b[33m,\u001b[39m process\u001b[33m.\u001b[39menv\u001b[33m.\u001b[39m\u001b[33mSECRET_KEY\u001b[39m)\u001b[33m;\u001b[39m\u001b[22m\n\u001b[2m     \u001b[90m   |\u001b[39m                \u001b[31m\u001b[1m^\u001b[22m\u001b[2m\u001b[39m\u001b[22m\n\u001b[2m     \u001b[90m 5 |\u001b[39m }\u001b[22m\n\u001b[2m     \u001b[90m 6 |\u001b[39m\u001b[22m\n\u001b[2m     \u001b[90m 7 |\u001b[39m \u001b[36mconst\u001b[39m verifyToken \u001b[33m=\u001b[39m (token) \u001b[33m=>\u001b[39m {\u001b[0m\u001b[22m\n\u001b[2m\u001b[22m\n\u001b[2m      \u001b[2mat Object.module.exports [as sign] (\u001b[22m\u001b[2mnode_modules/jsonwebtoken/sign.js\u001b[2m:111:20)\u001b[22m\u001b[2m\u001b[22m\n\u001b[2m      \u001b[2mat sign (\u001b[22m\u001b[2mhelpers/jwt.js\u001b[2m:4:16)\u001b[22m\u001b[2m\u001b[22m\n\u001b[2m      \u001b[2mat Object.signToken (\u001b[22m\u001b[2m\u001b[0m\u001b[36m__tests__/Helpers.test.js\u001b[39m\u001b[0m\u001b[2m:13:21)\u001b[22m\u001b[2m\u001b[22m\n\n\u001b[1m\u001b[31m  \u001b[1m● \u001b[22m\u001b[1mJWT Helper › signToken › should generate different tokens for different payloads\u001b[39m\u001b[22m\n\n    secretOrPrivateKey must have a value\n\u001b[2m\u001b[22m\n\u001b[2m    \u001b[0m \u001b[90m 2 |\u001b[39m\u001b[22m\n\u001b[2m     \u001b[90m 3 |\u001b[39m \u001b[36mconst\u001b[39m signToken \u001b[33m=\u001b[39m (payload) \u001b[33m=>\u001b[39m {\u001b[22m\n\u001b[2m    \u001b[31m\u001b[1m>\u001b[22m\u001b[2m\u001b[39m\u001b[90m 4 |\u001b[39m     \u001b[36mreturn\u001b[39m jwt\u001b[33m.\u001b[39msign(payload\u001b[33m,\u001b[39m process\u001b[33m.\u001b[39menv\u001b[33m.\u001b[39m\u001b[33mSECRET_KEY\u001b[39m)\u001b[33m;\u001b[39m\u001b[22m\n\u001b[2m     \u001b[90m   |\u001b[39m                \u001b[31m\u001b[1m^\u001b[22m\u001b[2m\u001b[39m\u001b[22m\n\u001b[2m     \u001b[90m 5 |\u001b[39m }\u001b[22m\n\u001b[2m     \u001b[90m 6 |\u001b[39m\u001b[22m\n\u001b[2m     \u001b[90m 7 |\u001b[39m \u001b[36mconst\u001b[39m verifyToken \u001b[33m=\u001b[39m (token) \u001b[33m=>\u001b[39m {\u001b[0m\u001b[22m\n\u001b[2m\u001b[22m\n\u001b[2m      \u001b[2mat Object.module.exports [as sign] (\u001b[22m\u001b[2mnode_modules/jsonwebtoken/sign.js\u001b[2m:111:20)\u001b[22m\u001b[2m\u001b[22m\n\u001b[2m      \u001b[2mat sign (\u001b[22m\u001b[2mhelpers/jwt.js\u001b[2m:4:16)\u001b[22m\u001b[2m\u001b[22m\n\u001b[2m      \u001b[2mat Object.signToken (\u001b[22m\u001b[2m\u001b[0m\u001b[36m__tests__/Helpers.test.js\u001b[39m\u001b[0m\u001b[2m:24:22)\u001b[22m\u001b[2m\u001b[22m\n\n\u001b[1m\u001b[31m  \u001b[1m● \u001b[22m\u001b[1mJWT Helper › signToken › should handle empty payload\u001b[39m\u001b[22m\n\n    secretOrPrivateKey must have a value\n\u001b[2m\u001b[22m\n\u001b[2m    \u001b[0m \u001b[90m 2 |\u001b[39m\u001b[22m\n\u001b[2m     \u001b[90m 3 |\u001b[39m \u001b[36mconst\u001b[39m signToken \u001b[33m=\u001b[39m (payload) \u001b[33m=>\u001b[39m {\u001b[22m\n\u001b[2m    \u001b[31m\u001b[1m>\u001b[22m\u001b[2m\u001b[39m\u001b[90m 4 |\u001b[39m     \u001b[36mreturn\u001b[39m jwt\u001b[33m.\u001b[39msign(payload\u001b[33m,\u001b[39m process\u001b[33m.\u001b[39menv\u001b[33m.\u001b[39m\u001b[33mSECRET_KEY\u001b[39m)\u001b[33m;\u001b[39m\u001b[22m\n\u001b[2m     \u001b[90m   |\u001b[39m                \u001b[31m\u001b[1m^\u001b[22m\u001b[2m\u001b[39m\u001b[22m\n\u001b[2m     \u001b[90m 5 |\u001b[39m }\u001b[22m\n\u001b[2m     \u001b[90m 6 |\u001b[39m\u001b[22m\n\u001b[2m     \u001b[90m 7 |\u001b[39m \u001b[36mconst\u001b[39m verifyToken \u001b[33m=\u001b[39m (token) \u001b[33m=>\u001b[39m {\u001b[0m\u001b[22m\n\u001b[2m\u001b[22m\n\u001b[2m      \u001b[2mat Object.module.exports [as sign] (\u001b[22m\u001b[2mnode_modules/jsonwebtoken/sign.js\u001b[2m:111:20)\u001b[22m\u001b[2m\u001b[22m\n\u001b[2m      \u001b[2mat sign (\u001b[22m\u001b[2mhelpers/jwt.js\u001b[2m:4:16)\u001b[22m\u001b[2m\u001b[22m\n\u001b[2m      \u001b[2mat Object.signToken (\u001b[22m\u001b[2m\u001b[0m\u001b[36m__tests__/Helpers.test.js\u001b[39m\u001b[0m\u001b[2m:31:21)\u001b[22m\u001b[2m\u001b[22m\n\n\u001b[1m\u001b[31m  \u001b[1m● \u001b[22m\u001b[1mJWT Helper › verifyToken › should verify a valid token\u001b[39m\u001b[22m\n\n    secretOrPrivateKey must have a value\n\u001b[2m\u001b[22m\n\u001b[2m    \u001b[0m \u001b[90m 2 |\u001b[39m\u001b[22m\n\u001b[2m     \u001b[90m 3 |\u001b[39m \u001b[36mconst\u001b[39m signToken \u001b[33m=\u001b[39m (payload) \u001b[33m=>\u001b[39m {\u001b[22m\n\u001b[2m    \u001b[31m\u001b[1m>\u001b[22m\u001b[2m\u001b[39m\u001b[90m 4 |\u001b[39m     \u001b[36mreturn\u001b[39m jwt\u001b[33m.\u001b[39msign(payload\u001b[33m,\u001b[39m process\u001b[33m.\u001b[39menv\u001b[33m.\u001b[39m\u001b[33mSECRET_KEY\u001b[39m)\u001b[33m;\u001b[39m\u001b[22m\n\u001b[2m     \u001b[90m   |\u001b[39m                \u001b[31m\u001b[1m^\u001b[22m\u001b[2m\u001b[39m\u001b[22m\n\u001b[2m     \u001b[90m 5 |\u001b[39m }\u001b[22m\n\u001b[2m     \u001b[90m 6 |\u001b[39m\u001b[22m\n\u001b[2m     \u001b[90m 7 |\u001b[39m \u001b[36mconst\u001b[39m verifyToken \u001b[33m=\u001b[39m (token) \u001b[33m=>\u001b[39m {\u001b[0m\u001b[22m\n\u001b[2m\u001b[22m\n\u001b[2m      \u001b[2mat Object.module.exports [as sign] (\u001b[22m\u001b[2mnode_modules/jsonwebtoken/sign.js\u001b[2m:111:20)\u001b[22m\u001b[2m\u001b[22m\n\u001b[2m      \u001b[2mat sign (\u001b[22m\u001b[2mhelpers/jwt.js\u001b[2m:4:16)\u001b[22m\u001b[2m\u001b[22m\n\u001b[2m      \u001b[2mat Object.signToken (\u001b[22m\u001b[2m\u001b[0m\u001b[36m__tests__/Helpers.test.js\u001b[39m\u001b[0m\u001b[2m:46:21)\u001b[22m\u001b[2m\u001b[22m\n\n\u001b[1m\u001b[31m  \u001b[1m● \u001b[22m\u001b[1mJWT Helper › verifyToken › should throw error for tampered token\u001b[39m\u001b[22m\n\n    secretOrPrivateKey must have a value\n\u001b[2m\u001b[22m\n\u001b[2m    \u001b[0m \u001b[90m 2 |\u001b[39m\u001b[22m\n\u001b[2m     \u001b[90m 3 |\u001b[39m \u001b[36mconst\u001b[39m signToken \u001b[33m=\u001b[39m (payload) \u001b[33m=>\u001b[39m {\u001b[22m\n\u001b[2m    \u001b[31m\u001b[1m>\u001b[22m\u001b[2m\u001b[39m\u001b[90m 4 |\u001b[39m     \u001b[36mreturn\u001b[39m jwt\u001b[33m.\u001b[39msign(payload\u001b[33m,\u001b[39m process\u001b[33m.\u001b[39menv\u001b[33m.\u001b[39m\u001b[33mSECRET_KEY\u001b[39m)\u001b[33m;\u001b[39m\u001b[22m\n\u001b[2m     \u001b[90m   |\u001b[39m                \u001b[31m\u001b[1m^\u001b[22m\u001b[2m\u001b[39m\u001b[22m\n\u001b[2m     \u001b[90m 5 |\u001b[39m }\u001b[22m\n\u001b[2m     \u001b[90m 6 |\u001b[39m\u001b[22m\n\u001b[2m     \u001b[90m 7 |\u001b[39m \u001b[36mconst\u001b[39m verifyToken \u001b[33m=\u001b[39m (token) \u001b[33m=>\u001b[39m {\u001b[0m\u001b[22m\n\u001b[2m\u001b[22m\n\u001b[2m      \u001b[2mat Object.module.exports [as sign] (\u001b[22m\u001b[2mnode_modules/jsonwebtoken/sign.js\u001b[2m:111:20)\u001b[22m\u001b[2m\u001b[22m\n\u001b[2m      \u001b[2mat sign (\u001b[22m\u001b[2mhelpers/jwt.js\u001b[2m:4:16)\u001b[22m\u001b[2m\u001b[22m\n\u001b[2m      \u001b[2mat Object.signToken (\u001b[22m\u001b[2m\u001b[0m\u001b[36m__tests__/Helpers.test.js\u001b[39m\u001b[0m\u001b[2m:65:21)\u001b[22m\u001b[2m\u001b[22m\n","name":"C:\\Users\\Cozapry\\Desktop\\Phase2\\week3\\individualProject\\individual-project-anpray\\server\\__tests__\\Helpers.test.js","startTime":1777387772909,"status":"failed","summary":""},{"assertionResults":[{"ancestorTitles":["Authentication Middleware","authentication"],"duration":32,"failing":false,"failureDetails":[{"matcherResult":{"expected":{"id":1,"email":"test@example.com"},"message":"\u001b[2mexpect(\u001b[22m\u001b[31mreceived\u001b[39m\u001b[2m).\u001b[22mtoEqual\u001b[2m(\u001b[22m\u001b[32mexpected\u001b[39m\u001b[2m) // deep equality\u001b[22m\n\nExpected: \u001b[32m{\"email\": \"test@example.com\", \"id\": 1}\u001b[39m\nReceived: \u001b[31mundefined\u001b[39m","name":"toEqual","pass":false}}],"failureMessages":["Error: \u001b[2mexpect(\u001b[22m\u001b[31mreceived\u001b[39m\u001b[2m).\u001b[22mtoEqual\u001b[2m(\u001b[22m\u001b[32mexpected\u001b[39m\u001b[2m) // deep equality\u001b[22m\n\nExpected: \u001b[32m{\"email\": \"test@example.com\", \"id\": 1}\u001b[39m\nReceived: \u001b[31mundefined\u001b[39m\n    at Object.toEqual (C:\\Users\\Cozapry\\Desktop\\Phase2\\week3\\individualProject\\individual-project-anpray\\server\\__tests__\\Middleware.test.js:38:24)"],"fullName":"Authentication Middleware authentication should authenticate with valid token","invocations":1,"location":null,"numPassingAsserts":1,"retryReasons":[],"startAt":1777387783208,"status":"failed","title":"should authenticate with valid token"},{"ancestorTitles":["Authentication Middleware","authentication"],"duration":6,"failing":false,"failureDetails":[],"failureMessages":[],"fullName":"Authentication Middleware authentication should fail without authorization header","invocations":1,"location":null,"numPassingAsserts":1,"retryReasons":[],"startAt":1777387783280,"status":"passed","title":"should fail without authorization header"},{"ancestorTitles":["Authentication Middleware","authentication"],"duration":5,"failing":false,"failureDetails":[],"failureMessages":[],"fullName":"Authentication Middleware authentication should fail with invalid token format","invocations":1,"location":null,"numPassingAsserts":1,"retryReasons":[],"startAt":1777387783298,"status":"passed","title":"should fail with invalid token format"},{"ancestorTitles":["Authentication Middleware","authentication"],"duration":3,"failing":false,"failureDetails":[],"failureMessages":[],"fullName":"Authentication Middleware authentication should fail with expired token","invocations":1,"location":null,"numPassingAsserts":1,"retryReasons":[],"startAt":1777387783309,"status":"passed","title":"should fail with expired token"},{"ancestorTitles":["Authentication Middleware","authentication"],"duration":6,"failing":false,"failureDetails":[],"failureMessages":[],"fullName":"Authentication Middleware authentication should handle missing user in database","invocations":1,"location":null,"numPassingAsserts":1,"retryReasons":[],"startAt":1777387783315,"status":"passed","title":"should handle missing user in database"},{"ancestorTitles":["Authentication Middleware","authorization"],"duration":2,"failing":false,"failureDetails":[{}],"failureMessages":["TypeError: authorization is not a function\n    at Object.authorization (C:\\Users\\Cozapry\\Desktop\\Phase2\\week3\\individualProject\\individual-project-anpray\\server\\__tests__\\Middleware.test.js:112:30)\n    at Promise.finally.completed (C:\\Users\\Cozapry\\node_modules\\jest-circus\\build\\jestAdapterInit.js:1549:26)\n    at new Promise (<anonymous>)\n    at callAsyncCircusFn (C:\\Users\\Cozapry\\node_modules\\jest-circus\\build\\jestAdapterInit.js:1497:10)\n    at _callCircusTest (C:\\Users\\Cozapry\\node_modules\\jest-circus\\build\\jestAdapterInit.js:1007:40)\n    at _runTest (C:\\Users\\Cozapry\\node_modules\\jest-circus\\build\\jestAdapterInit.js:947:3)\n    at C:\\Users\\Cozapry\\node_modules\\jest-circus\\build\\jestAdapterInit.js:849:7\n    at _runTestsForDescribeBlock (C:\\Users\\Cozapry\\node_modules\\jest-circus\\build\\jestAdapterInit.js:862:11)\n    at _runTestsForDescribeBlock (C:\\Users\\Cozapry\\node_modules\\jest-circus\\build\\jestAdapterInit.js:857:11)\n    at _runTestsForDescribeBlock (C:\\Users\\Cozapry\\node_modules\\jest-circus\\build\\jestAdapterInit.js:857:11)\n    at run (C:\\Users\\Cozapry\\node_modules\\jest-circus\\build\\jestAdapterInit.js:761:3)\n    at runAndTransformResultsToJestFormat (C:\\Users\\Cozapry\\node_modules\\jest-circus\\build\\jestAdapterInit.js:1918:21)\n    at jestAdapter (C:\\Users\\Cozapry\\node_modules\\jest-circus\\build\\runner.js:101:19)\n    at runTestInternal (C:\\Users\\Cozapry\\node_modules\\jest-runner\\build\\index.js:275:16)\n    at runTest (C:\\Users\\Cozapry\\node_modules\\jest-runner\\build\\index.js:343:7)"],"fullName":"Authentication Middleware authorization should authorize user with correct role","invocations":1,"location":null,"numPassingAsserts":0,"retryReasons":[],"startAt":1777387783327,"status":"failed","title":"should authorize user with correct role"},{"ancestorTitles":["Authentication Middleware","authorization"],"duration":3,"failing":false,"failureDetails":[{}],"failureMessages":["TypeError: authorization is not a function\n    at Object.authorization (C:\\Users\\Cozapry\\Desktop\\Phase2\\week3\\individualProject\\individual-project-anpray\\server\\__tests__\\Middleware.test.js:122:30)\n    at Promise.finally.completed (C:\\Users\\Cozapry\\node_modules\\jest-circus\\build\\jestAdapterInit.js:1549:26)\n    at new Promise (<anonymous>)\n    at callAsyncCircusFn (C:\\Users\\Cozapry\\node_modules\\jest-circus\\build\\jestAdapterInit.js:1497:10)\n    at _callCircusTest (C:\\Users\\Cozapry\\node_modules\\jest-circus\\build\\jestAdapterInit.js:1007:40)\n    at _runTest (C:\\Users\\Cozapry\\node_modules\\jest-circus\\build\\jestAdapterInit.js:947:3)\n    at C:\\Users\\Cozapry\\node_modules\\jest-circus\\build\\jestAdapterInit.js:849:7\n    at _runTestsForDescribeBlock (C:\\Users\\Cozapry\\node_modules\\jest-circus\\build\\jestAdapterInit.js:862:11)\n    at _runTestsForDescribeBlock (C:\\Users\\Cozapry\\node_modules\\jest-circus\\build\\jestAdapterInit.js:857:11)\n    at _runTestsForDescribeBlock (C:\\Users\\Cozapry\\node_modules\\jest-circus\\build\\jestAdapterInit.js:857:11)\n    at run (C:\\Users\\Cozapry\\node_modules\\jest-circus\\build\\jestAdapterInit.js:761:3)\n    at runAndTransformResultsToJestFormat (C:\\Users\\Cozapry\\node_modules\\jest-circus\\build\\jestAdapterInit.js:1918:21)\n    at jestAdapter (C:\\Users\\Cozapry\\node_modules\\jest-circus\\build\\runner.js:101:19)\n    at runTestInternal (C:\\Users\\Cozapry\\node_modules\\jest-runner\\build\\index.js:275:16)\n    at runTest (C:\\Users\\Cozapry\\node_modules\\jest-runner\\build\\index.js:343:7)"],"fullName":"Authentication Middleware authorization should deny user with wrong role","invocations":1,"location":null,"numPassingAsserts":0,"retryReasons":[],"startAt":1777387783341,"status":"failed","title":"should deny user with wrong role"},{"ancestorTitles":["Authentication Middleware","authorization"],"duration":2,"failing":false,"failureDetails":[{}],"failureMessages":["TypeError: authorization is not a function\n    at Object.authorization (C:\\Users\\Cozapry\\Desktop\\Phase2\\week3\\individualProject\\individual-project-anpray\\server\\__tests__\\Middleware.test.js:132:30)\n    at Promise.finally.completed (C:\\Users\\Cozapry\\node_modules\\jest-circus\\build\\jestAdapterInit.js:1549:26)\n    at new Promise (<anonymous>)\n    at callAsyncCircusFn (C:\\Users\\Cozapry\\node_modules\\jest-circus\\build\\jestAdapterInit.js:1497:10)\n    at _callCircusTest (C:\\Users\\Cozapry\\node_modules\\jest-circus\\build\\jestAdapterInit.js:1007:40)\n    at _runTest (C:\\Users\\Cozapry\\node_modules\\jest-circus\\build\\jestAdapterInit.js:947:3)\n    at C:\\Users\\Cozapry\\node_modules\\jest-circus\\build\\jestAdapterInit.js:849:7\n    at _runTestsForDescribeBlock (C:\\Users\\Cozapry\\node_modules\\jest-circus\\build\\jestAdapterInit.js:862:11)\n    at _runTestsForDescribeBlock (C:\\Users\\Cozapry\\node_modules\\jest-circus\\build\\jestAdapterInit.js:857:11)\n    at _runTestsForDescribeBlock (C:\\Users\\Cozapry\\node_modules\\jest-circus\\build\\jestAdapterInit.js:857:11)\n    at run (C:\\Users\\Cozapry\\node_modules\\jest-circus\\build\\jestAdapterInit.js:761:3)\n    at runAndTransformResultsToJestFormat (C:\\Users\\Cozapry\\node_modules\\jest-circus\\build\\jestAdapterInit.js:1918:21)\n    at jestAdapter (C:\\Users\\Cozapry\\node_modules\\jest-circus\\build\\runner.js:101:19)\n    at runTestInternal (C:\\Users\\Cozapry\\node_modules\\jest-runner\\build\\index.js:275:16)\n    at runTest (C:\\Users\\Cozapry\\node_modules\\jest-runner\\build\\index.js:343:7)"],"fullName":"Authentication Middleware authorization should deny request without user","invocations":1,"location":null,"numPassingAsserts":0,"retryReasons":[],"startAt":1777387783350,"status":"failed","title":"should deny request without user"},{"ancestorTitles":["Authentication Middleware","authorization"],"duration":2,"failing":false,"failureDetails":[{}],"failureMessages":["TypeError: authorization is not a function\n    at Object.authorization (C:\\Users\\Cozapry\\Desktop\\Phase2\\week3\\individualProject\\individual-project-anpray\\server\\__tests__\\Middleware.test.js:142:33)\n    at Promise.finally.completed (C:\\Users\\Cozapry\\node_modules\\jest-circus\\build\\jestAdapterInit.js:1549:26)\n    at new Promise (<anonymous>)\n    at callAsyncCircusFn (C:\\Users\\Cozapry\\node_modules\\jest-circus\\build\\jestAdapterInit.js:1497:10)\n    at _callCircusTest (C:\\Users\\Cozapry\\node_modules\\jest-circus\\build\\jestAdapterInit.js:1007:40)\n    at _runTest (C:\\Users\\Cozapry\\node_modules\\jest-circus\\build\\jestAdapterInit.js:947:3)\n    at C:\\Users\\Cozapry\\node_modules\\jest-circus\\build\\jestAdapterInit.js:849:7\n    at _runTestsForDescribeBlock (C:\\Users\\Cozapry\\node_modules\\jest-circus\\build\\jestAdapterInit.js:862:11)\n    at _runTestsForDescribeBlock (C:\\Users\\Cozapry\\node_modules\\jest-circus\\build\\jestAdapterInit.js:857:11)\n    at _runTestsForDescribeBlock (C:\\Users\\Cozapry\\node_modules\\jest-circus\\build\\jestAdapterInit.js:857:11)\n    at run (C:\\Users\\Cozapry\\node_modules\\jest-circus\\build\\jestAdapterInit.js:761:3)\n    at runAndTransformResultsToJestFormat (C:\\Users\\Cozapry\\node_modules\\jest-circus\\build\\jestAdapterInit.js:1918:21)\n    at jestAdapter (C:\\Users\\Cozapry\\node_modules\\jest-circus\\build\\runner.js:101:19)\n    at runTestInternal (C:\\Users\\Cozapry\\node_modules\\jest-runner\\build\\index.js:275:16)\n    at runTest (C:\\Users\\Cozapry\\node_modules\\jest-runner\\build\\index.js:343:7)"],"fullName":"Authentication Middleware authorization should support multiple roles","invocations":1,"location":null,"numPassingAsserts":0,"retryReasons":[],"startAt":1777387783358,"status":"failed","title":"should support multiple roles"}],"endTime":1777387783449,"message":"\u001b[1m\u001b[31m  \u001b[1m● \u001b[22m\u001b[1mAuthentication Middleware › authentication › should authenticate with valid token\u001b[39m\u001b[22m\n\n    \u001b[2mexpect(\u001b[22m\u001b[31mreceived\u001b[39m\u001b[2m).\u001b[22mtoEqual\u001b[2m(\u001b[22m\u001b[32mexpected\u001b[39m\u001b[2m) // deep equality\u001b[22m\n\n    Expected: \u001b[32m{\"email\": \"test@example.com\", \"id\": 1}\u001b[39m\n    Received: \u001b[31mundefined\u001b[39m\n\u001b[2m\u001b[22m\n\u001b[2m    \u001b[0m \u001b[90m 36 |\u001b[39m\u001b[22m\n\u001b[2m     \u001b[90m 37 |\u001b[39m       expect(verifyToken)\u001b[33m.\u001b[39mtoHaveBeenCalledWith(token)\u001b[33m;\u001b[39m\u001b[22m\n\u001b[2m    \u001b[31m\u001b[1m>\u001b[22m\u001b[2m\u001b[39m\u001b[90m 38 |\u001b[39m       expect(req\u001b[33m.\u001b[39muser)\u001b[33m.\u001b[39mtoEqual(decoded)\u001b[33m;\u001b[39m\u001b[22m\n\u001b[2m     \u001b[90m    |\u001b[39m                        \u001b[31m\u001b[1m^\u001b[22m\u001b[2m\u001b[39m\u001b[22m\n\u001b[2m     \u001b[90m 39 |\u001b[39m       expect(next)\u001b[33m.\u001b[39mtoHaveBeenCalled()\u001b[33m;\u001b[39m\u001b[22m\n\u001b[2m     \u001b[90m 40 |\u001b[39m     })\u001b[33m;\u001b[39m\u001b[22m\n\u001b[2m     \u001b[90m 41 |\u001b[39m\u001b[0m\u001b[22m\n\u001b[2m\u001b[22m\n\u001b[2m      \u001b[2mat Object.toEqual (\u001b[22m\u001b[2m\u001b[0m\u001b[36m__tests__/Middleware.test.js\u001b[39m\u001b[0m\u001b[2m:38:24)\u001b[22m\u001b[2m\u001b[22m\n\n\u001b[1m\u001b[31m  \u001b[1m● \u001b[22m\u001b[1mAuthentication Middleware › authorization › should authorize user with correct role\u001b[39m\u001b[22m\n\n    TypeError: authorization is not a function\n\u001b[2m\u001b[22m\n\u001b[2m    \u001b[0m \u001b[90m 110 |\u001b[39m       req\u001b[33m.\u001b[39muser \u001b[33m=\u001b[39m { id\u001b[33m:\u001b[39m \u001b[35m1\u001b[39m\u001b[33m,\u001b[39m role\u001b[33m:\u001b[39m \u001b[32m\"admin\"\u001b[39m }\u001b[33m;\u001b[39m\u001b[22m\n\u001b[2m     \u001b[90m 111 |\u001b[39m\u001b[22m\n\u001b[2m    \u001b[31m\u001b[1m>\u001b[22m\u001b[2m\u001b[39m\u001b[90m 112 |\u001b[39m       \u001b[36mconst\u001b[39m authorizeAdmin \u001b[33m=\u001b[39m authorization(\u001b[32m\"admin\"\u001b[39m)\u001b[33m;\u001b[39m\u001b[22m\n\u001b[2m     \u001b[90m     |\u001b[39m                              \u001b[31m\u001b[1m^\u001b[22m\u001b[2m\u001b[39m\u001b[22m\n\u001b[2m     \u001b[90m 113 |\u001b[39m       authorizeAdmin(req\u001b[33m,\u001b[39m res\u001b[33m,\u001b[39m next)\u001b[33m;\u001b[39m\u001b[22m\n\u001b[2m     \u001b[90m 114 |\u001b[39m\u001b[22m\n\u001b[2m     \u001b[90m 115 |\u001b[39m       expect(next)\u001b[33m.\u001b[39mtoHaveBeenCalled()\u001b[33m;\u001b[39m\u001b[0m\u001b[22m\n\u001b[2m\u001b[22m\n\u001b[2m      \u001b[2mat Object.authorization (\u001b[22m\u001b[2m\u001b[0m\u001b[36m__tests__/Middleware.test.js\u001b[39m\u001b[0m\u001b[2m:112:30)\u001b[22m\u001b[2m\u001b[22m\n\n\u001b[1m\u001b[31m  \u001b[1m● \u001b[22m\u001b[1mAuthentication Middleware › authorization › should deny user with wrong role\u001b[39m\u001b[22m\n\n    TypeError: authorization is not a function\n\u001b[2m\u001b[22m\n\u001b[2m    \u001b[0m \u001b[90m 120 |\u001b[39m       req\u001b[33m.\u001b[39muser \u001b[33m=\u001b[39m { id\u001b[33m:\u001b[39m \u001b[35m1\u001b[39m\u001b[33m,\u001b[39m role\u001b[33m:\u001b[39m \u001b[32m\"user\"\u001b[39m }\u001b[33m;\u001b[39m\u001b[22m\n\u001b[2m     \u001b[90m 121 |\u001b[39m\u001b[22m\n\u001b[2m    \u001b[31m\u001b[1m>\u001b[22m\u001b[2m\u001b[39m\u001b[90m 122 |\u001b[39m       \u001b[36mconst\u001b[39m authorizeAdmin \u001b[33m=\u001b[39m authorization(\u001b[32m\"admin\"\u001b[39m)\u001b[33m;\u001b[39m\u001b[22m\n\u001b[2m     \u001b[90m     |\u001b[39m                              \u001b[31m\u001b[1m^\u001b[22m\u001b[2m\u001b[39m\u001b[22m\n\u001b[2m     \u001b[90m 123 |\u001b[39m       authorizeAdmin(req\u001b[33m,\u001b[39m res\u001b[33m,\u001b[39m next)\u001b[33m;\u001b[39m\u001b[22m\n\u001b[2m     \u001b[90m 124 |\u001b[39m\u001b[22m\n\u001b[2m     \u001b[90m 125 |\u001b[39m       expect(next)\u001b[33m.\u001b[39mtoHaveBeenCalledWith(expect\u001b[33m.\u001b[39many(\u001b[33mObject\u001b[39m))\u001b[33m;\u001b[39m\u001b[0m\u001b[22m\n\u001b[2m\u001b[22m\n\u001b[2m      \u001b[2mat Object.authorization (\u001b[22m\u001b[2m\u001b[0m\u001b[36m__tests__/Middleware.test.js\u001b[39m\u001b[0m\u001b[2m:122:30)\u001b[22m\u001b[2m\u001b[22m\n\n\u001b[1m\u001b[31m  \u001b[1m● \u001b[22m\u001b[1mAuthentication Middleware › authorization › should deny request without user\u001b[39m\u001b[22m\n\n    TypeError: authorization is not a function\n\u001b[2m\u001b[22m\n\u001b[2m    \u001b[0m \u001b[90m 130 |\u001b[39m       req\u001b[33m.\u001b[39muser \u001b[33m=\u001b[39m \u001b[36mnull\u001b[39m\u001b[33m;\u001b[39m\u001b[22m\n\u001b[2m     \u001b[90m 131 |\u001b[39m\u001b[22m\n\u001b[2m    \u001b[31m\u001b[1m>\u001b[22m\u001b[2m\u001b[39m\u001b[90m 132 |\u001b[39m       \u001b[36mconst\u001b[39m authorizeAdmin \u001b[33m=\u001b[39m authorization(\u001b[32m\"admin\"\u001b[39m)\u001b[33m;\u001b[39m\u001b[22m\n\u001b[2m     \u001b[90m     |\u001b[39m                              \u001b[31m\u001b[1m^\u001b[22m\u001b[2m\u001b[39m\u001b[22m\n\u001b[2m     \u001b[90m 133 |\u001b[39m       authorizeAdmin(req\u001b[33m,\u001b[39m res\u001b[33m,\u001b[39m next)\u001b[33m;\u001b[39m\u001b[22m\n\u001b[2m     \u001b[90m 134 |\u001b[39m\u001b[22m\n\u001b[2m     \u001b[90m 135 |\u001b[39m       expect(next)\u001b[33m.\u001b[39mtoHaveBeenCalledWith(expect\u001b[33m.\u001b[39many(\u001b[33mObject\u001b[39m))\u001b[33m;\u001b[39m\u001b[0m\u001b[22m\n\u001b[2m\u001b[22m\n\u001b[2m      \u001b[2mat Object.authorization (\u001b[22m\u001b[2m\u001b[0m\u001b[36m__tests__/Middleware.test.js\u001b[39m\u001b[0m\u001b[2m:132:30)\u001b[22m\u001b[2m\u001b[22m\n\n\u001b[1m\u001b[31m  \u001b[1m● \u001b[22m\u001b[1mAuthentication Middleware › authorization › should support multiple roles\u001b[39m\u001b[22m\n\n    TypeError: authorization is not a function\n\u001b[2m\u001b[22m\n\u001b[2m    \u001b[0m \u001b[90m 140 |\u001b[39m       req\u001b[33m.\u001b[39muser \u001b[33m=\u001b[39m { id\u001b[33m:\u001b[39m \u001b[35m1\u001b[39m\u001b[33m,\u001b[39m role\u001b[33m:\u001b[39m \u001b[32m\"moderator\"\u001b[39m }\u001b[33m;\u001b[39m\u001b[22m\n\u001b[2m     \u001b[90m 141 |\u001b[39m\u001b[22m\n\u001b[2m    \u001b[31m\u001b[1m>\u001b[22m\u001b[2m\u001b[39m\u001b[90m 142 |\u001b[39m       \u001b[36mconst\u001b[39m authorizeMultiple \u001b[33m=\u001b[39m authorization([\u001b[32m\"admin\"\u001b[39m\u001b[33m,\u001b[39m \u001b[32m\"moderator\"\u001b[39m])\u001b[33m;\u001b[39m\u001b[22m\n\u001b[2m     \u001b[90m     |\u001b[39m                                 \u001b[31m\u001b[1m^\u001b[22m\u001b[2m\u001b[39m\u001b[22m\n\u001b[2m     \u001b[90m 143 |\u001b[39m       authorizeMultiple(req\u001b[33m,\u001b[39m res\u001b[33m,\u001b[39m next)\u001b[33m;\u001b[39m\u001b[22m\n\u001b[2m     \u001b[90m 144 |\u001b[39m\u001b[22m\n\u001b[2m     \u001b[90m 145 |\u001b[39m       expect(next)\u001b[33m.\u001b[39mtoHaveBeenCalled()\u001b[33m;\u001b[39m\u001b[0m\u001b[22m\n\u001b[2m\u001b[22m\n\u001b[2m      \u001b[2mat Object.authorization (\u001b[22m\u001b[2m\u001b[0m\u001b[36m__tests__/Middleware.test.js\u001b[39m\u001b[0m\u001b[2m:142:33)\u001b[22m\u001b[2m\u001b[22m\n","name":"C:\\Users\\Cozapry\\Desktop\\Phase2\\week3\\individualProject\\individual-project-anpray\\server\\__tests__\\Middleware.test.js","startTime":1777387782663,"status":"failed","summary":""},{"assertionResults":[],"coverage":{},"endTime":1777387849913,"message":"  \u001b[1m● \u001b[22mTest suite failed to run\n\n    Your test suite must contain at least one test.\n\n      \u001b[2mat onResult (\u001b[22m../../../../../../node_modules/@jest/core/build/index.js\u001b[2m:1048:18)\u001b[22m\n      \u001b[2mat \u001b[22m../../../../../../node_modules/@jest/core/build/index.js\u001b[2m:1118:165\u001b[22m\n      \u001b[2mat \u001b[22m../../../../../../node_modules/emittery/index.js\u001b[2m:363:13\u001b[22m\n          at Array.map (<anonymous>)\n      \u001b[2mat Emittery.emit (\u001b[22m../../../../../../node_modules/emittery/index.js\u001b[2m:361:23)\u001b[22m\n","name":"C:\\Users\\Cozapry\\Desktop\\Phase2\\week3\\individualProject\\individual-project-anpray\\server\\__tests__\\setup.js","startTime":1777387849913,"status":"failed","summary":""},{"assertionResults":[],"coverage":{},"endTime":1777387849913,"message":"  \u001b[1m● \u001b[22mTest suite failed to run\n\n    Cannot find module '../routes/cvRoutes' from '__tests__/CvController.test.js'\n\n    \u001b[0m \u001b[90m 1 |\u001b[39m \u001b[36mconst\u001b[39m request \u001b[33m=\u001b[39m require(\u001b[32m\"supertest\"\u001b[39m)\u001b[33m;\u001b[39m\n     \u001b[90m 2 |\u001b[39m \u001b[36mconst\u001b[39m express \u001b[33m=\u001b[39m require(\u001b[32m\"express\"\u001b[39m)\u001b[33m;\u001b[39m\n    \u001b[31m\u001b[1m>\u001b[22m\u001b[39m\u001b[90m 3 |\u001b[39m \u001b[36mconst\u001b[39m router \u001b[33m=\u001b[39m require(\u001b[32m\"../routes/cvRoutes\"\u001b[39m)\u001b[33m;\u001b[39m\n     \u001b[90m   |\u001b[39m                \u001b[31m\u001b[1m^\u001b[22m\u001b[39m\n     \u001b[90m 4 |\u001b[39m \u001b[36mconst\u001b[39m { \u001b[33mCV\u001b[39m } \u001b[33m=\u001b[39m require(\u001b[32m\"../models\"\u001b[39m)\u001b[33m;\u001b[39m\n     \u001b[90m 5 |\u001b[39m\n     \u001b[90m 6 |\u001b[39m \u001b[90m// ================= MOCK =================\u001b[39m\u001b[0m\n\n      \u001b[2mat Resolver._throwModNotFoundError (\u001b[22m../../../../../../node_modules/jest-resolve/build/index.js\u001b[2m:863:11)\u001b[22m\n      \u001b[2mat Object.require (\u001b[22m\u001b[0m\u001b[36m__tests__/CvController.test.js\u001b[39m\u001b[0m\u001b[2m:3:16)\u001b[22m\n","name":"C:\\Users\\Cozapry\\Desktop\\Phase2\\week3\\individualProject\\individual-project-anpray\\server\\__tests__\\CvController.test.js","startTime":1777387849913,"status":"failed","summary":""},{"assertionResults":[{"ancestorTitles":["CV Routes","POST /cvs"],"duration":3654,"failing":false,"failureDetails":[],"failureMessages":[],"fullName":"CV Routes POST /cvs should create a new CV with valid data","invocations":1,"location":null,"numPassingAsserts":3,"retryReasons":[],"startAt":1777387796822,"status":"passed","title":"should create a new CV with valid data"},{"ancestorTitles":["CV Routes","POST /cvs"],"duration":1746,"failing":false,"failureDetails":[],"failureMessages":[],"fullName":"CV Routes POST /cvs should fail without authentication","invocations":1,"location":null,"numPassingAsserts":1,"retryReasons":[],"startAt":1777387800483,"status":"passed","title":"should fail without authentication"},{"ancestorTitles":["CV Routes","POST /cvs"],"duration":1667,"failing":false,"failureDetails":[],"failureMessages":[],"fullName":"CV Routes POST /cvs should fail with missing title","invocations":1,"location":null,"numPassingAsserts":1,"retryReasons":[],"startAt":1777387802234,"status":"passed","title":"should fail with missing title"},{"ancestorTitles":["CV Routes","GET /cvs"],"duration":3126,"failing":false,"failureDetails":[],"failureMessages":[],"fullName":"CV Routes GET /cvs should get all CVs for authenticated user","invocations":1,"location":null,"numPassingAsserts":2,"retryReasons":[],"startAt":1777387803903,"status":"passed","title":"should get all CVs for authenticated user"},{"ancestorTitles":["CV Routes","GET /cvs"],"duration":1242,"failing":false,"failureDetails":[],"failureMessages":[],"fullName":"CV Routes GET /cvs should fail without authentication","invocations":1,"location":null,"numPassingAsserts":1,"retryReasons":[],"startAt":1777387807034,"status":"passed","title":"should fail without authentication"},{"ancestorTitles":["CV Routes","GET /cvs/:id"],"duration":1079,"failing":false,"failureDetails":[],"failureMessages":[],"fullName":"CV Routes GET /cvs/:id should get specific CV by ID","invocations":1,"location":null,"numPassingAsserts":2,"retryReasons":[],"startAt":1777387808279,"status":"passed","title":"should get specific CV by ID"},{"ancestorTitles":["CV Routes","GET /cvs/:id"],"duration":1064,"failing":false,"failureDetails":[],"failureMessages":[],"fullName":"CV Routes GET /cvs/:id should fail without authentication","invocations":1,"location":null,"numPassingAsserts":1,"retryReasons":[],"startAt":1777387809365,"status":"passed","title":"should fail without authentication"},{"ancestorTitles":["CV Routes","PUT /cvs/:id"],"duration":5816,"failing":false,"failureDetails":[],"failureMessages":[],"fullName":"CV Routes PUT /cvs/:id should update CV with valid data","invocations":1,"location":null,"numPassingAsserts":2,"retryReasons":[],"startAt":1777387810435,"status":"passed","title":"should update CV with valid data"},{"ancestorTitles":["CV Routes","PUT /cvs/:id"],"duration":2151,"failing":false,"failureDetails":[],"failureMessages":[],"fullName":"CV Routes PUT /cvs/:id should fail without authentication","invocations":1,"location":null,"numPassingAsserts":1,"retryReasons":[],"startAt":1777387816263,"status":"passed","title":"should fail without authentication"},{"ancestorTitles":["CV Routes","DELETE /cvs/:id"],"duration":2006,"failing":false,"failureDetails":[],"failureMessages":[],"fullName":"CV Routes DELETE /cvs/:id should delete CV successfully","invocations":1,"location":null,"numPassingAsserts":1,"retryReasons":[],"startAt":1777387818424,"status":"passed","title":"should delete CV successfully"},{"ancestorTitles":["CV Routes","DELETE /cvs/:id"],"duration":2189,"failing":false,"failureDetails":[],"failureMessages":[],"fullName":"CV Routes DELETE /cvs/:id should fail without authentication","invocations":1,"location":null,"numPassingAsserts":1,"retryReasons":[],"startAt":1777387820438,"status":"passed","title":"should fail without authentication"}],"endTime":1777387822691,"message":"","name":"C:\\Users\\Cozapry\\Desktop\\Phase2\\week3\\individualProject\\individual-project-anpray\\server\\__tests__\\cv.test.js","startTime":1777387787850,"status":"passed","summary":""},{"assertionResults":[{"ancestorTitles":["Experience Routes","POST /experiences"],"duration":1659,"failing":false,"failureDetails":[],"failureMessages":[],"fullName":"Experience Routes POST /experiences should create new experience successfully","invocations":1,"location":null,"numPassingAsserts":3,"retryReasons":[],"startAt":1777387831611,"status":"passed","title":"should create new experience successfully"},{"ancestorTitles":["Experience Routes","POST /experiences"],"duration":1010,"failing":false,"failureDetails":[],"failureMessages":[],"fullName":"Experience Routes POST /experiences should fail without authentication","invocations":1,"location":null,"numPassingAsserts":1,"retryReasons":[],"startAt":1777387833279,"status":"passed","title":"should fail without authentication"},{"ancestorTitles":["Experience Routes","POST /experiences"],"duration":1001,"failing":false,"failureDetails":[],"failureMessages":[],"fullName":"Experience Routes POST /experiences should fail with missing required fields","invocations":1,"location":null,"numPassingAsserts":1,"retryReasons":[],"startAt":1777387834292,"status":"passed","title":"should fail with missing required fields"},{"ancestorTitles":["Experience Routes","GET /experiences/cv/:cvId"],"duration":703,"failing":false,"failureDetails":[],"failureMessages":[],"fullName":"Experience Routes GET /experiences/cv/:cvId should get all experiences for a CV","invocations":1,"location":null,"numPassingAsserts":2,"retryReasons":[],"startAt":1777387835295,"status":"passed","title":"should get all experiences for a CV"},{"ancestorTitles":["Experience Routes","GET /experiences/cv/:cvId"],"duration":680,"failing":false,"failureDetails":[],"failureMessages":[],"fullName":"Experience Routes GET /experiences/cv/:cvId should fail without authentication","invocations":1,"location":null,"numPassingAsserts":1,"retryReasons":[],"startAt":1777387835999,"status":"passed","title":"should fail without authentication"},{"ancestorTitles":["Experience Routes","PUT /experiences/:id"],"duration":682,"failing":false,"failureDetails":[],"failureMessages":[],"fullName":"Experience Routes PUT /experiences/:id should update experience successfully","invocations":1,"location":null,"numPassingAsserts":2,"retryReasons":[],"startAt":1777387836681,"status":"passed","title":"should update experience successfully"},{"ancestorTitles":["Experience Routes","PUT /experiences/:id"],"duration":862,"failing":false,"failureDetails":[],"failureMessages":[],"fullName":"Experience Routes PUT /experiences/:id should fail without authentication","invocations":1,"location":null,"numPassingAsserts":1,"retryReasons":[],"startAt":1777387837364,"status":"passed","title":"should fail without authentication"},{"ancestorTitles":["Experience Routes","DELETE /experiences/:id"],"duration":890,"failing":false,"failureDetails":[],"failureMessages":[],"fullName":"Experience Routes DELETE /experiences/:id should delete experience successfully","invocations":1,"location":null,"numPassingAsserts":1,"retryReasons":[],"startAt":1777387838233,"status":"passed","title":"should delete experience successfully"},{"ancestorTitles":["Experience Routes","DELETE /experiences/:id"],"duration":833,"failing":false,"failureDetails":[],"failureMessages":[],"fullName":"Experience Routes DELETE /experiences/:id should fail without authentication","invocations":1,"location":null,"numPassingAsserts":1,"retryReasons":[],"startAt":1777387839125,"status":"passed","title":"should fail without authentication"}],"endTime":1777387839970,"message":"","name":"C:\\Users\\Cozapry\\Desktop\\Phase2\\week3\\individualProject\\individual-project-anpray\\server\\__tests__\\experience.test.js","startTime":1777387823088,"status":"passed","summary":""},{"assertionResults":[{"ancestorTitles":["Authentication Routes","POST /auth/register"],"duration":334,"failing":false,"failureDetails":[],"failureMessages":[],"fullName":"Authentication Routes POST /auth/register should register a new user successfully","invocations":1,"location":null,"numPassingAsserts":4,"retryReasons":[],"startAt":1777387841954,"status":"passed","title":"should register a new user successfully"},{"ancestorTitles":["Authentication Routes","POST /auth/register"],"duration":112,"failing":false,"failureDetails":[],"failureMessages":[],"fullName":"Authentication Routes POST /auth/register should fail with missing email","invocations":1,"location":null,"numPassingAsserts":1,"retryReasons":[],"startAt":1777387842290,"status":"passed","title":"should fail with missing email"},{"ancestorTitles":["Authentication Routes","POST /auth/register"],"duration":22,"failing":false,"failureDetails":[],"failureMessages":[],"fullName":"Authentication Routes POST /auth/register should fail with missing password","invocations":1,"location":null,"numPassingAsserts":1,"retryReasons":[],"startAt":1777387842404,"status":"passed","title":"should fail with missing password"},{"ancestorTitles":["Authentication Routes","POST /auth/register"],"duration":622,"failing":false,"failureDetails":[],"failureMessages":[],"fullName":"Authentication Routes POST /auth/register should fail with duplicate email","invocations":1,"location":null,"numPassingAsserts":1,"retryReasons":[],"startAt":1777387842427,"status":"passed","title":"should fail with duplicate email"},{"ancestorTitles":["Authentication Routes","POST /auth/login"],"duration":523,"failing":false,"failureDetails":[],"failureMessages":[],"fullName":"Authentication Routes POST /auth/login should login successfully with valid credentials","invocations":1,"location":null,"numPassingAsserts":1,"retryReasons":[],"startAt":1777387843050,"status":"passed","title":"should login successfully with valid credentials"},{"ancestorTitles":["Authentication Routes","POST /auth/login"],"duration":281,"failing":false,"failureDetails":[],"failureMessages":[],"fullName":"Authentication Routes POST /auth/login should fail with invalid email","invocations":1,"location":null,"numPassingAsserts":1,"retryReasons":[],"startAt":1777387843575,"status":"passed","title":"should fail with invalid email"},{"ancestorTitles":["Authentication Routes","POST /auth/login"],"duration":582,"failing":false,"failureDetails":[],"failureMessages":[],"fullName":"Authentication Routes POST /auth/login should fail with invalid password","invocations":1,"location":null,"numPassingAsserts":1,"retryReasons":[],"startAt":1777387843858,"status":"passed","title":"should fail with invalid password"},{"ancestorTitles":["Authentication Routes","POST /auth/login"],"duration":309,"failing":false,"failureDetails":[],"failureMessages":[],"fullName":"Authentication Routes POST /auth/login should fail with missing email","invocations":1,"location":null,"numPassingAsserts":1,"retryReasons":[],"startAt":1777387844441,"status":"passed","title":"should fail with missing email"},{"ancestorTitles":["Authentication Routes","POST /auth/login"],"duration":350,"failing":false,"failureDetails":[],"failureMessages":[],"fullName":"Authentication Routes POST /auth/login should fail with missing password","invocations":1,"location":null,"numPassingAsserts":1,"retryReasons":[],"startAt":1777387844752,"status":"passed","title":"should fail with missing password"},{"ancestorTitles":["Authentication Routes","GET /auth/github"],"duration":20,"failing":false,"failureDetails":[],"failureMessages":[],"fullName":"Authentication Routes GET /auth/github should redirect to GitHub OAuth authorization","invocations":1,"location":null,"numPassingAsserts":2,"retryReasons":[],"startAt":1777387845103,"status":"passed","title":"should redirect to GitHub OAuth authorization"},{"ancestorTitles":["Authentication Routes","POST /auth/google-verify"],"duration":25,"failing":false,"failureDetails":[],"failureMessages":[],"fullName":"Authentication Routes POST /auth/google-verify should fail with missing token","invocations":1,"location":null,"numPassingAsserts":1,"retryReasons":[],"startAt":1777387845125,"status":"passed","title":"should fail with missing token"},{"ancestorTitles":["Authentication Routes","POST /auth/google-verify"],"duration":1103,"failing":false,"failureDetails":[],"failureMessages":[],"fullName":"Authentication Routes POST /auth/google-verify should fail with invalid Google token","invocations":1,"location":null,"numPassingAsserts":1,"retryReasons":[],"startAt":1777387845151,"status":"passed","title":"should fail with invalid Google token"}],"endTime":1777387846266,"message":"","name":"C:\\Users\\Cozapry\\Desktop\\Phase2\\week3\\individualProject\\individual-project-anpray\\server\\__tests__\\auth.test.js","startTime":1777387840073,"status":"passed","summary":""},{"assertionResults":[{"ancestorTitles":["ExperienceController","POST /experience"],"duration":33,"failing":false,"failureDetails":[],"failureMessages":[],"fullName":"ExperienceController POST /experience should create experience","invocations":1,"location":null,"numPassingAsserts":2,"retryReasons":[],"startAt":1777387846970,"status":"passed","title":"should create experience"},{"ancestorTitles":["ExperienceController","POST /experience"],"duration":13,"failing":false,"failureDetails":[],"failureMessages":[],"fullName":"ExperienceController POST /experience should fail if CV not found","invocations":1,"location":null,"numPassingAsserts":1,"retryReasons":[],"startAt":1777387847005,"status":"passed","title":"should fail if CV not found"},{"ancestorTitles":["ExperienceController","GET /experience/cv/:cvId"],"duration":13,"failing":false,"failureDetails":[],"failureMessages":[],"fullName":"ExperienceController GET /experience/cv/:cvId should get experiences","invocations":1,"location":null,"numPassingAsserts":2,"retryReasons":[],"startAt":1777387847020,"status":"passed","title":"should get experiences"},{"ancestorTitles":["ExperienceController","GET /experience/cv/:cvId"],"duration":11,"failing":false,"failureDetails":[],"failureMessages":[],"fullName":"ExperienceController GET /experience/cv/:cvId should return empty array","invocations":1,"location":null,"numPassingAsserts":2,"retryReasons":[],"startAt":1777387847035,"status":"passed","title":"should return empty array"},{"ancestorTitles":["ExperienceController","PUT /experience/:id"],"duration":11,"failing":false,"failureDetails":[],"failureMessages":[],"fullName":"ExperienceController PUT /experience/:id should update experience","invocations":1,"location":null,"numPassingAsserts":1,"retryReasons":[],"startAt":1777387847048,"status":"passed","title":"should update experience"},{"ancestorTitles":["ExperienceController","PUT /experience/:id"],"duration":10,"failing":false,"failureDetails":[],"failureMessages":[],"fullName":"ExperienceController PUT /experience/:id should fail if not found","invocations":1,"location":null,"numPassingAsserts":1,"retryReasons":[],"startAt":1777387847062,"status":"passed","title":"should fail if not found"},{"ancestorTitles":["ExperienceController","DELETE /experience/:id"],"duration":10,"failing":false,"failureDetails":[],"failureMessages":[],"fullName":"ExperienceController DELETE /experience/:id should delete experience","invocations":1,"location":null,"numPassingAsserts":2,"retryReasons":[],"startAt":1777387847073,"status":"passed","title":"should delete experience"},{"ancestorTitles":["ExperienceController","DELETE /experience/:id"],"duration":12,"failing":false,"failureDetails":[],"failureMessages":[],"fullName":"ExperienceController DELETE /experience/:id should fail if not found","invocations":1,"location":null,"numPassingAsserts":1,"retryReasons":[],"startAt":1777387847085,"status":"passed","title":"should fail if not found"},{"ancestorTitles":["ExperienceController","POST /experience/bulk"],"duration":14,"failing":false,"failureDetails":[],"failureMessages":[],"fullName":"ExperienceController POST /experience/bulk should bulk create experiences","invocations":1,"location":null,"numPassingAsserts":1,"retryReasons":[],"startAt":1777387847098,"status":"passed","title":"should bulk create experiences"},{"ancestorTitles":["ExperienceController","POST /experience/bulk"],"duration":12,"failing":false,"failureDetails":[],"failureMessages":[],"fullName":"ExperienceController POST /experience/bulk should fail without cvId","invocations":1,"location":null,"numPassingAsserts":1,"retryReasons":[],"startAt":1777387847115,"status":"passed","title":"should fail without cvId"},{"ancestorTitles":["ExperienceController","POST /experience/bulk"],"duration":11,"failing":false,"failureDetails":[],"failureMessages":[],"fullName":"ExperienceController POST /experience/bulk should fail if CV not found","invocations":1,"location":null,"numPassingAsserts":1,"retryReasons":[],"startAt":1777387847128,"status":"passed","title":"should fail if CV not found"},{"ancestorTitles":["ExperienceController","POST /experience/bulk"],"duration":11,"failing":false,"failureDetails":[],"failureMessages":[],"fullName":"ExperienceController POST /experience/bulk should fail unauthorized","invocations":1,"location":null,"numPassingAsserts":1,"retryReasons":[],"startAt":1777387847142,"status":"passed","title":"should fail unauthorized"},{"ancestorTitles":["ExperienceController","POST /experience/bulk"],"duration":11,"failing":false,"failureDetails":[],"failureMessages":[],"fullName":"ExperienceController POST /experience/bulk should return 200 if no valid data","invocations":1,"location":null,"numPassingAsserts":1,"retryReasons":[],"startAt":1777387847156,"status":"passed","title":"should return 200 if no valid data"}],"endTime":1777387847171,"message":"","name":"C:\\Users\\Cozapry\\Desktop\\Phase2\\week3\\individualProject\\individual-project-anpray\\server\\__tests__\\ExperienceController.test.js","startTime":1777387846399,"status":"passed","summary":""},{"assertionResults":[{"ancestorTitles":["AuthController","POST /register"],"duration":75,"failing":false,"failureDetails":[],"failureMessages":[],"fullName":"AuthController POST /register should register successfully","invocations":1,"location":null,"numPassingAsserts":3,"retryReasons":[],"startAt":1777387847974,"status":"passed","title":"should register successfully"},{"ancestorTitles":["AuthController","POST /register"],"duration":24,"failing":false,"failureDetails":[],"failureMessages":[],"fullName":"AuthController POST /register should fail register (sequelize error)","invocations":1,"location":null,"numPassingAsserts":1,"retryReasons":[],"startAt":1777387848053,"status":"passed","title":"should fail register (sequelize error)"},{"ancestorTitles":["AuthController","POST /login"],"duration":22,"failing":false,"failureDetails":[],"failureMessages":[],"fullName":"AuthController POST /login should login success","invocations":1,"location":null,"numPassingAsserts":2,"retryReasons":[],"startAt":1777387848079,"status":"passed","title":"should login success"},{"ancestorTitles":["AuthController","POST /login"],"duration":15,"failing":false,"failureDetails":[],"failureMessages":[],"fullName":"AuthController POST /login should fail without email","invocations":1,"location":null,"numPassingAsserts":1,"retryReasons":[],"startAt":1777387848103,"status":"passed","title":"should fail without email"},{"ancestorTitles":["AuthController","POST /login"],"duration":15,"failing":false,"failureDetails":[],"failureMessages":[],"fullName":"AuthController POST /login should fail without password","invocations":1,"location":null,"numPassingAsserts":1,"retryReasons":[],"startAt":1777387848119,"status":"passed","title":"should fail without password"},{"ancestorTitles":["AuthController","POST /login"],"duration":13,"failing":false,"failureDetails":[],"failureMessages":[],"fullName":"AuthController POST /login should fail user not found","invocations":1,"location":null,"numPassingAsserts":1,"retryReasons":[],"startAt":1777387848136,"status":"passed","title":"should fail user not found"},{"ancestorTitles":["AuthController","POST /login"],"duration":14,"failing":false,"failureDetails":[],"failureMessages":[],"fullName":"AuthController POST /login should fail wrong password","invocations":1,"location":null,"numPassingAsserts":1,"retryReasons":[],"startAt":1777387848151,"status":"passed","title":"should fail wrong password"},{"ancestorTitles":["AuthController","POST /auth/google-verify"],"duration":38,"failing":false,"failureDetails":[],"failureMessages":[],"fullName":"AuthController POST /auth/google-verify should verify valid token","invocations":1,"location":null,"numPassingAsserts":2,"retryReasons":[],"startAt":1777387848168,"status":"passed","title":"should verify valid token"},{"ancestorTitles":["AuthController","POST /auth/google-verify"],"duration":19,"failing":false,"failureDetails":[],"failureMessages":[],"fullName":"AuthController POST /auth/google-verify should fail without token","invocations":1,"location":null,"numPassingAsserts":2,"retryReasons":[],"startAt":1777387848209,"status":"passed","title":"should fail without token"},{"ancestorTitles":["AuthController","POST /auth/google-verify"],"duration":135,"failing":false,"failureDetails":[],"failureMessages":[],"fullName":"AuthController POST /auth/google-verify should fail invalid token","invocations":1,"location":null,"numPassingAsserts":1,"retryReasons":[],"startAt":1777387848230,"status":"passed","title":"should fail invalid token"},{"ancestorTitles":["AuthController","POST /auth/google-verify"],"duration":60,"failing":false,"failureDetails":[],"failureMessages":[],"fullName":"AuthController POST /auth/google-verify should create new user","invocations":1,"location":null,"numPassingAsserts":2,"retryReasons":[],"startAt":1777387848367,"status":"passed","title":"should create new user"},{"ancestorTitles":["AuthController","POST /auth/google-verify"],"duration":71,"failing":false,"failureDetails":[],"failureMessages":[],"fullName":"AuthController POST /auth/google-verify should fail no email","invocations":1,"location":null,"numPassingAsserts":1,"retryReasons":[],"startAt":1777387848431,"status":"passed","title":"should fail no email"},{"ancestorTitles":["AuthController","POST /auth/google-verify"],"duration":55,"failing":false,"failureDetails":[],"failureMessages":[],"fullName":"AuthController POST /auth/google-verify should fail audience mismatch","invocations":1,"location":null,"numPassingAsserts":1,"retryReasons":[],"startAt":1777387848506,"status":"passed","title":"should fail audience mismatch"}],"endTime":1777387848568,"message":"","name":"C:\\Users\\Cozapry\\Desktop\\Phase2\\week3\\individualProject\\individual-project-anpray\\server\\__tests__\\AuthController.test.js","startTime":1777387847216,"status":"passed","summary":""},{"assertionResults":[{"ancestorTitles":["Integration Tests - Complete User Flows","User Registration & Login Flow"],"duration":2,"failing":false,"failureDetails":[],"failureMessages":[],"fullName":"Integration Tests - Complete User Flows User Registration & Login Flow should complete full auth flow: register -> login -> access protected route","invocations":1,"location":null,"numPassingAsserts":0,"retryReasons":[],"startAt":1777387849360,"status":"passed","title":"should complete full auth flow: register -> login -> access protected route"},{"ancestorTitles":["Integration Tests - Complete User Flows","CV Creation & Download Flow"],"duration":1,"failing":false,"failureDetails":[],"failureMessages":[],"fullName":"Integration Tests - Complete User Flows CV Creation & Download Flow should complete CV workflow: create -> add experiences -> download","invocations":1,"location":null,"numPassingAsserts":0,"retryReasons":[],"startAt":1777387849364,"status":"passed","title":"should complete CV workflow: create -> add experiences -> download"},{"ancestorTitles":["Integration Tests - Complete User Flows","Google OAuth Flow"],"duration":0,"failing":false,"failureDetails":[],"failureMessages":[],"fullName":"Integration Tests - Complete User Flows Google OAuth Flow should complete Google OAuth flow: verify token -> create user -> return JWT","invocations":1,"location":null,"numPassingAsserts":0,"retryReasons":[],"startAt":1777387849368,"status":"passed","title":"should complete Google OAuth flow: verify token -> create user -> return JWT"},{"ancestorTitles":["Integration Tests - Complete User Flows","Error Handling Flows"],"duration":1,"failing":false,"failureDetails":[],"failureMessages":[],"fullName":"Integration Tests - Complete User Flows Error Handling Flows should deny access to protected route without token","invocations":1,"location":null,"numPassingAsserts":0,"retryReasons":[],"startAt":1777387849370,"status":"passed","title":"should deny access to protected route without token"},{"ancestorTitles":["Integration Tests - Complete User Flows","Error Handling Flows"],"duration":1,"failing":false,"failureDetails":[],"failureMessages":[],"fullName":"Integration Tests - Complete User Flows Error Handling Flows should deny access with invalid token","invocations":1,"location":null,"numPassingAsserts":0,"retryReasons":[],"startAt":1777387849373,"status":"passed","title":"should deny access with invalid token"},{"ancestorTitles":["Integration Tests - Complete User Flows","Error Handling Flows"],"duration":1,"failing":false,"failureDetails":[],"failureMessages":[],"fullName":"Integration Tests - Complete User Flows Error Handling Flows should deny access to others' CV","invocations":1,"location":null,"numPassingAsserts":0,"retryReasons":[],"startAt":1777387849376,"status":"passed","title":"should deny access to others' CV"},{"ancestorTitles":["Integration Tests - Complete User Flows","Error Handling Flows"],"duration":1,"failing":false,"failureDetails":[],"failureMessages":[],"fullName":"Integration Tests - Complete User Flows Error Handling Flows should handle expired token","invocations":1,"location":null,"numPassingAsserts":0,"retryReasons":[],"startAt":1777387849378,"status":"passed","title":"should handle expired token"},{"ancestorTitles":["Integration Tests - Complete User Flows","Concurrent Operations"],"duration":1,"failing":false,"failureDetails":[],"failureMessages":[],"fullName":"Integration Tests - Complete User Flows Concurrent Operations should handle multiple CV creations concurrently","invocations":1,"location":null,"numPassingAsserts":0,"retryReasons":[],"startAt":1777387849380,"status":"passed","title":"should handle multiple CV creations concurrently"},{"ancestorTitles":["Integration Tests - Complete User Flows","Concurrent Operations"],"duration":1,"failing":false,"failureDetails":[],"failureMessages":[],"fullName":"Integration Tests - Complete User Flows Concurrent Operations should handle simultaneous auth requests","invocations":1,"location":null,"numPassingAsserts":0,"retryReasons":[],"startAt":1777387849383,"status":"passed","title":"should handle simultaneous auth requests"},{"ancestorTitles":["Integration Tests - Complete User Flows","Edge Cases"],"duration":1,"failing":false,"failureDetails":[],"failureMessages":[],"fullName":"Integration Tests - Complete User Flows Edge Cases should handle user with special characters in name","invocations":1,"location":null,"numPassingAsserts":0,"retryReasons":[],"startAt":1777387849386,"status":"passed","title":"should handle user with special characters in name"},{"ancestorTitles":["Integration Tests - Complete User Flows","Edge Cases"],"duration":1,"failing":false,"failureDetails":[],"failureMessages":[],"fullName":"Integration Tests - Complete User Flows Edge Cases should handle very long CV descriptions","invocations":1,"location":null,"numPassingAsserts":0,"retryReasons":[],"startAt":1777387849389,"status":"passed","title":"should handle very long CV descriptions"},{"ancestorTitles":["Integration Tests - Complete User Flows","Edge Cases"],"duration":1,"failing":false,"failureDetails":[],"failureMessages":[],"fullName":"Integration Tests - Complete User Flows Edge Cases should handle rapid successive requests from same user","invocations":1,"location":null,"numPassingAsserts":0,"retryReasons":[],"startAt":1777387849391,"status":"passed","title":"should handle rapid successive requests from same user"},{"ancestorTitles":["Integration Tests - Complete User Flows","Edge Cases"],"duration":0,"failing":false,"failureDetails":[],"failureMessages":[],"fullName":"Integration Tests - Complete User Flows Edge Cases should handle request with missing optional fields","invocations":1,"location":null,"numPassingAsserts":0,"retryReasons":[],"startAt":1777387849394,"status":"passed","title":"should handle request with missing optional fields"},{"ancestorTitles":["Integration Tests - Complete User Flows","Performance Tests"],"duration":0,"failing":false,"failureDetails":[],"failureMessages":[],"fullName":"Integration Tests - Complete User Flows Performance Tests should return large CV list quickly","invocations":1,"location":null,"numPassingAsserts":0,"retryReasons":[],"startAt":1777387849396,"status":"passed","title":"should return large CV list quickly"},{"ancestorTitles":["Integration Tests - Complete User Flows","Performance Tests"],"duration":1,"failing":false,"failureDetails":[],"failureMessages":[],"fullName":"Integration Tests - Complete User Flows Performance Tests should generate PDF within reasonable time","invocations":1,"location":null,"numPassingAsserts":0,"retryReasons":[],"startAt":1777387849398,"status":"passed","title":"should generate PDF within reasonable time"},{"ancestorTitles":["Integration Tests - Complete User Flows","Performance Tests"],"duration":1,"failing":false,"failureDetails":[],"failureMessages":[],"fullName":"Integration Tests - Complete User Flows Performance Tests should handle large file uploads","invocations":1,"location":null,"numPassingAsserts":0,"retryReasons":[],"startAt":1777387849403,"status":"passed","title":"should handle large file uploads"},{"ancestorTitles":["Integration Tests - Complete User Flows","Data Validation"],"duration":0,"failing":false,"failureDetails":[],"failureMessages":[],"fullName":"Integration Tests - Complete User Flows Data Validation should reject invalid email format","invocations":1,"location":null,"numPassingAsserts":0,"retryReasons":[],"startAt":1777387849406,"status":"passed","title":"should reject invalid email format"},{"ancestorTitles":["Integration Tests - Complete User Flows","Data Validation"],"duration":1,"failing":false,"failureDetails":[],"failureMessages":[],"fullName":"Integration Tests - Complete User Flows Data Validation should reject weak passwords","invocations":1,"location":null,"numPassingAsserts":0,"retryReasons":[],"startAt":1777387849408,"status":"passed","title":"should reject weak passwords"},{"ancestorTitles":["Integration Tests - Complete User Flows","Data Validation"],"duration":0,"failing":false,"failureDetails":[],"failureMessages":[],"fullName":"Integration Tests - Complete User Flows Data Validation should sanitize HTML/script injection attempts","invocations":1,"location":null,"numPassingAsserts":0,"retryReasons":[],"startAt":1777387849411,"status":"passed","title":"should sanitize HTML/script injection attempts"}],"endTime":1777387849417,"message":"","name":"C:\\Users\\Cozapry\\Desktop\\Phase2\\week3\\individualProject\\individual-project-anpray\\server\\__tests__\\Integration.test.example.js","startTime":1777387848686,"status":"passed","summary":""}],"wasInterrupted":false,"coverageMap":{"C:\\Users\\Cozapry\\Desktop\\Phase2\\week3\\individualProject\\individual-project-anpray\\server\\helpers\\jwt.js":{"path":"C:\\Users\\Cozapry\\Desktop\\Phase2\\week3\\individualProject\\individual-project-anpray\\server\\helpers\\jwt.js","statementMap":{"0":{"start":{"line":1,"column":12},"end":{"line":1,"column":35}},"1":{"start":{"line":3,"column":18},"end":{"line":5,"column":1}},"2":{"start":{"line":4,"column":4},"end":{"line":4,"column":53}},"3":{"start":{"line":7,"column":20},"end":{"line":9,"column":1}},"4":{"start":{"line":8,"column":4},"end":{"line":8,"column":53}},"5":{"start":{"line":11,"column":0},"end":{"line":11,"column":44}}},"fnMap":{"0":{"name":"(anonymous_0)","decl":{"start":{"line":3,"column":18},"end":{"line":3,"column":19}},"loc":{"start":{"line":3,"column":31},"end":{"line":5,"column":1}},"line":3},"1":{"name":"(anonymous_1)","decl":{"start":{"line":7,"column":20},"end":{"line":7,"column":21}},"loc":{"start":{"line":7,"column":31},"end":{"line":9,"column":1}},"line":7}},"branchMap":{},"s":{"0":5,"1":5,"2":26,"3":5,"4":38,"5":5},"f":{"0":26,"1":38},"b":{},"_coverageSchema":"1a1c01bbd47fc00a2c39e90264f33305004495a9","hash":"359db9e9a313f14617afed7945c6aed8f8da843b"},"C:\\Users\\Cozapry\\Desktop\\Phase2\\week3\\individualProject\\individual-project-anpray\\server\\helpers\\bcrypt.js":{"path":"C:\\Users\\Cozapry\\Desktop\\Phase2\\week3\\individualProject\\individual-project-anpray\\server\\helpers\\bcrypt.js","statementMap":{"0":{"start":{"line":1,"column":15},"end":{"line":1,"column":34}},"1":{"start":{"line":3,"column":21},"end":{"line":7,"column":1}},"2":{"start":{"line":4,"column":17},"end":{"line":4,"column":39}},"3":{"start":{"line":5,"column":17},"end":{"line":5,"column":50}},"4":{"start":{"line":6,"column":4},"end":{"line":6,"column":15}},"5":{"start":{"line":9,"column":24},"end":{"line":11,"column":1}},"6":{"start":{"line":10,"column":4},"end":{"line":10,"column":56}},"7":{"start":{"line":13,"column":0},"end":{"line":13,"column":50}}},"fnMap":{"0":{"name":"(anonymous_0)","decl":{"start":{"line":3,"column":21},"end":{"line":3,"column":22}},"loc":{"start":{"line":3,"column":37},"end":{"line":7,"column":1}},"line":3},"1":{"name":"(anonymous_1)","decl":{"start":{"line":9,"column":24},"end":{"line":9,"column":25}},"loc":{"start":{"line":9,"column":53},"end":{"line":11,"column":1}},"line":9}},"branchMap":{},"s":{"0":4,"1":4,"2":37,"3":37,"4":37,"5":4,"6":26,"7":4},"f":{"0":37,"1":26},"b":{},"_coverageSchema":"1a1c01bbd47fc00a2c39e90264f33305004495a9","hash":"5d343b46ca0cdd235d5dedde7e79c19ef5a3cda4"},"C:\\Users\\Cozapry\\Desktop\\Phase2\\week3\\individualProject\\individual-project-anpray\\server\\middlewares\\authentication.js":{"path":"C:\\Users\\Cozapry\\Desktop\\Phase2\\week3\\individualProject\\individual-project-anpray\\server\\middlewares\\authentication.js","statementMap":{"0":{"start":{"line":1,"column":24},"end":{"line":1,"column":49}},"1":{"start":{"line":2,"column":17},"end":{"line":2,"column":37}},"2":{"start":{"line":4,"column":23},"end":{"line":41,"column":1}},"3":{"start":{"line":5,"column":4},"end":{"line":40,"column":5}},"4":{"start":{"line":6,"column":34},"end":{"line":6,"column":45}},"5":{"start":{"line":8,"column":8},"end":{"line":10,"column":9}},"6":{"start":{"line":9,"column":12},"end":{"line":9,"column":68}},"7":{"start":{"line":12,"column":25},"end":{"line":12,"column":49}},"8":{"start":{"line":13,"column":26},"end":{"line":13,"column":37}},"9":{"start":{"line":14,"column":27},"end":{"line":14,"column":38}},"10":{"start":{"line":16,"column":8},"end":{"line":18,"column":9}},"11":{"start":{"line":17,"column":12},"end":{"line":17,"column":69}},"12":{"start":{"line":20,"column":24},"end":{"line":20,"column":47}},"13":{"start":{"line":22,"column":21},"end":{"line":26,"column":10}},"14":{"start":{"line":28,"column":8},"end":{"line":30,"column":9}},"15":{"start":{"line":29,"column":12},"end":{"line":29,"column":69}},"16":{"start":{"line":32,"column":8},"end":{"line":35,"column":9}},"17":{"start":{"line":37,"column":8},"end":{"line":37,"column":15}},"18":{"start":{"line":39,"column":8},"end":{"line":39,"column":18}},"19":{"start":{"line":43,"column":0},"end":{"line":43,"column":32}}},"fnMap":{"0":{"name":"(anonymous_0)","decl":{"start":{"line":4,"column":23},"end":{"line":4,"column":24}},"loc":{"start":{"line":4,"column":49},"end":{"line":41,"column":1}},"line":4}
[...]
d":{"line":57,"column":28}}],"line":55}},"s":{"0":3,"1":3,"2":3,"3":0,"4":0,"5":0,"6":0,"7":0,"8":3,"9":0,"10":0,"11":0,"12":0,"13":0,"14":3},"f":{"0":0,"1":0},"b":{"0":[0,0],"1":[0,0]},"_coverageSchema":"1a1c01bbd47fc00a2c39e90264f33305004495a9","hash":"d182563c49962500a6b93cf72b2f7538f84c3fc1"},"C:\\Users\\Cozapry\\Desktop\\Phase2\\week3\\individualProject\\individual-project-anpray\\server\\helpers\\generatePDF.js":{"path":"C:\\Users\\Cozapry\\Desktop\\Phase2\\week3\\individualProject\\individual-project-anpray\\server\\helpers\\generatePDF.js","statementMap":{"0":{"start":{"line":1,"column":18},"end":{"line":1,"column":38}},"1":{"start":{"line":3,"column":26},"end":{"line":323,"column":1}},"2":{"start":{"line":5,"column":20},"end":{"line":5,"column":22}},"3":{"start":{"line":6,"column":2},"end":{"line":15,"column":3}},"4":{"start":{"line":7,"column":4},"end":{"line":14,"column":5}},"5":{"start":{"line":8,"column":23},"end":{"line":8,"column":47}},"6":{"start":{"line":9,"column":21},"end":{"line":9,"column":62}},"7":{"start":{"line":10,"column":23},"end":{"line":10,"column":75}},"8":{"start":{"line":11,"column":6},"end":{"line":11,"column":75}},"9":{"start":{"line":13,"column":6},"end":{"line":13,"column":50}},"10":{"start":{"line":17,"column":15},"end":{"line":304,"column":3}},"11":{"start":{"line":247,"column":30},"end":{"line":247,"column":73}},"12":{"start":{"line":276,"column":25},"end":{"line":294,"column":13}},"13":{"start":{"line":306,"column":18},"end":{"line":309,"column":4}},"14":{"start":{"line":311,"column":15},"end":{"line":311,"column":38}},"15":{"start":{"line":312,"column":2},"end":{"line":312,"column":61}},"16":{"start":{"line":314,"column":20},"end":{"line":318,"column":4}},"17":{"start":{"line":320,"column":2},"end":{"line":320,"column":24}},"18":{"start":{"line":322,"column":2},"end":{"line":322,"column":32}},"19":{"start":{"line":325,"column":0},"end":{"line":325,"column":39}}},"fnMap":{"0":{"name":"(anonymous_0)","decl":{"start":{"line":3,"column":26},"end":{"line":3,"column":27}},"loc":{"start":{"line":3,"column":40},"end":{"line":323,"column":1}},"line":3},"1":{"name":"(anonymous_1)","decl":{"start":{"line":247,"column":23},"end":{"line":247,"column":24}},"loc":{"start":{"line":247,"column":30},"end":{"line":247,"column":73}},"line":247},"2":{"name":"(anonymous_2)","decl":{"start":{"line":276,"column":16},"end":{"line":276,"column":17}},"loc":{"start":{"line":276,"column":25},"end":{"line":294,"column":13}},"line":276}},"branchMap":{"0":{"loc":{"start":{"line":6,"column":2},"end":{"line":15,"column":3}},"type":"if","locations":[{"start":{"line":6,"column":2},"end":{"line":15,"column":3}},{"start":{},"end":{}}],"line":6},"1":{"loc":{"start":{"line":10,"column":23},"end":{"line":10,"column":75}},"type":"binary-expr","locations":[{"start":{"line":10,"column":23},"end":{"line":10,"column":59}},{"start":{"line":10,"column":63},"end":{"line":10,"column":75}}],"line":10},"2":{"loc":{"start":{"line":229,"column":10},"end":{"line":231,"column":94}},"type":"cond-expr","locations":[{"start":{"line":230,"column":14},"end":{"line":230,"column":58}},{"start":{"line":231,"column":14},"end":{"line":231,"column":94}}],"line":229},"3":{"loc":{"start":{"line":231,"column":49},"end":{"line":231,"column":68}},"type":"binary-expr","locations":[{"start":{"line":231,"column":49},"end":{"line":231,"column":60}},{"start":{"line":231,"column":64},"end":{"line":231,"column":68}}],"line":231},"4":{"loc":{"start":{"line":236,"column":14},"end":{"line":236,"column":32}},"type":"binary-expr","locations":[{"start":{"line":236,"column":14},"end":{"line":236,"column":25}},{"start":{"line":236,"column":29},"end":{"line":236,"column":32}}],"line":236},"5":{"loc":{"start":{"line":237,"column":10},"end":{"line":237,"column":46}},"type":"cond-expr","locations":[{"start":{"line":237,"column":21},"end":{"line":237,"column":41}},{"start":{"line":237,"column":44},"end":{"line":237,"column":46}}],"line":237},"6":{"loc":{"start":{"line":241,"column":8},"end":{"line":251,"column":14}},"type":"cond-expr","locations":[{"start":{"line":242,"column":12},"end":{"line":250,"column":19}},{"start":{"line":251,"column":12},"end":{"line":251,"column":14}}],"line":241},"7":{"loc":{"start":{"line":257,"column":38},"end":{"line":257,"column":57}},"type":"binary-expr","locations":[{"start":{"line":257,"column":38},"end":{"line":257,"column":50}},{"start":{"line":257,"column":54},"end":{"line":257,"column":57}}],"line":257},"8":{"loc":{"start":{"line":266,"column":14},"end":{"line":266,"column":32}},"type":"binary-expr","locations":[{"start":{"line":266,"column":14},"end":{"line":266,"column":25}},{"start":{"line":266,"column":29},"end":{"line":266,"column":32}}],"line":266},"9":{"loc":{"start":{"line":267,"column":10},"end":{"line":267,"column":64}},"type":"cond-expr","locations":[{"start":{"line":267,"column":21},"end":{"line":267,"column":59}},{"start":{"line":267,"column":62},"end":{"line":267,"column":64}}],"line":267},"10":{"loc":{"start":{"line":268,"column":10},"end":{"line":268,"column":50}},"type":"cond-expr","locations":[{"start":{"line":268,"column":23},"end":{"line":268,"column":45}},{"start":{"line":268,"column":48},"end":{"line":268,"column":50}}],"line":268},"11":{"loc":{"start":{"line":274,"column":10},"end":{"line":296,"column":59}},"type":"cond-expr","locations":[{"start":{"line":275,"column":14},"end":{"line":295,"column":24}},{"start":{"line":296,"column":14},"end":{"line":296,"column":59}}],"line":274},"12":{"loc":{"start":{"line":274,"column":10},"end":{"line":274,"column":53}},"type":"binary-expr","locations":[{"start":{"line":274,"column":10},"end":{"line":274,"column":24}},{"start":{"line":274,"column":28},"end":{"line":274,"column":53}}],"line":274},"13":{"loc":{"start":{"line":278,"column":41},"end":{"line":278,"column":60}},"type":"binary-expr","locations":[{"start":{"line":278,"column":41},"end":{"line":278,"column":53}},{"start":{"line":278,"column":57},"end":{"line":278,"column":60}}],"line":278},"14":{"loc":{"start":{"line":279,"column":43},"end":{"line":279,"column":61}},"type":"binary-expr","locations":[{"start":{"line":279,"column":43},"end":{"line":279,"column":54}},{"start":{"line":279,"column":58},"end":{"line":279,"column":61}}],"line":279},"15":{"loc":{"start":{"line":284,"column":20},"end":{"line":289,"column":33}},"type":"cond-expr","locations":[{"start":{"line":285,"column":24},"end":{"line":288,"column":26}},{"start":{"line":289,"column":24},"end":{"line":289,"column":33}}],"line":284},"16":{"loc":{"start":{"line":292,"column":18},"end":{"line":292,"column":89}},"type":"cond-expr","locations":[{"start":{"line":292,"column":36},"end":{"line":292,"column":84}},{"start":{"line":292,"column":87},"end":{"line":292,"column":89}}],"line":292}},"s":{"0":3,"1":3,"2":0,"3":0,"4":0,"5":0,"6":0,"7":0,"8":0,"9":0,"10":0,"11":0,"12":0,"13":0,"14":0,"15":0,"16":0,"17":0,"18":0,"19":3},"f":{"0":0,"1":0,"2":0},"b":{"0":[0,0],"1":[0,0],"2":[0,0],"3":[0,0],"4":[0,0],"5":[0,0],"6":[0,0],"7":[0,0],"8":[0,0],"9":[0,0],"10":[0,0],"11":[0,0],"12":[0,0],"13":[0,0],"14":[0,0],"15":[0,0],"16":[0,0]},"_coverageSchema":"1a1c01bbd47fc00a2c39e90264f33305004495a9","hash":"3b36660cb3895772baad55f31a343386bb1086f9"},"C:\\Users\\Cozapry\\Desktop\\Phase2\\week3\\individualProject\\individual-project-anpray\\server\\routers\\expRoutes.js":{"path":"C:\\Users\\Cozapry\\Desktop\\Phase2\\week3\\individualProject\\individual-project-anpray\\server\\routers\\expRoutes.js","statementMap":{"0":{"start":{"line":1,"column":15},"end":{"line":1,"column":42}},"1":{"start":{"line":2,"column":23},"end":{"line":2,"column":63}},"2":{"start":{"line":3,"column":36},"end":{"line":3,"column":75}},"3":{"start":{"line":4,"column":29},"end":{"line":4,"column":75}},"4":{"start":{"line":6,"column":0},"end":{"line":6,"column":27}},"5":{"start":{"line":7,"column":0},"end":{"line":7,"column":56}},"6":{"start":{"line":8,"column":0},"end":{"line":8,"column":54}},"7":{"start":{"line":9,"column":0},"end":{"line":9,"column":64}},"8":{"start":{"line":10,"column":0},"end":{"line":14,"column":2}},"9":{"start":{"line":15,"column":0},"end":{"line":19,"column":2}},"10":{"start":{"line":21,"column":0},"end":{"line":21,"column":24}}},"fnMap":{},"branchMap":{},"s":{"0":3,"1":3,"2":3,"3":3,"4":3,"5":3,"6":3,"7":3,"8":3,"9":3,"10":3},"f":{},"b":{},"_coverageSchema":"1a1c01bbd47fc00a2c39e90264f33305004495a9","hash":"d567189f7131ffe2740608b9c881df242ae5bb40"},"C:\\Users\\Cozapry\\Desktop\\Phase2\\week3\\individualProject\\individual-project-anpray\\server\\controllers\\ExperienceController.js":{"path":"C:\\Users\\Cozapry\\Desktop\\Phase2\\week3\\individualProject\\individual-project-anpray\\server\\controllers\\ExperienceController.js","statementMap":{"0":{"start":{"line":1,"column":33},"end":{"line":1,"column":53}},"1":{"start":{"line":5,"column":4},"end":{"line":25,"column":5}},"2":{"start":{"line":7,"column":8},"end":{"line":7,"column":16}},"3":{"start":{"line":10,"column":17},"end":{"line":10,"column":40}},"4":{"start":{"line":11,"column":6},"end":{"line":11,"column":67}},"5":{"start":{"line":11,"column":15},"end":{"line":11,"column":67}},"6":{"start":{"line":13,"column":25},"end":{"line":20,"column":8}},"7":{"start":{"line":22,"column":6},"end":{"line":22,"column":39}},"8":{"start":{"line":24,"column":6},"end":{"line":24,"column":16}},"9":{"start":{"line":28,"column":4},"end":{"line":39,"column":5}},"10":{"start":{"line":29,"column":23},"end":{"line":29,"column":33}},"11":{"start":{"line":31,"column":26},"end":{"line":34,"column":8}},"12":{"start":{"line":36,"column":6},"end":{"line":36,"column":40}},"13":{"start":{"line":38,"column":6},"end":{"line":38,"column":16}},"14":{"start":{"line":42,"column":4},"end":{"line":62,"column":5}},"15":{"start":{"line":43,"column":21},"end":{"line":43,"column":31}},"16":{"start":{"line":45,"column":25},"end":{"line":45,"column":54}},"17":{"start":{"line":46,"column":6},"end":{"line":47,"column":68}},"18":{"start":{"line":47,"column":8},"end":{"line":47,"column":68}},"19":{"start":{"line":49,"column":69},"end":{"line":49,"column":77}},"20":{"start":{"line":51,"column":6},"end":{"line":57,"column":9}},"21":{"start":{"line":59,"column":6},"end":{"line":59,"column":39}},"22":{"start":{"line":61,"column":6},"end":{"line":61,"column":16}},"23":{"start":{"line":65,"column":4},"end":{"line":77,"column":5}},"24":{"start":{"line":66,"column":21},"end":{"line":66,"column":31}},"25":{"start":{"line":68,"column":25},"end":{"line":68,"column":54}},"26":{"start":{"line":69,"column":6},"end":{"line":70,"column":68}},"27":{"start":{"line":70,"column":8},"end":{"line":70,"column":68}},"28":{"start":{"line":72,"column":6},"end":{"line":72,"column":33}},"29":{"start":{"line":74,"column":6},"end":{"line":74,"column":62}},"30":{"start":{"line":76,"column":6},"end":{"line":76,"column":16}},"31":{"start":{"line":80,"column":4},"end":{"line":126,"column":5}},"32":{"start":{"line":81,"column":36},"end":{"line":81,"column":44}},"33":{"start":{"line":83,"column":6},"end":{"line":85,"column":7}},"34":{"start":{"line":84,"column":8},"end":{"line":84,"column":67}},"35":{"start":{"line":87,"column":17},"end":{"line":87,"column":40}},"36":{"start":{"line":88,"column":6},"end":{"line":90,"column":7}},"37":{"start":{"line":89,"column":8},"end":{"line":89,"column":60}},"38":{"start":{"line":92,"column":6},"end":{"line":94,"column":7}},"39":{"start":{"line":93,"column":8},"end":{"line":93,"column":70}},"40":{"start":{"line":96,"column":6},"end":{"line":96,"column":52}},"41":{"start":{"line":98,"column":18},"end":{"line":98,"column":63}},"42":{"start":{"line":99,"column":19},"end":{"line":115,"column":9}},"43":{"start":{"line":100,"column":23},"end":{"line":107,"column":9}},"44":{"start":{"line":110,"column":12},"end":{"line":114,"column":23}},"45":{"start":{"line":117,"column":6},"end":{"line":121,"column":7}},"46":{"start":{"line":118,"column":8},"end":{"line":118,"column":42}},"47":{"start":{"line":119,"column":8},"end":{"line":119,"column":65}},"48":{"start":{"line":120,"column":8},"end":{"line":120,"column":15}},"49":{"start":{"line":123,"column":6},"end":{"line":123,"column":66}},"50":{"start":{"line":125,"column":6},"end":{"line":125,"column":16}},"51":{"start":{"line":130,"column":0},"end":{"line":130,"column":38}}},"fnMap":{"0":{"name":"(anonymous_0)","decl":{"start":{"line":4,"column":2},"end":{"line":4,"column":3}},"loc":{"start":{"line":4,"column":48},"end":{"line":26,"column":3}},"line":4},"1":{"name":"(anonymous_1)","decl":{"start":{"line":27,"column":2},"end":{"line":27,"column":3}},"loc":{"start":{"line":27,"column":49},"end":{"line":40,"column":3}},"line":27},"2":{"name":"(anonymous_2)","decl":{"start":{"line":41,"column":2},"end":{"line":41,"column":3}},"loc":{"start":{"line":41,"column":48},"end":{"line":63,"column":3}},"line":41},"3":{"name":"(anonymous_3)","decl":{"start":{"line":64,"column":2},"end":{"line":64,"column":3}},"loc":{"start":{"line":64,"column":48},"end":{"line":78,"column":3}},"line":64},"4":{"name":"(anonymous_4)","decl":{"start":{"line":79,"column":2},"end":{"line":79,"column":3}},"loc":{"start":{"line":79,"column":42},"end":{"line":127,"column":3}},"line":79},"5":{"name":"(anonymous_5)","decl":{"start":{"line":100,"column":13},"end":{"line":100,"column":14}},"loc":{"start":{"line":100,"column":23},"end":{"line":107,"column":9}},"line":100},"6":{"name":"(anonymous_6)","decl":{"start":{"line":109,"column":10},"end":{"line":109,"column":11}},"loc":{"start":{"line":110,"column":12},"end":{"line":114,"column":23}},"line":110}},"branchMap":{"0":{"loc":{"start":{"line":11,"column":6},"end":{"line":11,"column":67}},"type":"if","locations":[{"start":{"line":11,"column":6},"end":{"line":11,"column":67}},{"start":{},"end":{}}],"line":11},"1":{"loc":{"start":{"line":46,"column":6},"end":{"line":47,"column":68}},"type":"if","locations":[{"start":{"line":46,"column":6},"end":{"line":47,"column":68}},{"start":{},"end":{}}],"line":46},"2":{"loc":{"start":{"line":69,"column":6},"end":{"line":70,"column":68}},"type":"if","locations":[{"start":{"line":69,"column":6},"end":{"line":70,"column":68}},{"start":{},"end":{}}],"line":69},"3":{"loc":{"start":{"line":83,"column":6},"end":{"line":85,"column":7}},"type":"if","locations":[{"start":{"line":83,"column":6},"end":{"line":85,"column":7}},{"start":{},"end":{}}],"line":83},"4":{"loc":{"start":{"line":88,"column":6},"end":{"line":90,"column":7}},"type":"if","locations":[{"start":{"line":88,"column":6},"end":{"line":90,"column":7}},{"start":{},"end":{}}],"line":88},"5":{"loc":{"start":{"line":92,"column":6},"end":{"line":94,"column":7}},"type":"if","locations":[{"start":{"line":92,"column":6},"end":{"line":94,"column":7}},{"start":{},"end":{}}],"line":92},"6":{"loc":{"start":{"line":92,"column":10},"end":{"line":92,"column":64}},"type":"binary-expr","locations":[{"start":{"line":92,"column":10},"end":{"line":92,"column":35}},{"start":{"line":92,"column":39},"end":{"line":92,"column":64}}],"line":92},"7":{"loc":{"start":{"line":98,"column":18},"end":{"line":98,"column":63}},"type":"cond-expr","locations":[{"start":{"line":98,"column":47},"end":{"line":98,"column":58}},{"start":{"line":98,"column":61},"end":{"line":98,"column":63}}],"line":98},"8":{"loc":{"start":{"line":104,"column":21},"end":{"line":104,"column":42}},"type":"binary-expr","locations":[{"start":{"line":104,"column":21},"end":{"line":104,"column":34}},{"start":{"line":104,"column":38},"end":{"line":104,"column":42}}],"line":104},"9":{"loc":{"start":{"line":105,"column":19},"end":{"line":105,"column":55}},"type":"binary-expr","locations":[{"start":{"line":105,"column":19},"end":{"line":105,"column":30}},{"start":{"line":105,"column":34},"end":{"line":105,"column":47}},{"start":{"line":105,"column":51},"end":{"line":105,"column":55}}],"line":105},"10":{"loc":{"start":{"line":110,"column":12},"end":{"line":114,"column":23}},"type":"binary-expr","locations":[{"start":{"line":110,"column":12},"end":{"line":110,"column":23}},{"start":{"line":111,"column":12},"end":{"line":111,"column":24}},{"start":{"line":112,"column":12},"end":{"line":112,"column":27}},{"start":{"line":113,"column":12},"end":{"line":113,"column":25}},{"start":{"line":114,"column":12},"end":{"line":114,"column":23}}],"line":110},"11":{"loc":{"start":{"line":117,"column":6},"end":{"line":121,"column":7}},"type":"if","locations":[{"start":{"line":117,"column":6},"end":{"line":121,"column":7}},{"start":{},"end":{}}],"line":117}},"s":{"0":4,"1":12,"2":12,"3":12,"4":12,"5":1,"6":11,"7":6,"8":6,"9":3,"10":3,"11":3,"12":3,"13":0,"14":3,"15":3,"16":3,"17":3,"18":1,"19":2,"20":2,"21":2,"22":1,"23":3,"24":3,"25":3,"26":3,"27":1,"28":2,"29":2,"30":1,"31":5,"32":5,"33":5,"34":1,"35":4,"36":4,"37":1,"38":3,"39":1,"40":2,"41":2,"42":2,"43":1,"44":1,"45":2,"46":1,"47":1,"48":1,"49":1,"50":3,"51":4},"f":{"0":12,"1":3,"2":3,"3":3,"4":5,"5":1,"6":1},"b":{"0":[1,11],"1":[1,2],"2":[1,2],"3":[1,4],"4":[1,3],"5":[1,2],"6":[3,3],"7":[2,0],"8":[1,0],"9":[1,0,0],"10":[1,1,1,1,1],"11":[1,1]},"_coverageSchema":"1a1c01bbd47fc00a2c39e90264f33305004495a9","hash":"eb1f099fe4773ceb8ec74e00fe36cb825e1aff82"},"C:\\Users\\Cozapry\\Desktop\\Phase2\\week3\\individualProject\\individual-project-anpray\\server\\middlewares\\errorHandler.js":{"path":"C:\\Users\\Cozapry\\Desktop\\Phase2\\week3\\individualProject\\individual-project-anpray\\server\\middlewares\\errorHandler.js","statementMap":{"0":{"start":{"line":1,"column":21},"end":{"line":32,"column":1}},"1":{"start":{"line":2,"column":20},"end":{"line":2,"column":28}},"2":{"start":{"line":3,"column":2},"end":{"line":3,"column":19}},"3":{"start":{"line":5,"column":2},"end":{"line":31,"column":3}},"4":{"start":{"line":8,"column":6},"end":{"line":8,"column":63}},"5":{"start":{"line":9,"column":6},"end":{"line":9,"column":12}},"6":{"start":{"line":11,"column":6},"end":{"line":11,"column":57}},"7":{"start":{"line":12,"column":6},"end":{"line":12,"column":12}},"8":{"start":{"line":14,"column":6},"end":{"line":14,"column":53}},"9":{"start":{"line":15,"column":6},"end":{"line":15,"column":12}},"10":{"start":{"line":17,"column":6},"end":{"line":17,"column":53}},"11":{"start":{"line":18,"column":6},"end":{"line":18,"column":12}},"12":{"start":{"line":20,"column":6},"end":{"line":20,"column":53}},"13":{"start":{"line":21,"column":6},"end":{"line":21,"column":12}},"14":{"start":{"line":23,"column":6},"end":{"line":23,"column":53}},"15":{"start":{"line":24,"column":6},"end":{"line":24,"column":12}},"16":{"start":{"line":26,"column":6},"end":{"line":26,"column":53}},"17":{"start":{"line":27,"column":6},"end":{"line":27,"column":12}},"18":{"start":{"line":29,"column":6},"end":{"line":29,"column":65}},"19":{"start":{"line":30,"column":6},"end":{"line":30,"column":12}},"20":{"start":{"line":34,"column":0},"end":{"line":34,"column":30}}},"fnMap":{"0":{"name":"(anonymous_0)","decl":{"start":{"line":1,"column":21},"end":{"line":1,"column":22}},"loc":{"start":{"line":1,"column":46},"end":{"line":32,"column":1}},"line":1}},"branchMap":{"0":{"loc":{"start":{"line":5,"column":2},"end":{"line":31,"column":3}},"type":"switch","locations":[{"start":{"line":6,"column":4},"end":{"line":6,"column":36}},{"start":{"line":7,"column":4},"end":{"line":9,"column":12}},{"start":{"line":10,"column":4},"end":{"line":12,"column":12}},{"start":{"line":13,"column":4},"end":{"line":15,"column":12}},{"start":{"line":16,"column":4},"end":{"line":18,"column":12}},{"start":{"line":19,"column":4},"end":{"line":21,"column":12}},{"start":{"line":22,"column":4},"end":{"line":24,"column":12}},{"start":{"line":25,"column":4},"end":{"line":27,"column":12}},{"start":{"line":28,"column":4},"end":{"line":30,"column":12}}],"line":5}},"s":{"0":3,"1":24,"2":24,"3":24,"4":9,"5":9,"6":0,"7":0,"8":3,"9":3,"10":0,"11":0,"12":12,"13":12,"14":0,"15":0,"16":0,"17":0,"18":0,"19":0,"20":3},"f":{"0":24},"b":{"0":[8,9,0,3,0,12,0,0,0]},"_coverageSchema":"1a1c01bbd47fc00a2c39e90264f33305004495a9","hash":"f8edaa46ce771586f5159ab6644f02b2dfb9d4c8"}}}
