{"C:\\Users\\Cozapry\\Desktop\\Phase2\\week3\\individualProject\\individual-project-anpray\\server\\controllers\\AuthController.js": {"path":"C:\\Users\\Cozapry\\Desktop\\Phase2\\week3\\individualProject\\individual-project-anpray\\server\\controllers\\AuthController.js","statementMap":{"0":{"start":{"line":1,"column":15},"end":{"line":1,"column":32}},"1":{"start":{"line":2,"column":14},"end":{"line":2,"column":30}},"2":{"start":{"line":3,"column":28},"end":{"line":3,"column":56}},"3":{"start":{"line":4,"column":22},"end":{"line":4,"column":47}},"4":{"start":{"line":5,"column":17},"end":{"line":5,"column":37}},"5":{"start":{"line":9,"column":4},"end":{"line":22,"column":5}},"6":{"start":{"line":10,"column":40},"end":{"line":10,"column":48}},"7":{"start":{"line":11,"column":19},"end":{"line":15,"column":8}},"8":{"start":{"line":17,"column":21},"end":{"line":17,"column":34}},"9":{"start":{"line":18,"column":6},"end":{"line":18,"column":29}},"10":{"start":{"line":19,"column":6},"end":{"line":19,"column":35}},"11":{"start":{"line":21,"column":6},"end":{"line":21,"column":16}},"12":{"start":{"line":26,"column":4},"end":{"line":63,"column":5}},"13":{"start":{"line":27,"column":34},"end":{"line":27,"column":42}},"14":{"start":{"line":29,"column":6},"end":{"line":31,"column":7}},"15":{"start":{"line":30,"column":8},"end":{"line":30,"column":67}},"16":{"start":{"line":33,"column":6},"end":{"line":35,"column":7}},"17":{"start":{"line":34,"column":8},"end":{"line":34,"column":70}},"18":{"start":{"line":37,"column":19},"end":{"line":41,"column":8}},"19":{"start":{"line":43,"column":6},"end":{"line":44,"column":74}},"20":{"start":{"line":44,"column":8},"end":{"line":44,"column":74}},"21":{"start":{"line":46,"column":28},"end":{"line":46,"column":68}},"22":{"start":{"line":48,"column":6},"end":{"line":49,"column":74}},"23":{"start":{"line":49,"column":8},"end":{"line":49,"column":74}},"24":{"start":{"line":51,"column":27},"end":{"line":55,"column":8}},"25":{"start":{"line":56,"column":6},"end":{"line":56,"column":32}},"26":{"start":{"line":58,"column":6},"end":{"line":60,"column":9}},"27":{"start":{"line":62,"column":6},"end":{"line":62,"column":16}},"28":{"start":{"line":67,"column":4},"end":{"line":88,"column":5}},"29":{"start":{"line":68,"column":23},"end":{"line":68,"column":51}},"30":{"start":{"line":70,"column":8},"end":{"line":71,"column":52}},"31":{"start":{"line":73,"column":6},"end":{"line":75,"column":7}},"32":{"start":{"line":74,"column":8},"end":{"line":74,"column":74}},"33":{"start":{"line":77,"column":21},"end":{"line":81,"column":8}},"34":{"start":{"line":83,"column":6},"end":{"line":85,"column":8}},"35":{"start":{"line":87,"column":6},"end":{"line":87,"column":16}},"36":{"start":{"line":92,"column":4},"end":{"line":165,"column":5}},"37":{"start":{"line":93,"column":23},"end":{"line":93,"column":32}},"38":{"start":{"line":94,"column":6},"end":{"line":96,"column":7}},"39":{"start":{"line":95,"column":8},"end":{"line":95,"column":69}},"40":{"start":{"line":98,"column":23},"end":{"line":98,"column":51}},"41":{"start":{"line":99,"column":27},"end":{"line":99,"column":59}},"42":{"start":{"line":101,"column":8},"end":{"line":102,"column":52}},"43":{"start":{"line":104,"column":6},"end":{"line":106,"column":7}},"44":{"start":{"line":105,"column":8},"end":{"line":105,"column":74}},"45":{"start":{"line":108,"column":23},"end":{"line":119,"column":7}},"46":{"start":{"line":121,"column":26},"end":{"line":121,"column":53}},"47":{"start":{"line":122,"column":6},"end":{"line":124,"column":7}},"48":{"start":{"line":123,"column":8},"end":{"line":123,"column":71}},"49":{"start":{"line":126,"column":22},"end":{"line":128,"column":8}},"50":{"start":{"line":130,"column":24},"end":{"line":132,"column":8}},"51":{"start":{"line":134,"column":21},"end":{"line":134,"column":72}},"52":{"start":{"line":135,"column":27},"end":{"line":135,"column":79}},"53":{"start":{"line":135,"column":49},"end":{"line":135,"column":78}},"54":{"start":{"line":137,"column":8},"end":{"line":137,"column":70}},"55":{"start":{"line":139,"column":6},"end":{"line":141,"column":7}},"56":{"start":{"line":140,"column":8},"end":{"line":140,"column":72}},"57":{"start":{"line":144,"column":8},"end":{"line":144,"column":66}},"58":{"start":{"line":146,"column":21},"end":{"line":153,"column":8}},"59":{"start":{"line":155,"column":27},"end":{"line":159,"column":8}},"60":{"start":{"line":161,"column":24},"end":{"line":161,"column":73}},"61":{"start":{"line":162,"column":6},"end":{"line":162,"column":63}},"62":{"start":{"line":164,"column":6},"end":{"line":164,"column":16}},"63":{"start":{"line":169,"column":4},"end":{"line":192,"column":5}},"64":{"start":{"line":170,"column":23},"end":{"line":170,"column":51}},"65":{"start":{"line":172,"column":8},"end":{"line":173,"column":52}},"66":{"start":{"line":175,"column":6},"end":{"line":177,"column":7}},"67":{"start":{"line":176,"column":8},"end":{"line":176,"column":74}},"68":{"start":{"line":179,"column":21},"end":{"line":185,"column":8}},"69":{"start":{"line":187,"column":6},"end":{"line":189,"column":8}},"70":{"start":{"line":191,"column":6},"end":{"line":191,"column":16}},"71":{"start":{"line":196,"column":4},"end":{"line":258,"column":5}},"72":{"start":{"line":197,"column":23},"end":{"line":197,"column":32}},"73":{"start":{"line":198,"column":6},"end":{"line":200,"column":7}},"74":{"start":{"line":199,"column":8},"end":{"line":199,"column":69}},"75":{"start":{"line":202,"column":23},"end":{"line":202,"column":51}},"76":{"start":{"line":203,"column":27},"end":{"line":203,"column":59}},"77":{"start":{"line":205,"column":8},"end":{"line":206,"column":52}},"78":{"start":{"line":208,"column":6},"end":{"line":210,"column":7}},"79":{"start":{"line":209,"column":8},"end":{"line":209,"column":74}},"80":{"start":{"line":212,"column":23},"end":{"line":218,"column":8}},"81":{"start":{"line":220,"column":26},"end":{"line":220,"column":53}},"82":{"start":{"line":221,"column":6},"end":{"line":223,"column":7}},"83":{"start":{"line":222,"column":8},"end":{"line":222,"column":71}},"84":{"start":{"line":225,"column":22},"end":{"line":230,"column":7}},"85":{"start":{"line":232,"column":20},"end":{"line":232,"column":39}},"86":{"start":{"line":233,"column":26},"end":{"line":233,"column":61}},"87":{"start":{"line":235,"column":6},"end":{"line":237,"column":7}},"88":{"start":{"line":236,"column":8},"end":{"line":236,"column":72}},"89":{"start":{"line":239,"column":21},"end":{"line":246,"column":8}},"90":{"start":{"line":248,"column":27},"end":{"line":252,"column":8}},"91":{"start":{"line":254,"column":24},"end":{"line":254,"column":73}},"92":{"start":{"line":255,"column":6},"end":{"line":255,"column":63}},"93":{"start":{"line":257,"column":6},"end":{"line":257,"column":16}},"94":{"start":{"line":262,"column":4},"end":{"line":380,"column":5}},"95":{"start":{"line":263,"column":24},"end":{"line":263,"column":32}},"96":{"start":{"line":265,"column":6},"end":{"line":267,"column":7}},"97":{"start":{"line":266,"column":8},"end":{"line":266,"column":70}},"98":{"start":{"line":269,"column":23},"end":{"line":269,"column":51}},"99":{"start":{"line":270,"column":6},"end":{"line":272,"column":7}},"100":{"start":{"line":271,"column":8},"end":{"line":271,"column":74}},"101":{"start":{"line":274,"column":6},"end":{"line":274,"column":63}},"102":{"start":{"line":276,"column":21},"end":{"line":276,"column":25}},"103":{"start":{"line":278,"column":6},"end":{"line":342,"column":7}},"104":{"start":{"line":280,"column":8},"end":{"line":280,"column":59}},"105":{"start":{"line":281,"column":25},"end":{"line":283,"column":9}},"106":{"start":{"line":285,"column":8},"end":{"line":285,"column":72}},"107":{"start":{"line":286,"column":8},"end":{"line":286,"column":33}},"108":{"start":{"line":289,"column":8},"end":{"line":297,"column":9}},"109":{"start":{"line":290,"column":10},"end":{"line":295,"column":12}},"110":{"start":{"line":296,"column":10},"end":{"line":296,"column":26}},"111":{"start":{"line":299,"column":8},"end":{"line":299,"column":76}},"112":{"start":{"line":302,"column":8},"end":{"line":341,"column":9}},"113":{"start":{"line":303,"column":38},"end":{"line":305,"column":11}},"114":{"start":{"line":307,"column":10},"end":{"line":310,"column":12}},"115":{"start":{"line":313,"column":35},"end":{"line":320,"column":11}},"116":{"start":{"line":322,"column":10},"end":{"line":322,"column":67}},"117":{"start":{"line":323,"column":10},"end":{"line":323,"column":43}},"118":{"start":{"line":325,"column":10},"end":{"line":325,"column":73}},"119":{"start":{"line":326,"column":10},"end":{"line":329,"column":12}},"120":{"start":{"line":330,"column":10},"end":{"line":333,"column":12}},"121":{"start":{"line":335,"column":10},"end":{"line":340,"column":12}},"122":{"start":{"line":344,"column":6},"end":{"line":349,"column":7}},"123":{"start":{"line":345,"column":8},"end":{"line":348,"column":10}},"124":{"start":{"line":351,"column":20},"end":{"line":351,"column":61}},"125":{"start":{"line":352,"column":26},"end":{"line":352,"column":56}},"126":{"start":{"line":354,"column":6},"end":{"line":356,"column":7}},"127":{"start":{"line":355,"column":8},"end":{"line":355,"column":72}},"128":{"start":{"line":359,"column":21},"end":{"line":366,"column":8}},"129":{"start":{"line":369,"column":27},"end":{"line":373,"column":8}},"130":{"start":{"line":375,"column":6},"end":{"line":377,"column":9}},"131":{"start":{"line":379,"column":6},"end":{"line":379,"column":16}},"132":{"start":{"line":384,"column":0},"end":{"line":384,"column":32}}},"fnMap":{"0":{"name":"(anonymous_0)","decl":{"start":{"line":8,"column":2},"end":{"line":8,"column":3}},"loc":{"start":{"line":8,"column":40},"end":{"line":23,"column":3}},"line":8},"1":{"name":"(anonymous_1)","decl":{"start":{"line":25,"column":2},"end":{"line":25,"column":3}},"loc":{"start":{"line":25,"column":37},"end":{"line":64,"column":3}},"line":25},"2":{"name":"(anonymous_2)","decl":{"start":{"line":66,"column":2},"end":{"line":66,"column":3}},"loc":{"start":{"line":66,"column":43},"end":{"line":89,"column":3}},"line":66},"3":{"name":"(anonymous_3)","decl":{"start":{"line":91,"column":2},"end":{"line":91,"column":3}},"loc":{"start":{"line":91,"column":46},"end":{"line":166,"column":3}},"line":91},"4":{"name":"(anonymous_4)","decl":{"start":{"line":135,"column":39},"end":{"line":135,"column":40}},"loc":{"start":{"line":135,"column":49},"end":{"line":135,"column":78}},"line":135},"5":{"name":"(anonymous_5)","decl":{"start":{"line":168,"column":2},"end":{"line":168,"column":3}},"loc":{"start":{"line":168,"column":43},"end":{"line":193,"column":3}},"line":168},"6":{"name":"(anonymous_6)","decl":{"start":{"line":195,"column":2},"end":{"line":195,"column":3}},"loc":{"start":{"line":195,"column":46},"end":{"line":259,"column":3}},"line":195},"7":{"name":"(anonymous_7)","decl":{"start":{"line":261,"column":2},"end":{"line":261,"column":3}},"loc":{"start":{"line":261,"column":44},"end":{"line":381,"column":3}},"line":261}},"branchMap":{"0":{"loc":{"start":{"line":29,"column":6},"end":{"line":31,"column":7}},"type":"if","locations":[{"start":{"line":29,"column":6},"end":{"line":31,"column":7}},{"start":{},"end":{}}],"line":29},"1":{"loc":{"start":{"line":33,"column":6},"end":{"line":35,"column":7}},"type":"if","locations":[{"start":{"line":33,"column":6},"end":{"line":35,"column":7}},{"start":{},"end":{}}],"line":33},"2":{"loc":{"start":{"line":43,"column":6},"end":{"line":44,"column":74}},"type":"if","locations":[{"start":{"line":43,"column":6},"end":{"line":44,"column":74}},{"start":{},"end":{}}],"line":43},"3":{"loc":{"start":{"line":48,"column":6},"end":{"line":49,"column":74}},"type":"if","locations":[{"start":{"line":48,"column":6},"end":{"line":49,"column":74}},{"start":{},"end":{}}],"line":48},"4":{"loc":{"start":{"line":70,"column":8},"end":{"line":71,"column":52}},"type":"binary-expr","locations":[{"start":{"line":70,"column":8},"end":{"line":70,"column":39}},{"start":{"line":71,"column":8},"end":{"line":71,"column":52}}],"line":70},"5":{"loc":{"start":{"line":73,"column":6},"end":{"line":75,"column":7}},"type":"if","locations":[{"start":{"line":73,"column":6},"end":{"line":75,"column":7}},{"start":{},"end":{}}],"line":73},"6":{"loc":{"start":{"line":94,"column":6},"end":{"line":96,"column":7}},"type":"if","locations":[{"start":{"line":94,"column":6},"end":{"line":96,"column":7}},{"start":{},"end":{}}],"line":94},"7":{"loc":{"start":{"line":101,"column":8},"end":{"line":102,"column":52}},"type":"binary-expr","locations":[{"start":{"line":101,"column":8},"end":{"line":101,"column":39}},{"start":{"line":102,"column":8},"end":{"line":102,"column":52}}],"line":101},"8":{"loc":{"start":{"line":104,"column":6},"end":{"line":106,"column":7}},"type":"if","locations":[{"start":{"line":104,"column":6},"end":{"line":106,"column":7}},{"start":{},"end":{}}],"line":104},"9":{"loc":{"start":{"line":104,"column":10},"end":{"line":104,"column":36}},"type":"binary-expr","locations":[{"start":{"line":104,"column":10},"end":{"line":104,"column":19}},{"start":{"line":104,"column":23},"end":{"line":104,"column":36}}],"line":104},"10":{"loc":{"start":{"line":122,"column":6},"end":{"line":124,"column":7}},"type":"if","locations":[{"start":{"line":122,"column":6},"end":{"line":124,"column":7}},{"start":{},"end":{}}],"line":122},"11":{"loc":{"start":{"line":134,"column":21},"end":{"line":134,"column":72}},"type":"cond-expr","locations":[{"start":{"line":134,"column":53},"end":{"line":134,"column":67}},{"start":{"line":134,"column":70},"end":{"line":134,"column":72}}],"line":134},"12":{"loc":{"start":{"line":135,"column":49},"end":{"line":135,"column":78}},"type":"binary-expr","locations":[{"start":{"line":135,"column":49},"end":{"line":135,"column":61}},{"start":{"line":135,"column":65},"end":{"line":135,"column":78}}],"line":135},"13":{"loc":{"start":{"line":137,"column":8},"end":{"line":137,"column":70}},"type":"binary-expr","locations":[{"start":{"line":137,"column":8},"end":{"line":137,"column":27}},{"start":{"line":137,"column":31},"end":{"line":137,"column":50}},{"start":{"line":137,"column":54},"end":{"line":137,"column":70}}],"line":137},"14":{"loc":{"start":{"line":139,"column":6},"end":{"line":141,"column":7}},"type":"if","locations":[{"start":{"line":139,"column":6},"end":{"line":141,"column":7}},{"start":{},"end":{}}],"line":139},"15":{"loc":{"start":{"line":144,"column":8},"end":{"line":144,"column":66}},"type":"binary-expr","locations":[{"start":{"line":144,"column":8},"end":{"line":144,"column":26}},{"start":{"line":144,"column":30},"end":{"line":144,"column":49}},{"start":{"line":144,"column":53},"end":{"line":144,"column":66}}],"line":144},"16":{"loc":{"start":{"line":161,"column":24},"end":{"line":161,"column":73}},"type":"binary-expr","locations":[{"start":{"line":161,"column":24},"end":{"line":161,"column":46}},{"start":{"line":161,"column":50},"end":{"line":161,"column":73}}],"line":161},"17":{"loc":{"start":{"line":172,"column":8},"end":{"line":173,"column":52}},"type":"binary-expr","locations":[{"start":{"line":172,"column":8},"end":{"line":172,"column":39}},{"start":{"line":173,"column":8},"end":{"line":173,"column":52}}],"line":172},"18":{"loc":{"start":{"line":175,"column":6},"end":{"line":177,"column":7}},"type":"if","locations":[{"start":{"line":175,"column":6},"end":{"line":177,"column":7}},{"start":{},"end":{}}],"line":175},"19":{"loc":{"start":{"line":198,"column":6},"end":{"line":200,"column":7}},"type":"if","locations":[{"start":{"line":198,"column":6},"end":{"line":200,"column":7}},{"start":{},"end":{}}],"line":198},"20":{"loc":{"start":{"line":205,"column":8},"end":{"line":206,"column":52}},"type":"binary-expr","locations":[{"start":{"line":205,"column":8},"end":{"line":205,"column":39}},{"start":{"line":206,"column":8},"end":{"line":206,"column":52}}],"line":205},"21":{"loc":{"start":{"line":208,"column":6},"end":{"line":210,"column":7}},"type":"if","locations":[{"start":{"line":208,"column":6},"end":{"line":210,"column":7}},{"start":{},"end":{}}],"line":208},"22":{"loc":{"start":{"line":208,"column":10},"end":{"line":208,"column":36}},"type":"binary-expr","locations":[{"start":{"line":208,"column":10},"end":{"line":208,"column":19}},{"start":{"line":208,"column":23},"end":{"line":208,"column":36}}],"line":208},"23":{"loc":{"start":{"line":221,"column":6},"end":{"line":223,"column":7}},"type":"if","locations":[{"start":{"line":221,"column":6},"end":{"line":223,"column":7}},{"start":{},"end":{}}],"line":221},"24":{"loc":{"start":{"line":233,"column":26},"end":{"line":233,"column":61}},"type":"binary-expr","locations":[{"start":{"line":233,"column":26},"end":{"line":233,"column":44}},{"start":{"line":233,"column":48},"end":{"line":233,"column":61}}],"line":233},"25":{"loc":{"start":{"line":235,"column":6},"end":{"line":237,"column":7}},"type":"if","locations":[{"start":{"line":235,"column":6},"end":{"line":237,"column":7}},{"start":{},"end":{}}],"line":235},"26":{"loc":{"start":{"line":254,"column":24},"end":{"line":254,"column":73}},"type":"binary-expr","locations":[{"start":{"line":254,"column":24},"end":{"line":254,"column":46}},{"start":{"line":254,"column":50},"end":{"line":254,"column":73}}],"line":254},"27":{"loc":{"start":{"line":265,"column":6},"end":{"line":267,"column":7}},"type":"if","locations":[{"start":{"line":265,"column":6},"end":{"line":267,"column":7}},{"start":{},"end":{}}],"line":265},"28":{"loc":{"start":{"line":270,"column":6},"end":{"line":272,"column":7}},"type":"if","locations":[{"start":{"line":270,"column":6},"end":{"line":272,"column":7}},{"start":{},"end":{}}],"line":270},"29":{"loc":{"start":{"line":289,"column":8},"end":{"line":297,"column":9}},"type":"if","locations":[{"start":{"line":289,"column":8},"end":{"line":297,"column":9}},{"start":{},"end":{}}],"line":289},"30":{"loc":{"start":{"line":328,"column":12},"end":{"line":328,"column":63}},"type":"binary-expr","locations":[{"start":{"line":328,"column":12},"end":{"line":328,"column":39}},{"start":{"line":328,"column":43},"end":{"line":328,"column":63}}],"line":328},"31":{"loc":{"start":{"line":332,"column":12},"end":{"line":332,"column":71}},"type":"binary-expr","locations":[{"start":{"line":332,"column":12},"end":{"line":332,"column":43}},{"start":{"line":332,"column":47},"end":{"line":332,"column":71}}],"line":332},"32":{"loc":{"start":{"line":338,"column":14},"end":{"line":339,"column":36}},"type":"binary-expr","locations":[{"start":{"line":338,"column":14},"end":{"line":338,"column":64}},{"start":{"line":339,"column":14},"end":{"line":339,"column":36}}],"line":338},"33":{"loc":{"start":{"line":344,"column":6},"end":{"line":349,"column":7}},"type":"if","locations":[{"start":{"line":344,"column":6},"end":{"line":349,"column":7}},{"start":{},"end":{}}],"line":344},"34":{"loc":{"start":{"line":351,"column":20},"end":{"line":351,"column":61}},"type":"binary-expr","locations":[{"start":{"line":351,"column":20},"end":{"line":351,"column":34}},{"start":{"line":351,"column":38},"end":{"line":351,"column":61}}],"line":351},"35":{"loc":{"start":{"line":352,"column":26},"end":{"line":352,"column":56}},"type":"binary-expr","locations":[{"start":{"line":352,"column":26},"end":{"line":352,"column":39}},{"start":{"line":352,"column":43},"end":{"line":352,"column":56}}],"line":352},"36":{"loc":{"start":{"line":354,"column":6},"end":{"line":356,"column":7}},"type":"if","locations":[{"start":{"line":354,"column":6},"end":{"line":356,"column":7}},{"start":{},"end":{}}],"line":354}},"s":{"0":1,"1":1,"2":1,"3":1,"4":1,"5":2,"6":2,"7":2,"8":1,"9":1,"10":1,"11":1,"12":5,"13":5,"14":5,"15":1,"16":4,"17":1,"18":3,"19":3,"20":1,"21":2,"22":2,"23":1,"24":1,"25":1,"26":1,"27":4,"28":0,"29":0,"30":0,"31":0,"32":0,"33":0,"34":0,"35":0,"36":0,"37":0,"38":0,"39":0,"40":0,"41":0,"42":0,"43":0,"44":0,"45":0,"46":0,"47":0,"48":0,"49":0,"50":0,"51":0,"52":0,"53":0,"54":0,"55":0,"56":0,"57":0,"58":0,"59":0,"60":0,"61":0,"62":0,"63":0,"64":0,"65":0,"66":0,"67":0,"68":0,"69":0,"70":0,"71":0,"72":0,"73":0,"74":0,"75":0,"76":0,"77":0,"78":0,"79":0,"80":0,"81":0,"82":0,"83":0,"84":0,"85":0,"86":0,"87":0,"88":0,"89":0,"90":0,"91":0,"92":0,"93":0,"94":6,"95":6,"96":6,"97":1,"98":5,"99":5,"100":0,"101":5,"102":5,"103":5,"104":5,"105":5,"106":4,"107":4,"108":4,"109":1,"110":1,"111":1,"112":1,"113":1,"114":0,"115":0,"116":0,"117":0,"118":1,"119":1,"120":1,"121":1,"122":4,"123":1,"124":3,"125":3,"126":3,"127":1,"128":2,"129":2,"130":2,"131":4,"132":1},"f":{"0":2,"1":5,"2":0,"3":0,"4":0,"5":0,"6":0,"7":6},"b":{"0":[1,4],"1":[1,3],"2":[1,2],"3":[1,1],"4":[0,0],"5":[0,0],"6":[0,0],"7":[0,0],"8":[0,0],"9":[0,0],"10":[0,0],"11":[0,0],"12":[0,0],"13":[0,0,0],"14":[0,0],"15":[0,0,0],"16":[0,0],"17":[0,0],"18":[0,0],"19":[0,0],"20":[0,0],"21":[0,0],"22":[0,0],"23":[0,0],"24":[0,0],"25":[0,0],"26":[0,0],"27":[1,5],"28":[0,5],"29":[1,3],"30":[1,1],"31":[1,1],"32":[1,1],"33":[1,3],"34":[3,1],"35":[3,1],"36":[1,2]},"_coverageSchema":"1a1c01bbd47fc00a2c39e90264f33305004495a9","hash":"4baae0acaa92463efc09672f2e26bf822e156664"}
,"C:\\Users\\Cozapry\\Desktop\\Phase2\\week3\\individualProject\\individual-project-anpray\\server\\controllers\\CvController.js": {"path":"C:\\Users\\Cozapry\\Desktop\\Phase2\\week3\\individualProject\\individual-project-anpray\\server\\controllers\\CvController.js","statementMap":{"0":{"start":{"line":1,"column":33},"end":{"line":1,"column":53}},"1":{"start":{"line":2,"column":19},"end":{"line":2,"column":50}},"2":{"start":{"line":3,"column":18},"end":{"line":3,"column":38}},"3":{"start":{"line":4,"column":15},"end":{"line":4,"column":32}},"4":{"start":{"line":5,"column":39},"end":{"line":5,"column":67}},"5":{"start":{"line":6,"column":30},"end":{"line":6,"column":63}},"6":{"start":{"line":8,"column":25},"end":{"line":8,"column":38}},"7":{"start":{"line":9,"column":22},"end":{"line":9,"column":24}},"8":{"start":{"line":10,"column":17},"end":{"line":10,"column":26}},"9":{"start":{"line":12,"column":30},"end":{"line":12,"column":39}},"10":{"start":{"line":13,"column":24},"end":{"line":13,"column":25}},"11":{"start":{"line":14,"column":24},"end":{"line":14,"column":33}},"12":{"start":{"line":16,"column":29},"end":{"line":16,"column":43}},"13":{"start":{"line":17,"column":26},"end":{"line":17,"column":28}},"14":{"start":{"line":18,"column":21},"end":{"line":18,"column":30}},"15":{"start":{"line":20,"column":30},"end":{"line":20,"column":39}},"16":{"start":{"line":21,"column":24},"end":{"line":21,"column":25}},"17":{"start":{"line":22,"column":24},"end":{"line":22,"column":33}},"18":{"start":{"line":24,"column":28},"end":{"line":24,"column":42}},"19":{"start":{"line":25,"column":25},"end":{"line":25,"column":27}},"20":{"start":{"line":26,"column":20},"end":{"line":26,"column":29}},"21":{"start":{"line":30,"column":4},"end":{"line":46,"column":5}},"22":{"start":{"line":31,"column":62},"end":{"line":31,"column":70}},"23":{"start":{"line":33,"column":17},"end":{"line":41,"column":8}},"24":{"start":{"line":43,"column":6},"end":{"line":43,"column":31}},"25":{"start":{"line":45,"column":6},"end":{"line":45,"column":16}},"26":{"start":{"line":49,"column":4},"end":{"line":59,"column":5}},"27":{"start":{"line":50,"column":18},"end":{"line":54,"column":8}},"28":{"start":{"line":56,"column":6},"end":{"line":56,"column":32}},"29":{"start":{"line":58,"column":6},"end":{"line":58,"column":16}},"30":{"start":{"line":62,"column":4},"end":{"line":85,"column":5}},"31":{"start":{"line":63,"column":21},"end":{"line":63,"column":31}},"32":{"start":{"line":65,"column":17},"end":{"line":76,"column":8}},"33":{"start":{"line":78,"column":6},"end":{"line":80,"column":7}},"34":{"start":{"line":79,"column":8},"end":{"line":79,"column":60}},"35":{"start":{"line":82,"column":6},"end":{"line":82,"column":31}},"36":{"start":{"line":84,"column":6},"end":{"line":84,"column":16}},"37":{"start":{"line":88,"column":4},"end":{"line":110,"column":5}},"38":{"start":{"line":89,"column":21},"end":{"line":89,"column":31}},"39":{"start":{"line":90,"column":62},"end":{"line":90,"column":70}},"40":{"start":{"line":92,"column":17},"end":{"line":92,"column":38}},"41":{"start":{"line":94,"column":6},"end":{"line":96,"column":7}},"42":{"start":{"line":95,"column":8},"end":{"line":95,"column":60}},"43":{"start":{"line":98,"column":6},"end":{"line":105,"column":9}},"44":{"start":{"line":107,"column":6},"end":{"line":107,"column":31}},"45":{"start":{"line":109,"column":6},"end":{"line":109,"column":16}},"46":{"start":{"line":113,"column":4},"end":{"line":127,"column":5}},"47":{"start":{"line":114,"column":21},"end":{"line":114,"column":31}},"48":{"start":{"line":116,"column":17},"end":{"line":116,"column":38}},"49":{"start":{"line":118,"column":6},"end":{"line":120,"column":7}},"50":{"start":{"line":119,"column":8},"end":{"line":119,"column":60}},"51":{"start":{"line":122,"column":6},"end":{"line":122,"column":25}},"52":{"start":{"line":124,"column":6},"end":{"line":124,"column":67}},"53":{"start":{"line":126,"column":6},"end":{"line":126,"column":16}},"54":{"start":{"line":130,"column":4},"end":{"line":171,"column":5}},"55":{"start":{"line":131,"column":19},"end":{"line":131,"column":33}},"56":{"start":{"line":133,"column":17},"end":{"line":133,"column":40}},"57":{"start":{"line":134,"column":6},"end":{"line":134,"column":22}},"58":{"start":{"line":136,"column":6},"end":{"line":141,"column":7}},"59":{"start":{"line":137,"column":8},"end":{"line":140,"column":10}},"60":{"start":{"line":143,"column":6},"end":{"line":148,"column":7}},"61":{"start":{"line":144,"column":8},"end":{"line":147,"column":10}},"62":{"start":{"line":150,"column":6},"end":{"line":155,"column":7}},"63":{"start":{"line":151,"column":8},"end":{"line":154,"column":10}},"64":{"start":{"line":157,"column":24},"end":{"line":157,"column":58}},"65":{"start":{"line":159,"column":28},"end":{"line":159,"column":75}},"66":{"start":{"line":161,"column":21},"end":{"line":161,"column":68}},"67":{"start":{"line":163,"column":6},"end":{"line":163,"column":55}},"68":{"start":{"line":165,"column":6},"end":{"line":168,"column":9}},"69":{"start":{"line":170,"column":6},"end":{"line":170,"column":16}},"70":{"start":{"line":174,"column":4},"end":{"line":195,"column":5}},"71":{"start":{"line":175,"column":6},"end":{"line":177,"column":7}},"72":{"start":{"line":176,"column":8},"end":{"line":176,"column":65}},"73":{"start":{"line":180,"column":24},"end":{"line":180,"column":52}},"74":{"start":{"line":181,"column":21},"end":{"line":181,"column":46}},"75":{"start":{"line":183,"column":6},"end":{"line":183,"column":39}},"76":{"start":{"line":185,"column":21},"end":{"line":185,"column":52}},"77":{"start":{"line":186,"column":6},"end":{"line":193,"column":7}},"78":{"start":{"line":187,"column":8},"end":{"line":191,"column":11}},"79":{"start":{"line":192,"column":8},"end":{"line":192,"column":15}},"80":{"start":{"line":194,"column":6},"end":{"line":194,"column":16}},"81":{"start":{"line":198,"column":4},"end":{"line":322,"column":5}},"82":{"start":{"line":199,"column":6},"end":{"line":201,"column":7}},"83":{"start":{"line":200,"column":8},"end":{"line":200,"column":65}},"84":{"start":{"line":203,"column":24},"end":{"line":203,"column":52}},"85":{"start":{"line":204,"column":18},"end":{"line":204,"column":28}},"86":{"start":{"line":205,"column":19},"end":{"line":205,"column":78}},"87":{"start":{"line":206,"column":23},"end":{"line":206,"column":47}},"88":{"start":{"line":207,"column":21},"end":{"line":207,"column":47}},"89":{"start":{"line":210,"column":6},"end":{"line":250,"column":7}},"90":{"start":{"line":211,"column":8},"end":{"line":211,"column":32}},"91":{"start":{"line":213,"column":24},"end":{"line":213,"column":43}},"92":{"start":{"line":214,"column":26},"end":{"line":214,"column":54}},"93":{"start":{"line":215,"column":8},"end":{"line":229,"column":9}},"94":{"start":{"line":216,"column":10},"end":{"line":219,"column":13}},"95":{"start":{"line":220,"column":15},"end":{"line":229,"column":9}},"96":{"start":{"line":221,"column":25},"end":{"line":221,"column":61}},"97":{"start":{"line":222,"column":26},"end":{"line":222,"column":50}},"98":{"start":{"line":223,"column":10},"end":{"line":226,"column":12}},"99":{"start":{"line":228,"column":10},"end":{"line":228,"column":31}},"100":{"start":{"line":231,"column":23},"end":{"line":231,"column":56}},"101":{"start":{"line":232,"column":8},"end":{"line":243,"column":9}},"102":{"start":{"line":233,"column":10},"end":{"line":233,"column":41}},"103":{"start":{"line":235,"column":28},"end":{"line":235,"column":55}},"104":{"start":{"line":236,"column":10},"end":{"line":241,"column":11}},"105":{"start":{"line":237,"column":12},"end":{"line":240,"column":14}},"106":{"start":{"line":242,"column":10},"end":{"line":242,"column":47}},"107":{"start":{"line":245,"column":8},"end":{"line":245,"column":72}},"108":{"start":{"line":246,"column":8},"end":{"line":249,"column":9}},"109":{"start":{"line":247,"column":28},"end":{"line":247,"column":60}},"110":{"start":{"line":248,"column":10},"end":{"line":248,"column":41}},"111":{"start":{"line":252,"column":28},"end":{"line":263,"column":7}},"112":{"start":{"line":253,"column":8},"end":{"line":253,"column":38}},"113":{"start":{"line":253,"column":20},"end":{"line":253,"column":38}},"114":{"start":{"line":254,"column":8},"end":{"line":260,"column":9}},"115":{"start":{"line":255,"column":26},"end":{"line":255,"column":52}},"116":{"start":{"line":256,"column":10},"end":{"line":256,"column":71}},"117":{"start":{"line":256,"column":53},"end":{"line":256,"column":71}},"118":{"start":{"line":257,"column":10},"end":{"line":259,"column":11}},"119":{"start":{"line":258,"column":12},"end":{"line":258,"column":30}},"120":{"start":{"line":261,"column":23},"end":{"line":261,"column":38}},"121":{"start":{"line":262,"column":8},"end":{"line":262,"column":68}},"122":{"start":{"line":265,"column":23},"end":{"line":268,"column":7}},"123":{"start":{"line":266,"column":8},"end":{"line":266,"column":55}},"124":{"start":{"line":266,"column":39},"end":{"line":266,"column":55}},"125":{"start":{"line":267,"column":8},"end":{"line":267,"column":29}},"126":{"start":{"line":270,"column":23},"end":{"line":270,"column":73}},"127":{"start":{"line":271,"column":20},"end":{"line":271,"column":60}},"128":{"start":{"line":272,"column":22},"end":{"line":272,"column":73}},"129":{"start":{"line":273,"column":24},"end":{"line":273,"column":60}},"130":{"start":{"line":274,"column":21},"end":{"line":274,"column":54}},"131":{"start":{"line":276,"column":26},"end":{"line":278,"column":12}},"132":{"start":{"line":280,"column":22},"end":{"line":307,"column":8}},"133":{"start":{"line":281,"column":19},"end":{"line":291,"column":9}},"134":{"start":{"line":293,"column":8},"end":{"line":304,"column":9}},"135":{"start":{"line":294,"column":29},"end":{"line":301,"column":13}},"136":{"start":{"line":294,"column":55},"end":{"line":301,"column":11}},"137":{"start":{"line":303,"column":10},"end":{"line":303,"column":67}},"138":{"start":{"line":306,"column":8},"end":{"line":306,"column":18}},"139":{"start":{"line":309,"column":6},"end":{"line":309,"column":36}},"140":{"start":{"line":311,"column":6},"end":{"line":311,"column":54}},"141":{"start":{"line":312,"column":21},"end":{"line":312,"column":52}},"142":{"start":{"line":313,"column":6},"end":{"line":320,"column":7}},"143":{"start":{"line":314,"column":8},"end":{"line":318,"column":11}},"144":{"start":{"line":319,"column":8},"end":{"line":319,"column":15}},"145":{"start":{"line":321,"column":6},"end":{"line":321,"column":16}},"146":{"start":{"line":325,"column":4},"end":{"line":700,"column":5}},"147":{"start":{"line":326,"column":21},"end":{"line":326,"column":31}},"148":{"start":{"line":328,"column":17},"end":{"line":330,"column":8}},"149":{"start":{"line":332,"column":6},"end":{"line":334,"column":7}},"150":{"start":{"line":333,"column":8},"end":{"line":333,"column":60}},"151":{"start":{"line":336,"column":23},"end":{"line":336,"column":36}},"152":{"start":{"line":337,"column":21},"end":{"line":337,"column":43}},"153":{"start":{"line":338,"column":6},"end":{"line":349,"column":7}},"154":{"start":{"line":343,"column":8},"end":{"line":346,"column":11}},"155":{"start":{"line":347,"column":8},"end":{"line":347,"column":32}},"156":{"start":{"line":348,"column":8},"end":{"line":348,"column":15}},"157":{"start":{"line":352,"column":24},"end":{"line":352,"column":26}},"158":{"start":{"line":353,"column":6},"end":{"line":363,"column":7}},"159":{"start":{"line":354,"column":8},"end":{"line":362,"column":9}},"160":{"start":{"line":355,"column":24},"end":{"line":355,"column":60}},"161":{"start":{"line":356,"column":27},"end":{"line":356,"column":51}},"162":{"start":{"line":357,"column":25},"end":{"line":357,"column":48}},"163":{"start":{"line":358,"column":27},"end":{"line":358,"column":79}},"164":{"start":{"line":359,"column":10},"end":{"line":359,"column":79}},"165":{"start":{"line":361,"column":10},"end":{"line":361,"column":54}},"166":{"start":{"line":365,"column":19},"end":{"line":660,"column":5}},"167":{"start":{"line":603,"column":30},"end":{"line":603,"column":73}},"168":{"start":{"line":632,"column":25},"end":{"line":650,"column":13}},"169":{"start":{"line":662,"column":22},"end":{"line":665,"column":8}},"170":{"start":{"line":667,"column":19},"end":{"line":667,"column":42}},"171":{"start":{"line":669,"column":6},"end":{"line":669,"column":65}},"172":{"start":{"line":671,"column":24},"end":{"line":675,"column":8}},"173":{"start":{"line":677,"column":6},"end":{"line":677,"column":28}},"174":{"start":{"line":679,"column":25},"end":{"line":683,"column":7}},"175":{"start":{"line":684,"column":6},"end":{"line":684,"column":41}},"176":{"start":{"line":685,"column":6},"end":{"line":690,"column":7}},"177":{"start":{"line":686,"column":26},"end":{"line":688,"column":17}},"178":{"start":{"line":687,"column":20},"end":{"line":687,"column":51}},"179":{"start":{"line":689,"column":8},"end":{"line":689,"column":50}},"180":{"start":{"line":689,"column":23},"end":{"line":689,"column":50}},"181":{"start":{"line":692,"column":6},"end":{"line":695,"column":9}},"182":{"start":{"line":697,"column":6},"end":{"line":697,"column":26}},"183":{"start":{"line":699,"column":6},"end":{"line":699,"column":16}},"184":{"start":{"line":704,"column":4},"end":{"line":733,"column":5}},"185":{"start":{"line":705,"column":21},"end":{"line":705,"column":31}},"186":{"start":{"line":707,"column":17},"end":{"line":709,"column":8}},"187":{"start":{"line":711,"column":6},"end":{"line":711,"column":67}},"188":{"start":{"line":711,"column":15},"end":{"line":711,"column":67}},"189":{"start":{"line":714,"column":24},"end":{"line":714,"column":51}},"190":{"start":{"line":717,"column":21},"end":{"line":717,"column":46}},"191":{"start":{"line":719,"column":6},"end":{"line":719,"column":39}},"192":{"start":{"line":721,"column":6},"end":{"line":721,"column":40}},"193":{"start":{"line":723,"column":21},"end":{"line":723,"column":52}},"194":{"start":{"line":724,"column":6},"end":{"line":730,"column":7}},"195":{"start":{"line":725,"column":8},"end":{"line":728,"column":11}},"196":{"start":{"line":729,"column":8},"end":{"line":729,"column":15}},"197":{"start":{"line":732,"column":6},"end":{"line":732,"column":16}},"198":{"start":{"line":737,"column":0},"end":{"line":737,"column":30}}},"fnMap":{"0":{"name":"(anonymous_0)","decl":{"start":{"line":29,"column":2},"end":{"line":29,"column":3}},"loc":{"start":{"line":29,"column":40},"end":{"line":47,"column":3}},"line":29},"1":{"name":"(anonymous_1)","decl":{"start":{"line":48,"column":2},"end":{"line":48,"column":3}},"loc":{"start":{"line":48,"column":40},"end":{"line":60,"column":3}},"line":48},"2":{"name":"(anonymous_2)","decl":{"start":{"line":61,"column":2},"end":{"line":61,"column":3}},"loc":{"start":{"line":61,"column":43},"end":{"line":86,"column":3}},"line":61},"3":{"name":"(anonymous_3)","decl":{"start":{"line":87,"column":2},"end":{"line":87,"column":3}},"loc":{"start":{"line":87,"column":40},"end":{"line":111,"column":3}},"line":87},"4":{"name":"(anonymous_4)","decl":{"start":{"line":112,"column":2},"end":{"line":112,"column":3}},"loc":{"start":{"line":112,"column":40},"end":{"line":128,"column":3}},"line":112},"5":{"name":"(anonymous_5)","decl":{"start":{"line":129,"column":2},"end":{"line":129,"column":3}},"loc":{"start":{"line":129,"column":52},"end":{"line":172,"column":3}},"line":129},"6":{"name":"(anonymous_6)","decl":{"start":{"line":173,"column":2},"end":{"line":173,"column":3}},"loc":{"start":{"line":173,"column":48},"end":{"line":196,"column":3}},"line":173},"7":{"name":"(anonymous_7)","decl":{"start":{"line":197,"column":2},"end":{"line":197,"column":3}},"loc":{"start":{"line":197,"column":50},"end":{"line":323,"column":3}},"line":197},"8":{"name":"(anonymous_8)","decl":{"start":{"line":252,"column":28},"end":{"line":252,"column":29}},"loc":{"start":{"line":252,"column":39},"end":{"line":263,"column":7}},"line":252},"9":{"name":"(anonymous_9)","decl":{"start":{"line":265,"column":23},"end":{"line":265,"column":24}},"loc":{"start":{"line":265,"column":44},"end":{"line":268,"column":7}},"line":265},"10":{"name":"(anonymous_10)","decl":{"start":{"line":280,"column":53},"end":{"line":280,"column":54}},"loc":{"start":{"line":280,"column":76},"end":{"line":307,"column":7}},"line":280},"11":{"name":"(anonymous_11)","decl":{"start":{"line":294,"column":45},"end":{"line":294,"column":46}},"loc":{"start":{"line":294,"column":55},"end":{"line":301,"column":11}},"line":294},"12":{"name":"(anonymous_12)","decl":{"start":{"line":324,"column":2},"end":{"line":324,"column":3}},"loc":{"start":{"line":324,"column":42},"end":{"line":701,"column":3}},"line":324},"13":{"name":"(anonymous_13)","decl":{"start":{"line":603,"column":23},"end":{"line":603,"column":24}},"loc":{"start":{"line":603,"column":30},"end":{"line":603,"column":73}},"line":603},"14":{"name":"(anonymous_14)","decl":{"start":{"line":632,"column":16},"end":{"line":632,"column":17}},"loc":{"start":{"line":632,"column":25},"end":{"line":650,"column":13}},"line":632},"15":{"name":"(anonymous_15)","decl":{"start":{"line":687,"column":10},"end":{"line":687,"column":11}},"loc":{"start":{"line":687,"column":20},"end":{"line":687,"column":51}},"line":687},"16":{"name":"(anonymous_16)","decl":{"start":{"line":703,"column":2},"end":{"line":703,"column":3}},"loc":{"start":{"line":703,"column":46},"end":{"line":734,"column":3}},"line":703}},"branchMap":{"0":{"loc":{"start":{"line":34,"column":18},"end":{"line":34,"column":34}},"type":"binary-expr","locations":[{"start":{"line":34,"column":18},"end":{"line":34,"column":26}},{"start":{"line":34,"column":30},"end":{"line":34,"column":34}}],"line":34},"1":{"loc":{"start":{"line":40,"column":18},"end":{"line":40,"column":43}},"type":"binary-expr","locations":[{"start":{"line":40,"column":18},"end":{"line":40,"column":35}},{"start":{"line":40,"column":39},"end":{"line":40,"column":43}}],"line":40},"2":{"loc":{"start":{"line":78,"column":6},"end":{"line":80,"column":7}},"type":"if","locations":[{"start":{"line":78,"column":6},"end":{"line":80,"column":7}},{"start":{},"end":{}}],"line":78},"3":{"loc":{"start":{"line":94,"column":6},"end":{"line":96,"column":7}},"type":"if","locations":[{"start":{"line":94,"column":6},"end":{"line":96,"column":7}},{"start":{},"end":{}}],"line":94},"4":{"loc":{"start":{"line":99,"column":18},"end":{"line":99,"column":73}},"type":"cond-expr","locations":[{"start":{"line":99,"column":43},"end":{"line":99,"column":54}},{"start":{"line":99,"column":57},"end":{"line":99,"column":73}}],"line":99},"5":{"loc":{"start":{"line":99,"column":57},"end":{"line":99,"column":73}},"type":"binary-expr","locations":[{"start":{"line":99,"column":57},"end":{"line":99,"column":65}},{"start":{"line":99,"column":69},"end":{"line":99,"column":73}}],"line":99},"6":{"loc":{"start":{"line":104,"column":18},"end":{"line":104,"column":50}},"type":"binary-expr","locations":[{"start":{"line":104,"column":18},"end":{"line":104,"column":35}},{"start":{"line":104,"column":39},"end":{"line":104,"column":50}}],"line":104},"7":{"loc":{"start":{"line":118,"column":6},"end":{"line":120,"column":7}},"type":"if","locations":[{"start":{"line":118,"column":6},"end":{"line":120,"column":7}},{"start":{},"end":{}}],"line":118},"8":{"loc":{"start":{"line":136,"column":6},"end":{"line":141,"column":7}},"type":"if","locations":[{"start":{"line":136,"column":6},"end":{"line":141,"column":7}},{"start":{},"end":{}}],"line":136},"9":{"loc":{"start":{"line":143,"column":6},"end":{"line":148,"column":7}},"type":"if","locations":[{"start":{"line":143,"column":6},"end":{"line":148,"column":7}},{"start":{},"end":{}}],"line":143},"10":{"loc":{"start":{"line":150,"column":6},"end":{"line":155,"column":7}},"type":"if","locations":[{"start":{"line":150,"column":6},"end":{"line":155,"column":7}},{"start":{},"end":{}}],"line":150},"11":{"loc":{"start":{"line":175,"column":6},"end":{"line":177,"column":7}},"type":"if","locations":[{"start":{"line":175,"column":6},"end":{"line":177,"column":7}},{"start":{},"end":{}}],"line":175},"12":{"loc":{"start":{"line":185,"column":21},"end":{"line":185,"column":52}},"type":"binary-expr","locations":[{"start":{"line":185,"column":21},"end":{"line":185,"column":32}},{"start":{"line":185,"column":36},"end":{"line":185,"column":52}}],"line":185},"13":{"loc":{"start":{"line":186,"column":6},"end":{"line":193,"column":7}},"type":"if","locations":[{"start":{"line":186,"column":6},"end":{"line":193,"column":7}},{"start":{},"end":{}}],"line":186},"14":{"loc":{"start":{"line":199,"column":6},"end":{"line":201,"column":7}},"type":"if","locations":[{"start":{"line":199,"column":6},"end":{"line":201,"column":7}},{"start":{},"end":{}}],"line":199},"15":{"loc":{"start":{"line":210,"column":6},"end":{"line":250,"column":7}},"type":"if","locations":[{"start":{"line":210,"column":6},"end":{"line":250,"column":7}},{"start":{"line":212,"column":13},"end":{"line":250,"column":7}}],"line":210},"16":{"loc":{"start":{"line":210,"column":10},"end":{"line":210,"column":65}},"type":"binary-expr","locations":[{"start":{"line":210,"column":10},"end":{"line":210,"column":16}},{"start":{"line":210,"column":20},"end":{"line":210,"column":65}}],"line":210},"17":{"loc":{"start":{"line":215,"column":8},"end":{"line":229,"column":9}},"type":"if","locations":[{"start":{"line":215,"column":8},"end":{"line":229,"column":9}},{"start":{"line":220,"column":15},"end":{"line":229,"column":9}}],"line":215},"18":{"loc":{"start":{"line":215,"column":12},"end":{"line":215,"column":49}},"type":"binary-expr","locations":[{"start":{"line":215,"column":12},"end":{"line":215,"column":22}},{"start":{"line":215,"column":26},"end":{"line":215,"column":49}}],"line":215},"19":{"loc":{"start":{"line":220,"column":15},"end":{"line":229,"column":9}},"type":"if","locations":[{"start":{"line":220,"column":15},"end":{"line":229,"column":9}},{"start":{"line":227,"column":15},"end":{"line":229,"column":9}}],"line":220},"20":{"loc":{"start":{"line":236,"column":10},"end":{"line":241,"column":11}},"type":"if","locations":[{"start":{"line":236,"column":10},"end":{"line":241,"column":11}},{"start":{},"end":{}}],"line":236},"21":{"loc":{"start":{"line":246,"column":8},"end":{"line":249,"column":9}},"type":"if","locations":[{"start":{"line":246,"column":8},"end":{"line":249,"column":9}},{"start":{},"end":{}}],"line":246},"22":{"loc":{"start":{"line":253,"column":8},"end":{"line":253,"column":38}},"type":"if","locations":[{"start":{"line":253,"column":8},"end":{"line":253,"column":38}},{"start":{},"end":{}}],"line":253},"23":{"loc":{"start":{"line":254,"column":8},"end":{"line":260,"column":9}},"type":"if","locations":[{"start":{"line":254,"column":8},"end":{"line":260,"column":9}},{"start":{},"end":{}}],"line":254},"24":{"loc":{"start":{"line":256,"column":10},"end":{"line":256,"column":71}},"type":"if","locations":[{"start":{"line":256,"column":10},"end":{"line":256,"column":71}},{"start":{},"end":{}}],"line":256},"25":{"loc":{"start":{"line":256,"column":14},"end":{"line":256,"column":51}},"type":"binary-expr","locations":[{"start":{"line":256,"column":14},"end":{"line":256,"column":31}},{"start":{"line":256,"column":35},"end":{"line":256,"column":51}}],"line":256},"26":{"loc":{"start":{"line":257,"column":10},"end":{"line":259,"column":11}},"type":"if","locations":[{"start":{"line":257,"column":10},"end":{"line":259,"column":11}},{"start":{},"end":{}}],"line":257},"27":{"loc":{"start":{"line":257,"column":14},"end":{"line":257,"column":72}},"type":"binary-expr","locations":[{"start":{"line":257,"column":14},"end":{"line":257,"column":41}},{"start":{"line":257,"column":45},"end":{"line":257,"column":72}}],"line":257},"28":{"loc":{"start":{"line":262,"column":15},"end":{"line":262,"column":67}},"type":"cond-expr","locations":[{"start":{"line":262,"column":48},"end":{"line":262,"column":58}},{"start":{"line":262,"column":61},"end":{"line":262,"column":67}}],"line":262},"29":{"loc":{"start":{"line":266,"column":8},"end":{"line":266,"column":55}},"type":"if","locations":[{"start":{"line":266,"column":8},"end":{"line":266,"column":55}},{"start":{},"end":{}}],"line":266},"30":{"loc":{"start":{"line":266,"column":12},"end":{"line":266,"column":37}},"type":"binary-expr","locations":[{"start":{"line":266,"column":12},"end":{"line":266,"column":18}},{"start":{"line":266,"column":22},"end":{"line":266,"column":37}}],"line":266},"31":{"loc":{"start":{"line":270,"column":32},"end":{"line":270,"column":68}},"type":"binary-expr","locations":[{"start":{"line":270,"column":32},"end":{"line":270,"column":50}},{"start":{"line":270,"column":54},"end":{"line":270,"column":68}}],"line":270},"32":{"loc":{"start":{"line":276,"column":26},"end":{"line":278,"column":12}},"type":"cond-expr","locations":[{"start":{"line":277,"column":10},"end":{"line":277,"column":31}},{"start":{"line":278,"column":10},"end":{"line":278,"column":12}}],"line":276},"33":{"loc":{"start":{"line":283,"column":22},"end":{"line":283,"column":38}},"type":"binary-expr","locations":[{"start":{"line":283,"column":22},"end":{"line":283,"column":30}},{"start":{"line":283,"column":34},"end":{"line":283,"column":38}}],"line":283},"34":{"loc":{"start":{"line":293,"column":8},"end":{"line":304,"column":9}},"type":"if","locations":[{"start":{"line":293,"column":8},"end":{"line":304,"column":9}},{"start":{},"end":{}}],"line":293},"35":{"loc":{"start":{"line":312,"column":21},"end":{"line":312,"column":52}},"type":"binary-expr","locations":[{"start":{"line":312,"column":21},"end":{"line":312,"column":32}},{"start":{"line":312,"column":36},"end":{"line":312,"column":52}}],"line":312},"36":{"loc":{"start":{"line":313,"column":6},"end":{"line":320,"column":7}},"type":"if","locations":[{"start":{"line":313,"column":6},"end":{"line":320,"column":7}},{"start":{},"end":{}}],"line":313},"37":{"loc":{"start":{"line":332,"column":6},"end":{"line":334,"column":7}},"type":"if","locations":[{"start":{"line":332,"column":6},"end":{"line":334,"column":7}},{"start":{},"end":{}}],"line":332},"38":{"loc":{"start":{"line":338,"column":6},"end":{"line":349,"column":7}},"type":"if","locations":[{"start":{"line":338,"column":6},"end":{"line":349,"column":7}},{"start":{},"end":{}}],"line":338},"39":{"loc":{"start":{"line":339,"column":8},"end":{"line":341,"column":56}},"type":"binary-expr","locations":[{"start":{"line":339,"column":8},"end":{"line":339,"column":14}},{"start":{"line":340,"column":8},"end":{"line":340,"column":56}},{"start":{"line":341,"column":8},"end":{"line":341,"column":56}}],"line":339},"40":{"loc":{"start":{"line":353,"column":6},"end":{"line":363,"column":7}},"type":"if","locations":[{"start":{"line":353,"column":6},"end":{"line":363,"column":7}},{"start":{},"end":{}}],"line":353},"41":{"loc":{"start":{"line":358,"column":27},"end":{"line":358,"column":79}},"type":"binary-expr","locations":[{"start":{"line":358,"column":27},"end":{"line":358,"column":63}},{"start":{"line":358,"column":67},"end":{"line":358,"column":79}}],"line":358},"42":{"loc":{"start":{"line":585,"column":10},"end":{"line":587,"column":94}},"type":"cond-expr","locations":[{"start":{"line":586,"column":14},"end":{"line":586,"column":58}},{"start":{"line":587,"column":14},"end":{"line":587,"column":94}}],"line":585},"43":{"loc":{"start":{"line":587,"column":49},"end":{"line":587,"column":68}},"type":"binary-expr","locations":[{"start":{"line":587,"column":49},"end":{"line":587,"column":60}},{"start":{"line":587,"column":64},"end":{"line":587,"column":68}}],"line":587},"44":{"loc":{"start":{"line":592,"column":14},"end":{"line":592,"column":32}},"type":"binary-expr","locations":[{"start":{"line":592,"column":14},"end":{"line":592,"column":25}},{"start":{"line":592,"column":29},"end":{"line":592,"column":32}}],"line":592},"45":{"loc":{"start":{"line":593,"column":10},"end":{"line":593,"column":46}},"type":"cond-expr","locations":[{"start":{"line":593,"column":21},"end":{"line":593,"column":41}},{"start":{"line":593,"column":44},"end":{"line":593,"column":46}}],"line":593},"46":{"loc":{"start":{"line":597,"column":8},"end":{"line":607,"column":14}},"type":"cond-expr","locations":[{"start":{"line":598,"column":12},"end":{"line":606,"column":19}},{"start":{"line":607,"column":12},"end":{"line":607,"column":14}}],"line":597},"47":{"loc":{"start":{"line":613,"column":38},"end":{"line":613,"column":57}},"type":"binary-expr","locations":[{"start":{"line":613,"column":38},"end":{"line":613,"column":50}},{"start":{"line":613,"column":54},"end":{"line":613,"column":57}}],"line":613},"48":{"loc":{"start":{"line":622,"column":14},"end":{"line":622,"column":32}},"type":"binary-expr","locations":[{"start":{"line":622,"column":14},"end":{"line":622,"column":25}},{"start":{"line":622,"column":29},"end":{"line":622,"column":32}}],"line":622},"49":{"loc":{"start":{"line":623,"column":10},"end":{"line":623,"column":64}},"type":"cond-expr","locations":[{"start":{"line":623,"column":21},"end":{"line":623,"column":59}},{"start":{"line":623,"column":62},"end":{"line":623,"column":64}}],"line":623},"50":{"loc":{"start":{"line":624,"column":10},"end":{"line":624,"column":50}},"type":"cond-expr","locations":[{"start":{"line":624,"column":23},"end":{"line":624,"column":45}},{"start":{"line":624,"column":48},"end":{"line":624,"column":50}}],"line":624},"51":{"loc":{"start":{"line":630,"column":10},"end":{"line":652,"column":59}},"type":"cond-expr","locations":[{"start":{"line":631,"column":14},"end":{"line":651,"column":24}},{"start":{"line":652,"column":14},"end":{"line":652,"column":59}}],"line":630},"52":{"loc":{"start":{"line":630,"column":10},"end":{"line":630,"column":53}},"type":"binary-expr","locations":[{"start":{"line":630,"column":10},"end":{"line":630,"column":24}},{"start":{"line":630,"column":28},"end":{"line":630,"column":53}}],"line":630},"53":{"loc":{"start":{"line":634,"column":41},"end":{"line":634,"column":60}},"type":"binary-expr","locations":[{"start":{"line":634,"column":41},"end":{"line":634,"column":53}},{"start":{"line":634,"column":57},"end":{"line":634,"column":60}}],"line":634},"54":{"loc":{"start":{"line":635,"column":43},"end":{"line":635,"column":61}},"type":"binary-expr","locations":[{"start":{"line":635,"column":43},"end":{"line":635,"column":54}},{"start":{"line":635,"column":58},"end":{"line":635,"column":61}}],"line":635},"55":{"loc":{"start":{"line":640,"column":20},"end":{"line":645,"column":33}},"type":"cond-expr","locations":[{"start":{"line":641,"column":24},"end":{"line":644,"column":26}},{"start":{"line":645,"column":24},"end":{"line":645,"column":33}}],"line":640},"56":{"loc":{"start":{"line":648,"column":18},"end":{"line":648,"column":89}},"type":"cond-expr","locations":[{"start":{"line":648,"column":36},"end":{"line":648,"column":84}},{"start":{"line":648,"column":87},"end":{"line":648,"column":89}}],"line":648},"57":{"loc":{"start":{"line":685,"column":6},"end":{"line":690,"column":7}},"type":"if","locations":[{"start":{"line":685,"column":6},"end":{"line":690,"column":7}},{"start":{},"end":{}}],"line":685},"58":{"loc":{"start":{"line":689,"column":8},"end":{"line":689,"column":50}},"type":"if","locations":[{"start":{"line":689,"column":8},"end":{"line":689,"column":50}},{"start":{},"end":{}}],"line":689},"59":{"loc":{"start":{"line":711,"column":6},"end":{"line":711,"column":67}},"type":"if","locations":[{"start":{"line":711,"column":6},"end":{"line":711,"column":67}},{"start":{},"end":{}}],"line":711},"60":{"loc":{"start":{"line":723,"column":21},"end":{"line":723,"column":52}},"type":"binary-expr","locations":[{"start":{"line":723,"column":21},"end":{"line":723,"column":32}},{"start":{"line":723,"column":36},"end":{"line":723,"column":52}}],"line":723},"61":{"loc":{"start":{"line":724,"column":6},"end":{"line":730,"column":7}},"type":"if","locations":[{"start":{"line":724,"column":6},"end":{"line":730,"column":7}},{"start":{},"end":{}}],"line":724}},"s":{"0":0,"1":0,"2":0,"3":0,"4":0,"5":0,"6":0,"7":0,"8":0,"9":0,"10":0,"11":0,"12":0,"13":0,"14":0,"15":0,"16":0,"17":0,"18":0,"19":0,"20":0,"21":0,"22":0,"23":0,"24":0,"25":0,"26":0,"27":0,"28":0,"29":0,"30":0,"31":0,"32":0,"33":0,"34":0,"35":0,"36":0,"37":0,"38":0,"39":0,"40":0,"41":0,"42":0,"43":0,"44":0,"45":0,"46":0,"47":0,"48":0,"49":0,"50":0,"51":0,"52":0,"53":0,"54":0,"55":0,"56":0,"57":0,"58":0,"59":0,"60":0,"61":0,"62":0,"63":0,"64":0,"65":0,"66":0,"67":0,"68":0,"69":0,"70":0,"71":0,"72":0,"73":0,"74":0,"75":0,"76":0,"77":0,"78":0,"79":0,"80":0,"81":0,"82":0,"83":0,"84":0,"85":0,"86":0,"87":0,"88":0,"89":0,"90":0,"91":0,"92":0,"93":0,"94":0,"95":0,"96":0,"97":0,"98":0,"99":0,"100":0,"101":0,"102":0,"103":0,"104":0,"105":0,"106":0,"107":0,"108":0,"109":0,"110":0,"111":0,"112":0,"113":0,"114":0,"115":0,"116":0,"117":0,"118":0,"119":0,"120":0,"121":0,"122":0,"123":0,"124":0,"125":0,"126":0,"127":0,"128":0,"129":0,"130":0,"131":0,"132":0,"133":0,"134":0,"135":0,"136":0,"137":0,"138":0,"139":0,"140":0,"141":0,"142":0,"143":0,"144":0,"145":0,"146":0,"147":0,"148":0,"149":0,"150":0,"151":0,"152":0,"153":0,"154":0,"155":0,"156":0,"157":0,"158":0,"159":0,"160":0,"161":0,"162":0,"163":0,"164":0,"165":0,"166":0,"167":0,"168":0,"169":0,"170":0,"171":0,"172":0,"173":0,"174":0,"175":0,"176":0,"177":0,"178":0,"179":0,"180":0,"181":0,"182":0,"183":0,"184":0,"185":0,"186":0,"187":0,"188":0,"189":0,"190":0,"191":0,"192":0,"193":0,"194":0,"195":0,"196":0,"197":0,"198":0},"f":{"0":0,"1":0,"2":0,"3":0,"4":0,"5":0,"6":0,"7":0,"8":0,"9":0,"10":0,"11":0,"12":0,"13":0,"14":0,"15":0,"16":0},"b":{"0":[0,0],"1":[0,0],"2":[0,0],"3":[0,0],"4":[0,0],"5":[0,0],"6":[0,0],"7":[0,0],"8":[0,0],"9":[0,0],"10":[0,0],"11":[0,0],"12":[0,0],"13":[0,0],"14":[0,0],"15":[0,0],"16":[0,0],"17":[0,0],"18":[0,0],"19":[0,0],"20":[0,0],"21":[0,0],"22":[0,0],"23":[0,0],"24":[0,0],"25":[0,0],"26":[0,0],"27":[0,0],"28":[0,0],"29":[0,0],"30":[0,0],"31":[0,0],"32":[0,0],"33":[0,0],"34":[0,0],"35":[0,0],"36":[0,0],"37":[0,0],"38":[0,0],"39":[0,0,0],"40":[0,0],"41":[0,0],"42":[0,0],"43":[0,0],"44":[0,0],"45":[0,0],"46":[0,0],"47":[0,0],"48":[0,0],"49":[0,0],"50":[0,0],"51":[0,0],"52":[0,0],"53":[0,0],"54":[0,0],"55":[0,0],"56":[0,0],"57":[0,0],"58":[0,0],"59":[0,0],"60":[0,0],"61":[0,0]}}
,"C:\\Users\\Cozapry\\Desktop\\Phase2\\week3\\individualProject\\individual-project-anpray\\server\\controllers\\ExperienceController.js": {"path":"C:\\Users\\Cozapry\\Desktop\\Phase2\\week3\\individualProject\\individual-project-anpray\\server\\controllers\\ExperienceController.js","statementMap":{"0":{"start":{"line":1,"column":33},"end":{"line":1,"column":53}},"1":{"start":{"line":5,"column":4},"end":{"line":25,"column":5}},"2":{"start":{"line":7,"column":8},"end":{"line":7,"column":16}},"3":{"start":{"line":10,"column":17},"end":{"line":10,"column":40}},"4":{"start":{"line":11,"column":6},"end":{"line":11,"column":67}},"5":{"start":{"line":11,"column":15},"end":{"line":11,"column":67}},"6":{"start":{"line":13,"column":25},"end":{"line":20,"column":8}},"7":{"start":{"line":22,"column":6},"end":{"line":22,"column":39}},"8":{"start":{"line":24,"column":6},"end":{"line":24,"column":16}},"9":{"start":{"line":28,"column":4},"end":{"line":39,"column":5}},"10":{"start":{"line":29,"column":23},"end":{"line":29,"column":33}},"11":{"start":{"line":31,"column":26},"end":{"line":34,"column":8}},"12":{"start":{"line":36,"column":6},"end":{"line":36,"column":40}},"13":{"start":{"line":38,"column":6},"end":{"line":38,"column":16}},"14":{"start":{"line":42,"column":4},"end":{"line":62,"column":5}},"15":{"start":{"line":43,"column":21},"end":{"line":43,"column":31}},"16":{"start":{"line":45,"column":25},"end":{"line":45,"column":54}},"17":{"start":{"line":46,"column":6},"end":{"line":47,"column":68}},"18":{"start":{"line":47,"column":8},"end":{"line":47,"column":68}},"19":{"start":{"line":49,"column":69},"end":{"line":49,"column":77}},"20":{"start":{"line":51,"column":6},"end":{"line":57,"column":9}},"21":{"start":{"line":59,"column":6},"end":{"line":59,"column":39}},"22":{"start":{"line":61,"column":6},"end":{"line":61,"column":16}},"23":{"start":{"line":65,"column":4},"end":{"line":77,"column":5}},"24":{"start":{"line":66,"column":21},"end":{"line":66,"column":31}},"25":{"start":{"line":68,"column":25},"end":{"line":68,"column":54}},"26":{"start":{"line":69,"column":6},"end":{"line":70,"column":68}},"27":{"start":{"line":70,"column":8},"end":{"line":70,"column":68}},"28":{"start":{"line":72,"column":6},"end":{"line":72,"column":33}},"29":{"start":{"line":74,"column":6},"end":{"line":74,"column":62}},"30":{"start":{"line":76,"column":6},"end":{"line":76,"column":16}},"31":{"start":{"line":80,"column":4},"end":{"line":126,"column":5}},"32":{"start":{"line":81,"column":36},"end":{"line":81,"column":44}},"33":{"start":{"line":83,"column":6},"end":{"line":85,"column":7}},"34":{"start":{"line":84,"column":8},"end":{"line":84,"column":67}},"35":{"start":{"line":87,"column":17},"end":{"line":87,"column":40}},"36":{"start":{"line":88,"column":6},"end":{"line":90,"column":7}},"37":{"start":{"line":89,"column":8},"end":{"line":89,"column":60}},"38":{"start":{"line":92,"column":6},"end":{"line":94,"column":7}},"39":{"start":{"line":93,"column":8},"end":{"line":93,"column":70}},"40":{"start":{"line":96,"column":6},"end":{"line":96,"column":52}},"41":{"start":{"line":98,"column":18},"end":{"line":98,"column":63}},"42":{"start":{"line":99,"column":19},"end":{"line":115,"column":9}},"43":{"start":{"line":100,"column":23},"end":{"line":107,"column":9}},"44":{"start":{"line":110,"column":12},"end":{"line":114,"column":23}},"45":{"start":{"line":117,"column":6},"end":{"line":121,"column":7}},"46":{"start":{"line":118,"column":8},"end":{"line":118,"column":42}},"47":{"start":{"line":119,"column":8},"end":{"line":119,"column":65}},"48":{"start":{"line":120,"column":8},"end":{"line":120,"column":15}},"49":{"start":{"line":123,"column":6},"end":{"line":123,"column":66}},"50":{"start":{"line":125,"column":6},"end":{"line":125,"column":16}},"51":{"start":{"line":130,"column":0},"end":{"line":130,"column":38}}},"fnMap":{"0":{"name":"(anonymous_0)","decl":{"start":{"line":4,"column":2},"end":{"line":4,"column":3}},"loc":{"start":{"line":4,"column":48},"end":{"line":26,"column":3}},"line":4},"1":{"name":"(anonymous_1)","decl":{"start":{"line":27,"column":2},"end":{"line":27,"column":3}},"loc":{"start":{"line":27,"column":49},"end":{"line":40,"column":3}},"line":27},"2":{"name":"(anonymous_2)","decl":{"start":{"line":41,"column":2},"end":{"line":41,"column":3}},"loc":{"start":{"line":41,"column":48},"end":{"line":63,"column":3}},"line":41},"3":{"name":"(anonymous_3)","decl":{"start":{"line":64,"column":2},"end":{"line":64,"column":3}},"loc":{"start":{"line":64,"column":48},"end":{"line":78,"column":3}},"line":64},"4":{"name":"(anonymous_4)","decl":{"start":{"line":79,"column":2},"end":{"line":79,"column":3}},"loc":{"start":{"line":79,"column":42},"end":{"line":127,"column":3}},"line":79},"5":{"name":"(anonymous_5)","decl":{"start":{"line":100,"column":13},"end":{"line":100,"column":14}},"loc":{"start":{"line":100,"column":23},"end":{"line":107,"column":9}},"line":100},"6":{"name":"(anonymous_6)","decl":{"start":{"line":109,"column":10},"end":{"line":109,"column":11}},"loc":{"start":{"line":110,"column":12},"end":{"line":114,"column":23}},"line":110}},"branchMap":{"0":{"loc":{"start":{"line":11,"column":6},"end":{"line":11,"column":67}},"type":"if","locations":[{"start":{"line":11,"column":6},"end":{"line":11,"column":67}},{"start":{},"end":{}}],"line":11},"1":{"loc":{"start":{"line":46,"column":6},"end":{"line":47,"column":68}},"type":"if","locations":[{"start":{"line":46,"column":6},"end":{"line":47,"column":68}},{"start":{},"end":{}}],"line":46},"2":{"loc":{"start":{"line":69,"column":6},"end":{"line":70,"column":68}},"type":"if","locations":[{"start":{"line":69,"column":6},"end":{"line":70,"column":68}},{"start":{},"end":{}}],"line":69},"3":{"loc":{"start":{"line":83,"column":6},"end":{"line":85,"column":7}},"type":"if","locations":[{"start":{"line":83,"column":6},"end":{"line":85,"column":7}},{"start":{},"end":{}}],"line":83},"4":{"loc":{"start":{"line":88,"column":6},"end":{"line":90,"column":7}},"type":"if","locations":[{"start":{"line":88,"column":6},"end":{"line":90,"column":7}},{"start":{},"end":{}}],"line":88},"5":{"loc":{"start":{"line":92,"column":6},"end":{"line":94,"column":7}},"type":"if","locations":[{"start":{"line":92,"column":6},"end":{"line":94,"column":7}},{"start":{},"end":{}}],"line":92},"6":{"loc":{"start":{"line":92,"column":10},"end":{"line":92,"column":64}},"type":"binary-expr","locations":[{"start":{"line":92,"column":10},"end":{"line":92,"column":35}},{"start":{"line":92,"column":39},"end":{"line":92,"column":64}}],"line":92},"7":{"loc":{"start":{"line":98,"column":18},"end":{"line":98,"column":63}},"type":"cond-expr","locations":[{"start":{"line":98,"column":47},"end":{"line":98,"column":58}},{"start":{"line":98,"column":61},"end":{"line":98,"column":63}}],"line":98},"8":{"loc":{"start":{"line":104,"column":21},"end":{"line":104,"column":42}},"type":"binary-expr","locations":[{"start":{"line":104,"column":21},"end":{"line":104,"column":34}},{"start":{"line":104,"column":38},"end":{"line":104,"column":42}}],"line":104},"9":{"loc":{"start":{"line":105,"column":19},"end":{"line":105,"column":55}},"type":"binary-expr","locations":[{"start":{"line":105,"column":19},"end":{"line":105,"column":30}},{"start":{"line":105,"column":34},"end":{"line":105,"column":47}},{"start":{"line":105,"column":51},"end":{"line":105,"column":55}}],"line":105},"10":{"loc":{"start":{"line":110,"column":12},"end":{"line":114,"column":23}},"type":"binary-expr","locations":[{"start":{"line":110,"column":12},"end":{"line":110,"column":23}},{"start":{"line":111,"column":12},"end":{"line":111,"column":24}},{"start":{"line":112,"column":12},"end":{"line":112,"column":27}},{"start":{"line":113,"column":12},"end":{"line":113,"column":25}},{"start":{"line":114,"column":12},"end":{"line":114,"column":23}}],"line":110},"11":{"loc":{"start":{"line":117,"column":6},"end":{"line":121,"column":7}},"type":"if","locations":[{"start":{"line":117,"column":6},"end":{"line":121,"column":7}},{"start":{},"end":{}}],"line":117}},"s":{"0":1,"1":2,"2":2,"3":2,"4":2,"5":1,"6":1,"7":1,"8":1,"9":2,"10":2,"11":2,"12":2,"13":0,"14":2,"15":2,"16":2,"17":2,"18":1,"19":1,"20":1,"21":1,"22":1,"23":2,"24":2,"25":2,"26":2,"27":1,"28":1,"29":1,"30":1,"31":5,"32":5,"33":5,"34":1,"35":4,"36":4,"37":1,"38":3,"39":1,"40":2,"41":2,"42":2,"43":1,"44":1,"45":2,"46":1,"47":1,"48":1,"49":1,"50":3,"51":1},"f":{"0":2,"1":2,"2":2,"3":2,"4":5,"5":1,"6":1},"b":{"0":[1,1],"1":[1,1],"2":[1,1],"3":[1,4],"4":[1,3],"5":[1,2],"6":[3,3],"7":[2,0],"8":[1,0],"9":[1,0,0],"10":[1,1,1,1,1],"11":[1,1]},"_coverageSchema":"1a1c01bbd47fc00a2c39e90264f33305004495a9","hash":"eb1f099fe4773ceb8ec74e00fe36cb825e1aff82"}
,"C:\\Users\\Cozapry\\Desktop\\Phase2\\week3\\individualProject\\individual-project-anpray\\server\\helpers\\bcrypt.js": {"path":"C:\\Users\\Cozapry\\Desktop\\Phase2\\week3\\individualProject\\individual-project-anpray\\server\\helpers\\bcrypt.js","statementMap":{"0":{"start":{"line":1,"column":15},"end":{"line":1,"column":34}},"1":{"start":{"line":3,"column":21},"end":{"line":7,"column":1}},"2":{"start":{"line":4,"column":17},"end":{"line":4,"column":39}},"3":{"start":{"line":5,"column":17},"end":{"line":5,"column":50}},"4":{"start":{"line":6,"column":4},"end":{"line":6,"column":15}},"5":{"start":{"line":9,"column":24},"end":{"line":11,"column":1}},"6":{"start":{"line":10,"column":4},"end":{"line":10,"column":56}},"7":{"start":{"line":13,"column":0},"end":{"line":13,"column":50}}},"fnMap":{"0":{"name":"(anonymous_0)","decl":{"start":{"line":3,"column":21},"end":{"line":3,"column":22}},"loc":{"start":{"line":3,"column":37},"end":{"line":7,"column":1}},"line":3},"1":{"name":"(anonymous_1)","decl":{"start":{"line":9,"column":24},"end":{"line":9,"column":25}},"loc":{"start":{"line":9,"column":53},"end":{"line":11,"column":1}},"line":9}},"branchMap":{},"s":{"0":0,"1":0,"2":0,"3":0,"4":0,"5":0,"6":0,"7":0},"f":{"0":0,"1":0},"b":{}}
,"C:\\Users\\Cozapry\\Desktop\\Phase2\\week3\\individualProject\\individual-project-anpray\\server\\helpers\\gemini.js": {"path":"C:\\Users\\Cozapry\\Desktop\\Phase2\\week3\\individualProject\\individual-project-anpray\\server\\helpers\\gemini.js","statementMap":{"0":{"start":{"line":1,"column":24},"end":{"line":1,"column":48}},"1":{"start":{"line":3,"column":11},"end":{"line":3,"column":66}},"2":{"start":{"line":5,"column":17},"end":{"line":52,"column":1}},"3":{"start":{"line":7,"column":17},"end":{"line":9,"column":28}},"4":{"start":{"line":11,"column":21},"end":{"line":11,"column":46}},"5":{"start":{"line":13,"column":19},"end":{"line":44,"column":3}},"6":{"start":{"line":46,"column":19},"end":{"line":49,"column":4}},"7":{"start":{"line":51,"column":2},"end":{"line":51,"column":23}},"8":{"start":{"line":54,"column":25},"end":{"line":99,"column":1}},"9":{"start":{"line":55,"column":17},"end":{"line":57,"column":28}},"10":{"start":{"line":59,"column":21},"end":{"line":59,"column":46}},"11":{"start":{"line":61,"column":19},"end":{"line":91,"column":3}},"12":{"start":{"line":93,"column":19},"end":{"line":96,"column":4}},"13":{"start":{"line":98,"column":2},"end":{"line":98,"column":23}},"14":{"start":{"line":101,"column":0},"end":{"line":101,"column":48}}},"fnMap":{"0":{"name":"(anonymous_0)","decl":{"start":{"line":5,"column":17},"end":{"line":5,"column":18}},"loc":{"start":{"line":5,"column":38},"end":{"line":52,"column":1}},"line":5},"1":{"name":"(anonymous_1)","decl":{"start":{"line":54,"column":25},"end":{"line":54,"column":26}},"loc":{"start":{"line":54,"column":46},"end":{"line":99,"column":1}},"line":54}},"branchMap":{"0":{"loc":{"start":{"line":7,"column":17},"end":{"line":9,"column":28}},"type":"cond-expr","locations":[{"start":{"line":8,"column":6},"end":{"line":8,"column":15}},{"start":{"line":9,"column":6},"end":{"line":9,"column":28}}],"line":7},"1":{"loc":{"start":{"line":55,"column":17},"end":{"line":57,"column":28}},"type":"cond-expr","locations":[{"start":{"line":56,"column":6},"end":{"line":56,"column":15}},{"start":{"line":57,"column":6},"end":{"line":57,"column":28}}],"line":55}},"s":{"0":0,"1":0,"2":0,"3":0,"4":0,"5":0,"6":0,"7":0,"8":0,"9":0,"10":0,"11":0,"12":0,"13":0,"14":0},"f":{"0":0,"1":0},"b":{"0":[0,0],"1":[0,0]}}
,"C:\\Users\\Cozapry\\Desktop\\Phase2\\week3\\individualProject\\individual-project-anpray\\server\\helpers\\generatePDF.js": {"path":"C:\\Users\\Cozapry\\Desktop\\Phase2\\week3\\individualProject\\individual-project-anpray\\server\\helpers\\generatePDF.js","statementMap":{"0":{"start":{"line":1,"column":18},"end":{"line":1,"column":38}},"1":{"start":{"line":3,"column":26},"end":{"line":323,"column":1}},"2":{"start":{"line":5,"column":20},"end":{"line":5,"column":22}},"3":{"start":{"line":6,"column":2},"end":{"line":15,"column":3}},"4":{"start":{"line":7,"column":4},"end":{"line":14,"column":5}},"5":{"start":{"line":8,"column":23},"end":{"line":8,"column":47}},"6":{"start":{"line":9,"column":21},"end":{"line":9,"column":62}},"7":{"start":{"line":10,"column":23},"end":{"line":10,"column":75}},"8":{"start":{"line":11,"column":6},"end":{"line":11,"column":75}},"9":{"start":{"line":13,"column":6},"end":{"line":13,"column":50}},"10":{"start":{"line":17,"column":15},"end":{"line":304,"column":3}},"11":{"start":{"line":247,"column":30},"end":{"line":247,"column":73}},"12":{"start":{"line":276,"column":25},"end":{"line":294,"column":13}},"13":{"start":{"line":306,"column":18},"end":{"line":309,"column":4}},"14":{"start":{"line":311,"column":15},"end":{"line":311,"column":38}},"15":{"start":{"line":312,"column":2},"end":{"line":312,"column":61}},"16":{"start":{"line":314,"column":20},"end":{"line":318,"column":4}},"17":{"start":{"line":320,"column":2},"end":{"line":320,"column":24}},"18":{"start":{"line":322,"column":2},"end":{"line":322,"column":32}},"19":{"start":{"line":325,"column":0},"end":{"line":325,"column":39}}},"fnMap":{"0":{"name":"(anonymous_0)","decl":{"start":{"line":3,"column":26},"end":{"line":3,"column":27}},"loc":{"start":{"line":3,"column":40},"end":{"line":323,"column":1}},"line":3},"1":{"name":"(anonymous_1)","decl":{"start":{"line":247,"column":23},"end":{"line":247,"column":24}},"loc":{"start":{"line":247,"column":30},"end":{"line":247,"column":73}},"line":247},"2":{"name":"(anonymous_2)","decl":{"start":{"line":276,"column":16},"end":{"line":276,"column":17}},"loc":{"start":{"line":276,"column":25},"end":{"line":294,"column":13}},"line":276}},"branchMap":{"0":{"loc":{"start":{"line":6,"column":2},"end":{"line":15,"column":3}},"type":"if","locations":[{"start":{"line":6,"column":2},"end":{"line":15,"column":3}},{"start":{},"end":{}}],"line":6},"1":{"loc":{"start":{"line":10,"column":23},"end":{"line":10,"column":75}},"type":"binary-expr","locations":[{"start":{"line":10,"column":23},"end":{"line":10,"column":59}},{"start":{"line":10,"column":63},"end":{"line":10,"column":75}}],"line":10},"2":{"loc":{"start":{"line":229,"column":10},"end":{"line":231,"column":94}},"type":"cond-expr","locations":[{"start":{"line":230,"column":14},"end":{"line":230,"column":58}},{"start":{"line":231,"column":14},"end":{"line":231,"column":94}}],"line":229},"3":{"loc":{"start":{"line":231,"column":49},"end":{"line":231,"column":68}},"type":"binary-expr","locations":[{"start":{"line":231,"column":49},"end":{"line":231,"column":60}},{"start":{"line":231,"column":64},"end":{"line":231,"column":68}}],"line":231},"4":{"loc":{"start":{"line":236,"column":14},"end":{"line":236,"column":32}},"type":"binary-expr","locations":[{"start":{"line":236,"column":14},"end":{"line":236,"column":25}},{"start":{"line":236,"column":29},"end":{"line":236,"column":32}}],"line":236},"5":{"loc":{"start":{"line":237,"column":10},"end":{"line":237,"column":46}},"type":"cond-expr","locations":[{"start":{"line":237,"column":21},"end":{"line":237,"column":41}},{"start":{"line":237,"column":44},"end":{"line":237,"column":46}}],"line":237},"6":{"loc":{"start":{"line":241,"column":8},"end":{"line":251,"column":14}},"type":"cond-expr","locations":[{"start":{"line":242,"column":12},"end":{"line":250,"column":19}},{"start":{"line":251,"column":12},"end":{"line":251,"column":14}}],"line":241},"7":{"loc":{"start":{"line":257,"column":38},"end":{"line":257,"column":57}},"type":"binary-expr","locations":[{"start":{"line":257,"column":38},"end":{"line":257,"column":50}},{"start":{"line":257,"column":54},"end":{"line":257,"column":57}}],"line":257},"8":{"loc":{"start":{"line":266,"column":14},"end":{"line":266,"column":32}},"type":"binary-expr","locations":[{"start":{"line":266,"column":14},"end":{"line":266,"column":25}},{"start":{"line":266,"column":29},"end":{"line":266,"column":32}}],"line":266},"9":{"loc":{"start":{"line":267,"column":10},"end":{"line":267,"column":64}},"type":"cond-expr","locations":[{"start":{"line":267,"column":21},"end":{"line":267,"column":59}},{"start":{"line":267,"column":62},"end":{"line":267,"column":64}}],"line":267},"10":{"loc":{"start":{"line":268,"column":10},"end":{"line":268,"column":50}},"type":"cond-expr","locations":[{"start":{"line":268,"column":23},"end":{"line":268,"column":45}},{"start":{"line":268,"column":48},"end":{"line":268,"column":50}}],"line":268},"11":{"loc":{"start":{"line":274,"column":10},"end":{"line":296,"column":59}},"type":"cond-expr","locations":[{"start":{"line":275,"column":14},"end":{"line":295,"column":24}},{"start":{"line":296,"column":14},"end":{"line":296,"column":59}}],"line":274},"12":{"loc":{"start":{"line":274,"column":10},"end":{"line":274,"column":53}},"type":"binary-expr","locations":[{"start":{"line":274,"column":10},"end":{"line":274,"column":24}},{"start":{"line":274,"column":28},"end":{"line":274,"column":53}}],"line":274},"13":{"loc":{"start":{"line":278,"column":41},"end":{"line":278,"column":60}},"type":"binary-expr","locations":[{"start":{"line":278,"column":41},"end":{"line":278,"column":53}},{"start":{"line":278,"column":57},"end":{"line":278,"column":60}}],"line":278},"14":{"loc":{"start":{"line":279,"column":43},"end":{"line":279,"column":61}},"type":"binary-expr","locations":[{"start":{"line":279,"column":43},"end":{"line":279,"column":54}},{"start":{"line":279,"column":58},"end":{"line":279,"column":61}}],"line":279},"15":{"loc":{"start":{"line":284,"column":20},"end":{"line":289,"column":33}},"type":"cond-expr","locations":[{"start":{"line":285,"column":24},"end":{"line":288,"column":26}},{"start":{"line":289,"column":24},"end":{"line":289,"column":33}}],"line":284},"16":{"loc":{"start":{"line":292,"column":18},"end":{"line":292,"column":89}},"type":"cond-expr","locations":[{"start":{"line":292,"column":36},"end":{"line":292,"column":84}},{"start":{"line":292,"column":87},"end":{"line":292,"column":89}}],"line":292}},"s":{"0":0,"1":0,"2":0,"3":0,"4":0,"5":0,"6":0,"7":0,"8":0,"9":0,"10":0,"11":0,"12":0,"13":0,"14":0,"15":0,"16":0,"17":0,"18":0,"19":0},"f":{"0":0,"1":0,"2":0},"b":{"0":[0,0],"1":[0,0],"2":[0,0],"3":[0,0],"4":[0,0],"5":[0,0],"6":[0,0],"7":[0,0],"8":[0,0],"9":[0,0],"10":[0,0],"11":[0,0],"12":[0,0],"13":[0,0],"14":[0,0],"15":[0,0],"16":[0,0]}}
,"C:\\Users\\Cozapry\\Desktop\\Phase2\\week3\\individualProject\\individual-project-anpray\\server\\helpers\\jwt.js": {"path":"C:\\Users\\Cozapry\\Desktop\\Phase2\\week3\\individualProject\\individual-project-anpray\\server\\helpers\\jwt.js","statementMap":{"0":{"start":{"line":1,"column":12},"end":{"line":1,"column":35}},"1":{"start":{"line":3,"column":18},"end":{"line":5,"column":1}},"2":{"start":{"line":4,"column":4},"end":{"line":4,"column":53}},"3":{"start":{"line":7,"column":20},"end":{"line":9,"column":1}},"4":{"start":{"line":8,"column":4},"end":{"line":8,"column":53}},"5":{"start":{"line":11,"column":0},"end":{"line":11,"column":44}}},"fnMap":{"0":{"name":"(anonymous_0)","decl":{"start":{"line":3,"column":18},"end":{"line":3,"column":19}},"loc":{"start":{"line":3,"column":31},"end":{"line":5,"column":1}},"line":3},"1":{"name":"(anonymous_1)","decl":{"start":{"line":7,"column":20},"end":{"line":7,"column":21}},"loc":{"start":{"line":7,"column":31},"end":{"line":9,"column":1}},"line":7}},"branchMap":{},"s":{"0":0,"1":0,"2":0,"3":0,"4":0,"5":0},"f":{"0":0,"1":0},"b":{}}
,"C:\\Users\\Cozapry\\Desktop\\Phase2\\week3\\individualProject\\individual-project-anpray\\server\\middlewares\\authentication.js": {"path":"C:\\Users\\Cozapry\\Desktop\\Phase2\\week3\\individualProject\\individual-project-anpray\\server\\middlewares\\authentication.js","statementMap":{"0":{"start":{"line":1,"column":24},"end":{"line":1,"column":49}},"1":{"start":{"line":2,"column":17},"end":{"line":2,"column":37}},"2":{"start":{"line":4,"column":23},"end":{"line":41,"column":1}},"3":{"start":{"line":5,"column":4},"end":{"line":40,"column":5}},"4":{"start":{"line":6,"column":34},"end":{"line":6,"column":45}},"5":{"start":{"line":8,"column":8},"end":{"line":10,"column":9}},"6":{"start":{"line":9,"column":12},"end":{"line":9,"column":68}},"7":{"start":{"line":12,"column":25},"end":{"line":12,"column":49}},"8":{"start":{"line":13,"column":26},"end":{"line":13,"column":37}},"9":{"start":{"line":14,"column":27},"end":{"line":14,"column":38}},"10":{"start":{"line":16,"column":8},"end":{"line":18,"column":9}},"11":{"start":{"line":17,"column":12},"end":{"line":17,"column":69}},"12":{"start":{"line":20,"column":24},"end":{"line":20,"column":47}},"13":{"start":{"line":22,"column":21},"end":{"line":26,"column":10}},"14":{"start":{"line":28,"column":8},"end":{"line":30,"column":9}},"15":{"start":{"line":29,"column":12},"end":{"line":29,"column":69}},"16":{"start":{"line":32,"column":8},"end":{"line":35,"column":9}},"17":{"start":{"line":37,"column":8},"end":{"line":37,"column":15}},"18":{"start":{"line":39,"column":8},"end":{"line":39,"column":18}},"19":{"start":{"line":43,"column":0},"end":{"line":43,"column":32}}},"fnMap":{"0":{"name":"(anonymous_0)","decl":{"start":{"line":4,"column":23},"end":{"line":4,"column":24}},"loc":{"start":{"line":4,"column":49},"end":{"line":41,"column":1}},"line":4}},"branchMap":{"0":{"loc":{"start":{"line":8,"column":8},"end":{"line":10,"column":9}},"type":"if","locations":[{"start":{"line":8,"column":8},"end":{"line":10,"column":9}},{"start":{},"end":{}}],"line":8},"1":{"loc":{"start":{"line":16,"column":8},"end":{"line":18,"column":9}},"type":"if","locations":[{"start":{"line":16,"column":8},"end":{"line":18,"column":9}},{"start":{},"end":{}}],"line":16},"2":{"loc":{"start":{"line":16,"column":11},"end":{"line":16,"column":48}},"type":"binary-expr","locations":[{"start":{"line":16,"column":11},"end":{"line":16,"column":33}},{"start":{"line":16,"column":37},"end":{"line":16,"column":48}}],"line":16},"3":{"loc":{"start":{"line":28,"column":8},"end":{"line":30,"column":9}},"type":"if","locations":[{"start":{"line":28,"column":8},"end":{"line":30,"column":9}},{"start":{},"end":{}}],"line":28}},"s":{"0":0,"1":0,"2":0,"3":0,"4":0,"5":0,"6":0,"7":0,"8":0,"9":0,"10":0,"11":0,"12":0,"13":0,"14":0,"15":0,"16":0,"17":0,"18":0,"19":0},"f":{"0":0},"b":{"0":[0,0],"1":[0,0],"2":[0,0],"3":[0,0]}}
,"C:\\Users\\Cozapry\\Desktop\\Phase2\\week3\\individualProject\\individual-project-anpray\\server\\middlewares\\authorization.js": {"path":"C:\\Users\\Cozapry\\Desktop\\Phase2\\week3\\individualProject\\individual-project-anpray\\server\\middlewares\\authorization.js","statementMap":{"0":{"start":{"line":1,"column":36},"end":{"line":1,"column":56}},"1":{"start":{"line":4,"column":24},"end":{"line":19,"column":1}},"2":{"start":{"line":5,"column":4},"end":{"line":18,"column":5}},"3":{"start":{"line":6,"column":8},"end":{"line":6,"column":53}},"4":{"start":{"line":6,"column":39},"end":{"line":6,"column":53}},"5":{"start":{"line":8,"column":19},"end":{"line":8,"column":51}},"6":{"start":{"line":9,"column":8},"end":{"line":9,"column":68}},"7":{"start":{"line":9,"column":16},"end":{"line":9,"column":68}},"8":{"start":{"line":11,"column":8},"end":{"line":13,"column":9}},"9":{"start":{"line":12,"column":12},"end":{"line":12,"column":74}},"10":{"start":{"line":15,"column":8},"end":{"line":15,"column":14}},"11":{"start":{"line":17,"column":8},"end":{"line":17,"column":17}},"12":{"start":{"line":22,"column":32},"end":{"line":39,"column":1}},"13":{"start":{"line":23,"column":4},"end":{"line":38,"column":5}},"14":{"start":{"line":24,"column":8},"end":{"line":24,"column":53}},"15":{"start":{"line":24,"column":39},"end":{"line":24,"column":53}},"16":{"start":{"line":26,"column":20},"end":{"line":26,"column":60}},"17":{"start":{"line":27,"column":8},"end":{"line":27,"column":78}},"18":{"start":{"line":27,"column":18},"end":{"line":27,"column":78}},"19":{"start":{"line":29,"column":19},"end":{"line":29,"column":46}},"20":{"start":{"line":31,"column":8},"end":{"line":33,"column":9}},"21":{"start":{"line":32,"column":12},"end":{"line":32,"column":74}},"22":{"start":{"line":35,"column":8},"end":{"line":35,"column":15}},"23":{"start":{"line":37,"column":8},"end":{"line":37,"column":17}},"24":{"start":{"line":42,"column":29},"end":{"line":57,"column":1}},"25":{"start":{"line":43,"column":4},"end":{"line":56,"column":5}},"26":{"start":{"line":44,"column":8},"end":{"line":44,"column":53}},"27":{"start":{"line":44,"column":39},"end":{"line":44,"column":53}},"28":{"start":{"line":46,"column":24},"end":{"line":46,"column":61}},"29":{"start":{"line":47,"column":8},"end":{"line":47,"column":79}},"30":{"start":{"line":47,"column":22},"end":{"line":47,"column":79}},"31":{"start":{"line":49,"column":8},"end":{"line":51,"column":9}},"32":{"start":{"line":50,"column":12},"end":{"line":50,"column":74}},"33":{"start":{"line":53,"column":8},"end":{"line":53,"column":14}},"34":{"start":{"line":55,"column":8},"end":{"line":55,"column":17}},"35":{"start":{"line":60,"column":19},"end":{"line":67,"column":1}},"36":{"start":{"line":61,"column":4},"end":{"line":66,"column":5}},"37":{"start":{"line":62,"column":8},"end":{"line":62,"column":53}},"38":{"start":{"line":62,"column":39},"end":{"line":62,"column":53}},"39":{"start":{"line":63,"column":8},"end":{"line":63,"column":70}},"40":{"start":{"line":65,"column":8},"end":{"line":65,"column":17}},"41":{"start":{"line":69,"column":0},"end":{"line":69,"column":96}}},"fnMap":{"0":{"name":"(anonymous_0)","decl":{"start":{"line":4,"column":24},"end":{"line":4,"column":25}},"loc":{"start":{"line":4,"column":51},"end":{"line":19,"column":1}},"line":4},"1":{"name":"(anonymous_1)","decl":{"start":{"line":22,"column":32},"end":{"line":22,"column":33}},"loc":{"start":{"line":22,"column":58},"end":{"line":39,"column":1}},"line":22},"2":{"name":"(anonymous_2)","decl":{"start":{"line":42,"column":29},"end":{"line":42,"column":30}},"loc":{"start":{"line":42,"column":55},"end":{"line":57,"column":1}},"line":42},"3":{"name":"(anonymous_3)","decl":{"start":{"line":60,"column":19},"end":{"line":60,"column":20}},"loc":{"start":{"line":60,"column":39},"end":{"line":67,"column":1}},"line":60}},"branchMap":{"0":{"loc":{"start":{"line":6,"column":8},"end":{"line":6,"column":53}},"type":"if","locations":[{"start":{"line":6,"column":8},"end":{"line":6,"column":53}},{"start":{},"end":{}}],"line":6},"1":{"loc":{"start":{"line":9,"column":8},"end":{"line":9,"column":68}},"type":"if","locations":[{"start":{"line":9,"column":8},"end":{"line":9,"column":68}},{"start":{},"end":{}}],"line":9},"2":{"loc":{"start":{"line":11,"column":8},"end":{"line":13,"column":9}},"type":"if","locations":[{"start":{"line":11,"column":8},"end":{"line":13,"column":9}},{"start":{},"end":{}}],"line":11},"3":{"loc":{"start":{"line":24,"column":8},"end":{"line":24,"column":53}},"type":"if","locations":[{"start":{"line":24,"column":8},"end":{"line":24,"column":53}},{"start":{},"end":{}}],"line":24},"4":{"loc":{"start":{"line":27,"column":8},"end":{"line":27,"column":78}},"type":"if","locations":[{"start":{"line":27,"column":8},"end":{"line":27,"column":78}},{"start":{},"end":{}}],"line":27},"5":{"loc":{"start":{"line":31,"column":8},"end":{"line":33,"column":9}},"type":"if","locations":[{"start":{"line":31,"column":8},"end":{"line":33,"column":9}},{"start":{},"end":{}}],"line":31},"6":{"loc":{"start":{"line":44,"column":8},"end":{"line":44,"column":53}},"type":"if","locations":[{"start":{"line":44,"column":8},"end":{"line":44,"column":53}},{"start":{},"end":{}}],"line":44},"7":{"loc":{"start":{"line":47,"column":8},"end":{"line":47,"column":79}},"type":"if","locations":[{"start":{"line":47,"column":8},"end":{"line":47,"column":79}},{"start":{},"end":{}}],"line":47},"8":{"loc":{"start":{"line":49,"column":8},"end":{"line":51,"column":9}},"type":"if","locations":[{"start":{"line":49,"column":8},"end":{"line":51,"column":9}},{"start":{},"end":{}}],"line":49},"9":{"loc":{"start":{"line":62,"column":8},"end":{"line":62,"column":53}},"type":"if","locations":[{"start":{"line":62,"column":8},"end":{"line":62,"column":53}},{"start":{},"end":{}}],"line":62}},"s":{"0":0,"1":0,"2":0,"3":0,"4":0,"5":0,"6":0,"7":0,"8":0,"9":0,"10":0,"11":0,"12":0,"13":0,"14":0,"15":0,"16":0,"17":0,"18":0,"19":0,"20":0,"21":0,"22":0,"23":0,"24":0,"25":0,"26":0,"27":0,"28":0,"29":0,"30":0,"31":0,"32":0,"33":0,"34":0,"35":0,"36":0,"37":0,"38":0,"39":0,"40":0,"41":0},"f":{"0":0,"1":0,"2":0,"3":0},"b":{"0":[0,0],"1":[0,0],"2":[0,0],"3":[0,0],"4":[0,0],"5":[0,0],"6":[0,0],"7":[0,0],"8":[0,0],"9":[0,0]}}
,"C:\\Users\\Cozapry\\Desktop\\Phase2\\week3\\individualProject\\individual-project-anpray\\server\\middlewares\\errorHandler.js": {"path":"C:\\Users\\Cozapry\\Desktop\\Phase2\\week3\\individualProject\\individual-project-anpray\\server\\middlewares\\errorHandler.js","statementMap":{"0":{"start":{"line":1,"column":21},"end":{"line":32,"column":1}},"1":{"start":{"line":2,"column":20},"end":{"line":2,"column":28}},"2":{"start":{"line":3,"column":2},"end":{"line":3,"column":19}},"3":{"start":{"line":5,"column":2},"end":{"line":31,"column":3}},"4":{"start":{"line":8,"column":6},"end":{"line":8,"column":63}},"5":{"start":{"line":9,"column":6},"end":{"line":9,"column":12}},"6":{"start":{"line":11,"column":6},"end":{"line":11,"column":57}},"7":{"start":{"line":12,"column":6},"end":{"line":12,"column":12}},"8":{"start":{"line":14,"column":6},"end":{"line":14,"column":53}},"9":{"start":{"line":15,"column":6},"end":{"line":15,"column":12}},"10":{"start":{"line":17,"column":6},"end":{"line":17,"column":53}},"11":{"start":{"line":18,"column":6},"end":{"line":18,"column":12}},"12":{"start":{"line":20,"column":6},"end":{"line":20,"column":53}},"13":{"start":{"line":21,"column":6},"end":{"line":21,"column":12}},"14":{"start":{"line":23,"column":6},"end":{"line":23,"column":53}},"15":{"start":{"line":24,"column":6},"end":{"line":24,"column":12}},"16":{"start":{"line":26,"column":6},"end":{"line":26,"column":53}},"17":{"start":{"line":27,"column":6},"end":{"line":27,"column":12}},"18":{"start":{"line":29,"column":6},"end":{"line":29,"column":65}},"19":{"start":{"line":30,"column":6},"end":{"line":30,"column":12}},"20":{"start":{"line":34,"column":0},"end":{"line":34,"column":30}}},"fnMap":{"0":{"name":"(anonymous_0)","decl":{"start":{"line":1,"column":21},"end":{"line":1,"column":22}},"loc":{"start":{"line":1,"column":46},"end":{"line":32,"column":1}},"line":1}},"branchMap":{"0":{"loc":{"start":{"line":5,"column":2},"end":{"line":31,"column":3}},"type":"switch","locations":[{"start":{"line":6,"column":4},"end":{"line":6,"column":36}},{"start":{"line":7,"column":4},"end":{"line":9,"column":12}},{"start":{"line":10,"column":4},"end":{"line":12,"column":12}},{"start":{"line":13,"column":4},"end":{"line":15,"column":12}},{"start":{"line":16,"column":4},"end":{"line":18,"column":12}},{"start":{"line":19,"column":4},"end":{"line":21,"column":12}},{"start":{"line":22,"column":4},"end":{"line":24,"column":12}},{"start":{"line":25,"column":4},"end":{"line":27,"column":12}},{"start":{"line":28,"column":4},"end":{"line":30,"column":12}}],"line":5}},"s":{"0":0,"1":0,"2":0,"3":0,"4":0,"5":0,"6":0,"7":0,"8":0,"9":0,"10":0,"11":0,"12":0,"13":0,"14":0,"15":0,"16":0,"17":0,"18":0,"19":0,"20":0},"f":{"0":0},"b":{"0":[0,0,0,0,0,0,0,0,0]}}
,"C:\\Users\\Cozapry\\Desktop\\Phase2\\week3\\individualProject\\individual-project-anpray\\server\\models\\cv.js": {"path":"C:\\Users\\Cozapry\\Desktop\\Phase2\\week3\\individualProject\\individual-project-anpray\\server\\models\\cv.js","statementMap":{"0":{"start":{"line":2,"column":18},"end":{"line":2,"column":38}},"1":{"start":{"line":3,"column":0},"end":{"line":102,"column":2}},"2":{"start":{"line":12,"column":6},"end":{"line":12,"column":58}},"3":{"start":{"line":13,"column":6},"end":{"line":13,"column":60}},"4":{"start":{"line":16,"column":2},"end":{"line":100,"column":4}},"5":{"start":{"line":101,"column":2},"end":{"line":101,"column":12}}},"fnMap":{"0":{"name":"(anonymous_0)","decl":{"start":{"line":3,"column":17},"end":{"line":3,"column":18}},"loc":{"start":{"line":3,"column":43},"end":{"line":102,"column":1}},"line":3},"1":{"name":"(anonymous_1)","decl":{"start":{"line":10,"column":4},"end":{"line":10,"column":5}},"loc":{"start":{"line":10,"column":29},"end":{"line":14,"column":5}},"line":10}},"branchMap":{},"s":{"0":0,"1":0,"2":0,"3":0,"4":0,"5":0},"f":{"0":0,"1":0},"b":{}}
,"C:\\Users\\Cozapry\\Desktop\\Phase2\\week3\\individualProject\\individual-project-anpray\\server\\models\\experience.js": {"path":"C:\\Users\\Cozapry\\Desktop\\Phase2\\week3\\individualProject\\individual-project-anpray\\server\\models\\experience.js","statementMap":{"0":{"start":{"line":4,"column":4},"end":{"line":4,"column":24}},"1":{"start":{"line":5,"column":0},"end":{"line":96,"column":2}},"2":{"start":{"line":14,"column":6},"end":{"line":14,"column":62}},"3":{"start":{"line":17,"column":2},"end":{"line":94,"column":5}},"4":{"start":{"line":95,"column":2},"end":{"line":95,"column":20}}},"fnMap":{"0":{"name":"(anonymous_0)","decl":{"start":{"line":5,"column":17},"end":{"line":5,"column":18}},"loc":{"start":{"line":5,"column":43},"end":{"line":96,"column":1}},"line":5},"1":{"name":"(anonymous_1)","decl":{"start":{"line":12,"column":4},"end":{"line":12,"column":5}},"loc":{"start":{"line":12,"column":29},"end":{"line":15,"column":5}},"line":12}},"branchMap":{},"s":{"0":0,"1":0,"2":0,"3":0,"4":0},"f":{"0":0,"1":0},"b":{}}
,"C:\\Users\\Cozapry\\Desktop\\Phase2\\week3\\individualProject\\individual-project-anpray\\server\\models\\index.js": {"path":"C:\\Users\\Cozapry\\Desktop\\Phase2\\week3\\individualProject\\individual-project-anpray\\server\\models\\index.js","statementMap":{"0":{"start":{"line":3,"column":11},"end":{"line":3,"column":24}},"1":{"start":{"line":4,"column":13},"end":{"line":4,"column":28}},"2":{"start":{"line":5,"column":18},"end":{"line":5,"column":38}},"3":{"start":{"line":6,"column":16},"end":{"line":6,"column":34}},"4":{"start":{"line":7,"column":17},"end":{"line":7,"column":42}},"5":{"start":{"line":8,"column":12},"end":{"line":8,"column":49}},"6":{"start":{"line":9,"column":15},"end":{"line":9,"column":65}},"7":{"start":{"line":10,"column":11},"end":{"line":10,"column":13}},"8":{"start":{"line":13,"column":0},"end":{"line":17,"column":1}},"9":{"start":{"line":14,"column":2},"end":{"line":14,"column":74}},"10":{"start":{"line":16,"column":2},"end":{"line":16,"column":87}},"11":{"start":{"line":19,"column":0},"end":{"line":32,"column":5}},"12":{"start":{"line":22,"column":4},"end":{"line":27,"column":6}},"13":{"start":{"line":30,"column":18},"end":{"line":30,"column":85}},"14":{"start":{"line":31,"column":4},"end":{"line":31,"column":27}},"15":{"start":{"line":34,"column":0},"end":{"line":38,"column":3}},"16":{"start":{"line":35,"column":2},"end":{"line":37,"column":3}},"17":{"start":{"line":36,"column":4},"end":{"line":36,"column":32}},"18":{"start":{"line":40,"column":0},"end":{"line":40,"column":25}},"19":{"start":{"line":41,"column":0},"end":{"line":41,"column":25}},"20":{"start":{"line":43,"column":0},"end":{"line":43,"column":20}}},"fnMap":{"0":{"name":"(anonymous_0)","decl":{"start":{"line":21,"column":10},"end":{"line":21,"column":11}},"loc":{"start":{"line":21,"column":18},"end":{"line":28,"column":3}},"line":21},"1":{"name":"(anonymous_1)","decl":{"start":{"line":29,"column":11},"end":{"line":29,"column":12}},"loc":{"start":{"line":29,"column":19},"end":{"line":32,"column":3}},"line":29},"2":{"name":"(anonymous_2)","decl":{"start":{"line":34,"column":24},"end":{"line":34,"column":25}},"loc":{"start":{"line":34,"column":37},"end":{"line":38,"column":1}},"line":34}},"branchMap":{"0":{"loc":{"start":{"line":8,"column":12},"end":{"line":8,"column":49}},"type":"binary-expr","locations":[{"start":{"line":8,"column":12},"end":{"line":8,"column":32}},{"start":{"line":8,"column":36},"end":{"line":8,"column":49}}],"line":8},"1":{"loc":{"start":{"line":13,"column":0},"end":{"line":17,"column":1}},"type":"if","locations":[{"start":{"line":13,"column":0},"end":{"line":17,"column":1}},{"start":{"line":15,"column":7},"end":{"line":17,"column":1}}],"line":13},"2":{"loc":{"start":{"line":23,"column":6},"end":{"line":26,"column":37}},"type":"binary-expr","locations":[{"start":{"line":23,"column":6},"end":{"line":23,"column":29}},{"start":{"line":24,"column":6},"end":{"line":24,"column":23}},{"start":{"line":25,"column":6},"end":{"line":25,"column":30}},{"start":{"line":26,"column":6},"end":{"line":26,"column":37}}],"line":23},"3":{"loc":{"start":{"line":35,"column":2},"end":{"line":37,"column":3}},"type":"if","locations":[{"start":{"line":35,"column":2},"end":{"line":37,"column":3}},{"start":{},"end":{}}],"line":35}},"s":{"0":0,"1":0,"2":0,"3":0,"4":0,"5":0,"6":0,"7":0,"8":0,"9":0,"10":0,"11":0,"12":0,"13":0,"14":0,"15":0,"16":0,"17":0,"18":0,"19":0,"20":0},"f":{"0":0,"1":0,"2":0},"b":{"0":[0,0],"1":[0,0],"2":[0,0,0,0],"3":[0,0]}}
,"C:\\Users\\Cozapry\\Desktop\\Phase2\\week3\\individualProject\\individual-project-anpray\\server\\models\\user.js": {"path":"C:\\Users\\Cozapry\\Desktop\\Phase2\\week3\\individualProject\\individual-project-anpray\\server\\models\\user.js","statementMap":{"0":{"start":{"line":2,"column":18},"end":{"line":2,"column":38}},"1":{"start":{"line":3,"column":25},"end":{"line":3,"column":53}},"2":{"start":{"line":4,"column":0},"end":{"line":89,"column":2}},"3":{"start":{"line":13,"column":6},"end":{"line":13,"column":56}},"4":{"start":{"line":16,"column":2},"end":{"line":82,"column":4}},"5":{"start":{"line":84,"column":2},"end":{"line":86,"column":5}},"6":{"start":{"line":85,"column":4},"end":{"line":85,"column":48}},"7":{"start":{"line":88,"column":2},"end":{"line":88,"column":14}}},"fnMap":{"0":{"name":"(anonymous_0)","decl":{"start":{"line":4,"column":17},"end":{"line":4,"column":18}},"loc":{"start":{"line":4,"column":43},"end":{"line":89,"column":1}},"line":4},"1":{"name":"(anonymous_1)","decl":{"start":{"line":11,"column":4},"end":{"line":11,"column":5}},"loc":{"start":{"line":11,"column":29},"end":{"line":14,"column":5}},"line":11},"2":{"name":"(anonymous_2)","decl":{"start":{"line":84,"column":20},"end":{"line":84,"column":21}},"loc":{"start":{"line":84,"column":30},"end":{"line":86,"column":3}},"line":84}},"branchMap":{},"s":{"0":0,"1":0,"2":0,"3":0,"4":0,"5":0,"6":0,"7":0},"f":{"0":0,"1":0,"2":0},"b":{}}
,"C:\\Users\\Cozapry\\Desktop\\Phase2\\week3\\individualProject\\individual-project-anpray\\server\\routers\\authRoutes.js": {"path":"C:\\Users\\Cozapry\\Desktop\\Phase2\\week3\\individualProject\\individual-project-anpray\\server\\routers\\authRoutes.js","statementMap":{"0":{"start":{"line":1,"column":15},"end":{"line":1,"column":42}},"1":{"start":{"line":3,"column":23},"end":{"line":3,"column":63}},"2":{"start":{"line":5,"column":0},"end":{"line":5,"column":50}},"3":{"start":{"line":6,"column":0},"end":{"line":6,"column":44}},"4":{"start":{"line":7,"column":0},"end":{"line":7,"column":59}},"5":{"start":{"line":8,"column":0},"end":{"line":8,"column":50}},"6":{"start":{"line":9,"column":0},"end":{"line":9,"column":62}},"7":{"start":{"line":10,"column":0},"end":{"line":10,"column":50}},"8":{"start":{"line":11,"column":0},"end":{"line":11,"column":62}},"9":{"start":{"line":13,"column":0},"end":{"line":13,"column":24}}},"fnMap":{},"branchMap":{},"s":{"0":0,"1":0,"2":0,"3":0,"4":0,"5":0,"6":0,"7":0,"8":0,"9":0},"f":{},"b":{}}
,"C:\\Users\\Cozapry\\Desktop\\Phase2\\week3\\individualProject\\individual-project-anpray\\server\\routers\\cvRoutes.js": {"path":"C:\\Users\\Cozapry\\Desktop\\Phase2\\week3\\individualProject\\individual-project-anpray\\server\\routers\\cvRoutes.js","statementMap":{"0":{"start":{"line":1,"column":15},"end":{"line":1,"column":42}},"1":{"start":{"line":2,"column":21},"end":{"line":2,"column":59}},"2":{"start":{"line":3,"column":23},"end":{"line":3,"column":63}},"3":{"start":{"line":4,"column":28},"end":{"line":4,"column":67}},"4":{"start":{"line":5,"column":15},"end":{"line":5,"column":32}},"5":{"start":{"line":7,"column":15},"end":{"line":7,"column":58}},"6":{"start":{"line":9,"column":0},"end":{"line":9,"column":27}},"7":{"start":{"line":11,"column":0},"end":{"line":11,"column":78}},"8":{"start":{"line":12,"column":0},"end":{"line":12,"column":40}},"9":{"start":{"line":13,"column":0},"end":{"line":13,"column":39}},"10":{"start":{"line":14,"column":0},"end":{"line":14,"column":45}},"11":{"start":{"line":15,"column":0},"end":{"line":15,"column":59}},"12":{"start":{"line":16,"column":0},"end":{"line":16,"column":62}},"13":{"start":{"line":17,"column":0},"end":{"line":17,"column":72}},"14":{"start":{"line":18,"column":0},"end":{"line":18,"column":70}},"15":{"start":{"line":19,"column":0},"end":{"line":23,"column":2}},"16":{"start":{"line":24,"column":0},"end":{"line":29,"column":2}},"17":{"start":{"line":31,"column":0},"end":{"line":31,"column":24}}},"fnMap":{},"branchMap":{},"s":{"0":0,"1":0,"2":0,"3":0,"4":0,"5":0,"6":0,"7":0,"8":0,"9":0,"10":0,"11":0,"12":0,"13":0,"14":0,"15":0,"16":0,"17":0},"f":{},"b":{}}
,"C:\\Users\\Cozapry\\Desktop\\Phase2\\week3\\individualProject\\individual-project-anpray\\server\\routers\\expRoutes.js": {"path":"C:\\Users\\Cozapry\\Desktop\\Phase2\\week3\\individualProject\\individual-project-anpray\\server\\routers\\expRoutes.js","statementMap":{"0":{"start":{"line":1,"column":15},"end":{"line":1,"column":42}},"1":{"start":{"line":2,"column":23},"end":{"line":2,"column":63}},"2":{"start":{"line":3,"column":36},"end":{"line":3,"column":75}},"3":{"start":{"line":4,"column":29},"end":{"line":4,"column":75}},"4":{"start":{"line":6,"column":0},"end":{"line":6,"column":27}},"5":{"start":{"line":7,"column":0},"end":{"line":7,"column":56}},"6":{"start":{"line":8,"column":0},"end":{"line":8,"column":54}},"7":{"start":{"line":9,"column":0},"end":{"line":9,"column":64}},"8":{"start":{"line":10,"column":0},"end":{"line":14,"column":2}},"9":{"start":{"line":15,"column":0},"end":{"line":19,"column":2}},"10":{"start":{"line":21,"column":0},"end":{"line":21,"column":24}}},"fnMap":{},"branchMap":{},"s":{"0":0,"1":0,"2":0,"3":0,"4":0,"5":0,"6":0,"7":0,"8":0,"9":0,"10":0},"f":{},"b":{}}
,"C:\\Users\\Cozapry\\Desktop\\Phase2\\week3\\individualProject\\individual-project-anpray\\server\\routers\\index.js": {"path":"C:\\Users\\Cozapry\\Desktop\\Phase2\\week3\\individualProject\\individual-project-anpray\\server\\routers\\index.js","statementMap":{"0":{"start":{"line":1,"column":15},"end":{"line":1,"column":42}},"1":{"start":{"line":3,"column":19},"end":{"line":3,"column":42}},"2":{"start":{"line":4,"column":17},"end":{"line":4,"column":38}},"3":{"start":{"line":5,"column":18},"end":{"line":5,"column":40}},"4":{"start":{"line":7,"column":0},"end":{"line":7,"column":32}},"5":{"start":{"line":8,"column":0},"end":{"line":8,"column":29}},"6":{"start":{"line":9,"column":0},"end":{"line":9,"column":38}},"7":{"start":{"line":11,"column":0},"end":{"line":11,"column":24}}},"fnMap":{},"branchMap":{},"s":{"0":0,"1":0,"2":0,"3":0,"4":0,"5":0,"6":0,"7":0},"f":{},"b":{}}
}
