TN:
SF:controllers\AuthController.js
FN:8,(anonymous_0)
FN:25,(anonymous_1)
FN:66,(anonymous_2)
FN:91,(anonymous_3)
FN:135,(anonymous_4)
FN:168,(anonymous_5)
FN:195,(anonymous_6)
FN:261,(anonymous_7)
FNF:8
FNH:3
FNDA:2,(anonymous_0)
FNDA:5,(anonymous_1)
FNDA:0,(anonymous_2)
FNDA:0,(anonymous_3)
FNDA:0,(anonymous_4)
FNDA:0,(anonymous_5)
FNDA:0,(anonymous_6)
FNDA:6,(anonymous_7)
DA:1,1
DA:2,1
DA:3,1
DA:4,1
DA:5,1
DA:9,2
DA:10,2
DA:11,2
DA:17,1
DA:18,1
DA:19,1
DA:21,1
DA:26,5
DA:27,5
DA:29,5
DA:30,1
DA:33,4
DA:34,1
DA:37,3
DA:43,3
DA:44,1
DA:46,2
DA:48,2
DA:49,1
DA:51,1
DA:56,1
DA:58,1
DA:62,4
DA:67,0
DA:68,0
DA:70,0
DA:73,0
DA:74,0
DA:77,0
DA:83,0
DA:87,0
DA:92,0
DA:93,0
DA:94,0
DA:95,0
DA:98,0
DA:99,0
DA:101,0
DA:104,0
DA:105,0
DA:108,0
DA:121,0
DA:122,0
DA:123,0
DA:126,0
DA:130,0
DA:134,0
DA:135,0
DA:137,0
DA:139,0
DA:140,0
DA:144,0
DA:146,0
DA:155,0
DA:161,0
DA:162,0
DA:164,0
DA:169,0
DA:170,0
DA:172,0
DA:175,0
DA:176,0
DA:179,0
DA:187,0
DA:191,0
DA:196,0
DA:197,0
DA:198,0
DA:199,0
DA:202,0
DA:203,0
DA:205,0
DA:208,0
DA:209,0
DA:212,0
DA:220,0
DA:221,0
DA:222,0
DA:225,0
DA:232,0
DA:233,0
DA:235,0
DA:236,0
DA:239,0
DA:248,0
DA:254,0
DA:255,0
DA:257,0
DA:262,6
DA:263,6
DA:265,6
DA:266,1
DA:269,5
DA:270,5
DA:271,0
DA:274,5
DA:276,5
DA:278,5
DA:280,5
DA:281,5
DA:285,4
DA:286,4
DA:289,4
DA:290,1
DA:296,1
DA:299,1
DA:302,1
DA:303,1
DA:307,0
DA:313,0
DA:322,0
DA:323,0
DA:325,1
DA:326,1
DA:330,1
DA:335,1
DA:344,4
DA:345,1
DA:351,3
DA:352,3
DA:354,3
DA:355,1
DA:359,2
DA:369,2
DA:375,2
DA:379,4
DA:384,1
LF:132
LH:62
BRDA:29,0,0,1
BRDA:29,0,1,4
BRDA:33,1,0,1
BRDA:33,1,1,3
BRDA:43,2,0,1
BRDA:43,2,1,2
BRDA:48,3,0,1
BRDA:48,3,1,1
BRDA:70,4,0,0
BRDA:70,4,1,0
BRDA:73,5,0,0
BRDA:73,5,1,0
BRDA:94,6,0,0
BRDA:94,6,1,0
BRDA:101,7,0,0
BRDA:101,7,1,0
BRDA:104,8,0,0
BRDA:104,8,1,0
BRDA:104,9,0,0
BRDA:104,9,1,0
BRDA:122,10,0,0
BRDA:122,10,1,0
BRDA:134,11,0,0
BRDA:134,11,1,0
BRDA:135,12,0,0
BRDA:135,12,1,0
BRDA:137,13,0,0
BRDA:137,13,1,0
BRDA:137,13,2,0
BRDA:139,14,0,0
BRDA:139,14,1,0
BRDA:144,15,0,0
BRDA:144,15,1,0
BRDA:144,15,2,0
BRDA:161,16,0,0
BRDA:161,16,1,0
BRDA:172,17,0,0
BRDA:172,17,1,0
BRDA:175,18,0,0
BRDA:175,18,1,0
BRDA:198,19,0,0
BRDA:198,19,1,0
BRDA:205,20,0,0
BRDA:205,20,1,0
BRDA:208,21,0,0
BRDA:208,21,1,0
BRDA:208,22,0,0
BRDA:208,22,1,0
BRDA:221,23,0,0
BRDA:221,23,1,0
BRDA:233,24,0,0
BRDA:233,24,1,0
BRDA:235,25,0,0
BRDA:235,25,1,0
BRDA:254,26,0,0
BRDA:254,26,1,0
BRDA:265,27,0,1
BRDA:265,27,1,5
BRDA:270,28,0,0
BRDA:270,28,1,5
BRDA:289,29,0,1
BRDA:289,29,1,3
BRDA:328,30,0,1
BRDA:328,30,1,1
BRDA:332,31,0,1
BRDA:332,31,1,1
BRDA:338,32,0,1
BRDA:338,32,1,1
BRDA:344,33,0,1
BRDA:344,33,1,3
BRDA:351,34,0,3
BRDA:351,34,1,1
BRDA:352,35,0,3
BRDA:352,35,1,1
BRDA:354,36,0,1
BRDA:354,36,1,2
BRF:76
BRH:27
end_of_record
TN:
SF:controllers\CvController.js
FN:29,(anonymous_0)
FN:48,(anonymous_1)
FN:61,(anonymous_2)
FN:87,(anonymous_3)
FN:112,(anonymous_4)
FN:129,(anonymous_5)
FN:173,(anonymous_6)
FN:197,(anonymous_7)
FN:252,(anonymous_8)
FN:265,(anonymous_9)
FN:280,(anonymous_10)
FN:294,(anonymous_11)
FN:324,(anonymous_12)
FN:603,(anonymous_13)
FN:632,(anonymous_14)
FN:687,(anonymous_15)
FN:703,(anonymous_16)
FNF:17
FNH:0
FNDA:0,(anonymous_0)
FNDA:0,(anonymous_1)
FNDA:0,(anonymous_2)
FNDA:0,(anonymous_3)
FNDA:0,(anonymous_4)
FNDA:0,(anonymous_5)
FNDA:0,(anonymous_6)
FNDA:0,(anonymous_7)
FNDA:0,(anonymous_8)
FNDA:0,(anonymous_9)
FNDA:0,(anonymous_10)
FNDA:0,(anonymous_11)
FNDA:0,(anonymous_12)
FNDA:0,(anonymous_13)
FNDA:0,(anonymous_14)
FNDA:0,(anonymous_15)
FNDA:0,(anonymous_16)
DA:1,0
DA:2,0
DA:3,0
DA:4,0
DA:5,0
DA:6,0
DA:8,0
DA:9,0
DA:10,0
DA:12,0
DA:13,0
DA:14,0
DA:16,0
DA:17,0
DA:18,0
DA:20,0
DA:21,0
DA:22,0
DA:24,0
DA:25,0
DA:26,0
DA:30,0
DA:31,0
DA:33,0
DA:43,0
DA:45,0
DA:49,0
DA:50,0
DA:56,0
DA:58,0
DA:62,0
DA:63,0
DA:65,0
DA:78,0
DA:79,0
DA:82,0
DA:84,0
DA:88,0
DA:89,0
DA:90,0
DA:92,0
DA:94,0
DA:95,0
DA:98,0
DA:107,0
DA:109,0
DA:113,0
DA:114,0
DA:116,0
DA:118,0
DA:119,0
DA:122,0
DA:124,0
DA:126,0
DA:130,0
DA:131,0
DA:133,0
DA:134,0
DA:136,0
DA:137,0
DA:143,0
DA:144,0
DA:150,0
DA:151,0
DA:157,0
DA:159,0
DA:161,0
DA:163,0
DA:165,0
DA:170,0
DA:174,0
DA:175,0
DA:176,0
DA:180,0
DA:181,0
DA:183,0
DA:185,0
DA:186,0
DA:187,0
DA:192,0
DA:194,0
DA:198,0
DA:199,0
DA:200,0
DA:203,0
DA:204,0
DA:205,0
DA:206,0
DA:207,0
DA:210,0
DA:211,0
DA:213,0
DA:214,0
DA:215,0
DA:216,0
DA:220,0
DA:221,0
DA:222,0
DA:223,0
DA:228,0
DA:231,0
DA:232,0
DA:233,0
DA:235,0
DA:236,0
DA:237,0
DA:242,0
DA:245,0
DA:246,0
DA:247,0
DA:248,0
DA:252,0
DA:253,0
DA:254,0
DA:255,0
DA:256,0
DA:257,0
DA:258,0
DA:261,0
DA:262,0
DA:265,0
DA:266,0
DA:267,0
DA:270,0
DA:271,0
DA:272,0
DA:273,0
DA:274,0
DA:276,0
DA:280,0
DA:281,0
DA:293,0
DA:294,0
DA:303,0
DA:306,0
DA:309,0
DA:311,0
DA:312,0
DA:313,0
DA:314,0
DA:319,0
DA:321,0
DA:325,0
DA:326,0
DA:328,0
DA:332,0
DA:333,0
DA:336,0
DA:337,0
DA:338,0
DA:343,0
DA:347,0
DA:348,0
DA:352,0
DA:353,0
DA:354,0
DA:355,0
DA:356,0
DA:357,0
DA:358,0
DA:359,0
DA:361,0
DA:365,0
DA:603,0
DA:632,0
DA:662,0
DA:667,0
DA:669,0
DA:671,0
DA:677,0
DA:679,0
DA:684,0
DA:685,0
DA:686,0
DA:687,0
DA:689,0
DA:692,0
DA:697,0
DA:699,0
DA:704,0
DA:705,0
DA:707,0
DA:711,0
DA:714,0
DA:717,0
DA:719,0
DA:721,0
DA:723,0
DA:724,0
DA:725,0
DA:729,0
DA:732,0
DA:737,0
LF:193
LH:0
BRDA:34,0,0,0
BRDA:34,0,1,0
BRDA:40,1,0,0
BRDA:40,1,1,0
BRDA:78,2,0,0
BRDA:78,2,1,0
BRDA:94,3,0,0
BRDA:94,3,1,0
BRDA:99,4,0,0
BRDA:99,4,1,0
BRDA:99,5,0,0
BRDA:99,5,1,0
BRDA:104,6,0,0
BRDA:104,6,1,0
BRDA:118,7,0,0
BRDA:118,7,1,0
BRDA:136,8,0,0
BRDA:136,8,1,0
BRDA:143,9,0,0
BRDA:143,9,1,0
BRDA:150,10,0,0
BRDA:150,10,1,0
BRDA:175,11,0,0
BRDA:175,11,1,0
BRDA:185,12,0,0
BRDA:185,12,1,0
BRDA:186,13,0,0
BRDA:186,13,1,0
BRDA:199,14,0,0
BRDA:199,14,1,0
BRDA:210,15,0,0
BRDA:210,15,1,0
BRDA:210,16,0,0
BRDA:210,16,1,0
BRDA:215,17,0,0
BRDA:215,17,1,0
BRDA:215,18,0,0
BRDA:215,18,1,0
BRDA:220,19,0,0
BRDA:220,19,1,0
BRDA:236,20,0,0
BRDA:236,20,1,0
BRDA:246,21,0,0
BRDA:246,21,1,0
BRDA:253,22,0,0
BRDA:253,22,1,0
BRDA:254,23,0,0
BRDA:254,23,1,0
BRDA:256,24,0,0
BRDA:256,24,1,0
BRDA:256,25,0,0
BRDA:256,25,1,0
BRDA:257,26,0,0
BRDA:257,26,1,0
BRDA:257,27,0,0
BRDA:257,27,1,0
BRDA:262,28,0,0
BRDA:262,28,1,0
BRDA:266,29,0,0
BRDA:266,29,1,0
BRDA:266,30,0,0
BRDA:266,30,1,0
BRDA:270,31,0,0
BRDA:270,31,1,0
BRDA:276,32,0,0
BRDA:276,32,1,0
BRDA:283,33,0,0
BRDA:283,33,1,0
BRDA:293,34,0,0
BRDA:293,34,1,0
BRDA:312,35,0,0
BRDA:312,35,1,0
BRDA:313,36,0,0
BRDA:313,36,1,0
BRDA:332,37,0,0
BRDA:332,37,1,0
BRDA:338,38,0,0
BRDA:338,38,1,0
BRDA:339,39,0,0
BRDA:339,39,1,0
BRDA:339,39,2,0
BRDA:353,40,0,0
BRDA:353,40,1,0
BRDA:358,41,0,0
BRDA:358,41,1,0
BRDA:585,42,0,0
BRDA:585,42,1,0
BRDA:587,43,0,0
BRDA:587,43,1,0
BRDA:592,44,0,0
BRDA:592,44,1,0
BRDA:593,45,0,0
BRDA:593,45,1,0
BRDA:597,46,0,0
BRDA:597,46,1,0
BRDA:613,47,0,0
BRDA:613,47,1,0
BRDA:622,48,0,0
BRDA:622,48,1,0
BRDA:623,49,0,0
BRDA:623,49,1,0
BRDA:624,50,0,0
BRDA:624,50,1,0
BRDA:630,51,0,0
BRDA:630,51,1,0
BRDA:630,52,0,0
BRDA:630,52,1,0
BRDA:634,53,0,0
BRDA:634,53,1,0
BRDA:635,54,0,0
BRDA:635,54,1,0
BRDA:640,55,0,0
BRDA:640,55,1,0
BRDA:648,56,0,0
BRDA:648,56,1,0
BRDA:685,57,0,0
BRDA:685,57,1,0
BRDA:689,58,0,0
BRDA:689,58,1,0
BRDA:711,59,0,0
BRDA:711,59,1,0
BRDA:723,60,0,0
BRDA:723,60,1,0
BRDA:724,61,0,0
BRDA:724,61,1,0
BRF:125
BRH:0
end_of_record
TN:
SF:controllers\ExperienceController.js
FN:4,(anonymous_0)
FN:27,(anonymous_1)
FN:41,(anonymous_2)
FN:64,(anonymous_3)
FN:79,(anonymous_4)
FN:100,(anonymous_5)
FN:109,(anonymous_6)
FNF:7
FNH:7
FNDA:2,(anonymous_0)
FNDA:2,(anonymous_1)
FNDA:2,(anonymous_2)
FNDA:2,(anonymous_3)
FNDA:5,(anonymous_4)
FNDA:1,(anonymous_5)
FNDA:1,(anonymous_6)
DA:1,1
DA:5,2
DA:7,2
DA:10,2
DA:11,2
DA:13,1
DA:22,1
DA:24,1
DA:28,2
DA:29,2
DA:31,2
DA:36,2
DA:38,0
DA:42,2
DA:43,2
DA:45,2
DA:46,2
DA:47,1
DA:49,1
DA:51,1
DA:59,1
DA:61,1
DA:65,2
DA:66,2
DA:68,2
DA:69,2
DA:70,1
DA:72,1
DA:74,1
DA:76,1
DA:80,5
DA:81,5
DA:83,5
DA:84,1
DA:87,4
DA:88,4
DA:89,1
DA:92,3
DA:93,1
DA:96,2
DA:98,2
DA:99,2
DA:100,1
DA:110,1
DA:117,2
DA:118,1
DA:119,1
DA:120,1
DA:123,1
DA:125,3
DA:130,1
LF:51
LH:50
BRDA:11,0,0,1
BRDA:11,0,1,1
BRDA:46,1,0,1
BRDA:46,1,1,1
BRDA:69,2,0,1
BRDA:69,2,1,1
BRDA:83,3,0,1
BRDA:83,3,1,4
BRDA:88,4,0,1
BRDA:88,4,1,3
BRDA:92,5,0,1
BRDA:92,5,1,2
BRDA:92,6,0,3
BRDA:92,6,1,3
BRDA:98,7,0,2
BRDA:98,7,1,0
BRDA:104,8,0,1
BRDA:104,8,1,0
BRDA:105,9,0,1
BRDA:105,9,1,0
BRDA:105,9,2,0
BRDA:110,10,0,1
BRDA:110,10,1,1
BRDA:110,10,2,1
BRDA:110,10,3,1
BRDA:110,10,4,1
BRDA:117,11,0,1
BRDA:117,11,1,1
BRF:28
BRH:24
end_of_record
TN:
SF:helpers\bcrypt.js
FN:3,(anonymous_0)
FN:9,(anonymous_1)
FNF:2
FNH:0
FNDA:0,(anonymous_0)
FNDA:0,(anonymous_1)
DA:1,0
DA:3,0
DA:4,0
DA:5,0
DA:6,0
DA:9,0
DA:10,0
DA:13,0
LF:8
LH:0
BRF:0
BRH:0
end_of_record
TN:
SF:helpers\gemini.js
FN:5,(anonymous_0)
FN:54,(anonymous_1)
FNF:2
FNH:0
FNDA:0,(anonymous_0)
FNDA:0,(anonymous_1)
DA:1,0
DA:3,0
DA:5,0
DA:7,0
DA:11,0
DA:13,0
DA:46,0
DA:51,0
DA:54,0
DA:55,0
DA:59,0
DA:61,0
DA:93,0
DA:98,0
DA:101,0
LF:15
LH:0
BRDA:7,0,0,0
BRDA:7,0,1,0
BRDA:55,1,0,0
BRDA:55,1,1,0
BRF:4
BRH:0
end_of_record
TN:
SF:helpers\generatePDF.js
FN:3,(anonymous_0)
FN:247,(anonymous_1)
FN:276,(anonymous_2)
FNF:3
FNH:0
FNDA:0,(anonymous_0)
FNDA:0,(anonymous_1)
FNDA:0,(anonymous_2)
DA:1,0
DA:3,0
DA:5,0
DA:6,0
DA:7,0
DA:8,0
DA:9,0
DA:10,0
DA:11,0
DA:13,0
DA:17,0
DA:247,0
DA:276,0
DA:306,0
DA:311,0
DA:312,0
DA:314,0
DA:320,0
DA:322,0
DA:325,0
LF:20
LH:0
BRDA:6,0,0,0
BRDA:6,0,1,0
BRDA:10,1,0,0
BRDA:10,1,1,0
BRDA:229,2,0,0
BRDA:229,2,1,0
BRDA:231,3,0,0
BRDA:231,3,1,0
BRDA:236,4,0,0
BRDA:236,4,1,0
BRDA:237,5,0,0
BRDA:237,5,1,0
BRDA:241,6,0,0
BRDA:241,6,1,0
BRDA:257,7,0,0
BRDA:257,7,1,0
BRDA:266,8,0,0
BRDA:266,8,1,0
BRDA:267,9,0,0
BRDA:267,9,1,0
BRDA:268,10,0,0
BRDA:268,10,1,0
BRDA:274,11,0,0
BRDA:274,11,1,0
BRDA:274,12,0,0
BRDA:274,12,1,0
BRDA:278,13,0,0
BRDA:278,13,1,0
BRDA:279,14,0,0
BRDA:279,14,1,0
BRDA:284,15,0,0
BRDA:284,15,1,0
BRDA:292,16,0,0
BRDA:292,16,1,0
BRF:34
BRH:0
end_of_record
TN:
SF:helpers\jwt.js
FN:3,(anonymous_0)
FN:7,(anonymous_1)
FNF:2
FNH:0
FNDA:0,(anonymous_0)
FNDA:0,(anonymous_1)
DA:1,0
DA:3,0
DA:4,0
DA:7,0
DA:8,0
DA:11,0
LF:6
LH:0
BRF:0
BRH:0
end_of_record
TN:
SF:middlewares\authentication.js
FN:4,(anonymous_0)
FNF:1
FNH:0
FNDA:0,(anonymous_0)
DA:1,0
DA:2,0
DA:4,0
DA:5,0
DA:6,0
DA:8,0
DA:9,0
DA:12,0
DA:13,0
DA:14,0
DA:16,0
DA:17,0
DA:20,0
DA:22,0
DA:28,0
DA:29,0
DA:32,0
DA:37,0
DA:39,0
DA:43,0
LF:20
LH:0
BRDA:8,0,0,0
BRDA:8,0,1,0
BRDA:16,1,0,0
BRDA:16,1,1,0
BRDA:16,2,0,0
BRDA:16,2,1,0
BRDA:28,3,0,0
BRDA:28,3,1,0
BRF:8
BRH:0
end_of_record
TN:
SF:middlewares\authorization.js
FN:4,(anonymous_0)
FN:22,(anonymous_1)
FN:42,(anonymous_2)
FN:60,(anonymous_3)
FNF:4
FNH:0
FNDA:0,(anonymous_0)
FNDA:0,(anonymous_1)
FNDA:0,(anonymous_2)
FNDA:0,(anonymous_3)
DA:1,0
DA:4,0
DA:5,0
DA:6,0
DA:8,0
DA:9,0
DA:11,0
DA:12,0
DA:15,0
DA:17,0
DA:22,0
DA:23,0
DA:24,0
DA:26,0
DA:27,0
DA:29,0
DA:31,0
DA:32,0
DA:35,0
DA:37,0
DA:42,0
DA:43,0
DA:44,0
DA:46,0
DA:47,0
DA:49,0
DA:50,0
DA:53,0
DA:55,0
DA:60,0
DA:61,0
DA:62,0
DA:63,0
DA:65,0
DA:69,0
LF:35
LH:0
BRDA:6,0,0,0
BRDA:6,0,1,0
BRDA:9,1,0,0
BRDA:9,1,1,0
BRDA:11,2,0,0
BRDA:11,2,1,0
BRDA:24,3,0,0
BRDA:24,3,1,0
BRDA:27,4,0,0
BRDA:27,4,1,0
BRDA:31,5,0,0
BRDA:31,5,1,0
BRDA:44,6,0,0
BRDA:44,6,1,0
BRDA:47,7,0,0
BRDA:47,7,1,0
BRDA:49,8,0,0
BRDA:49,8,1,0
BRDA:62,9,0,0
BRDA:62,9,1,0
BRF:20
BRH:0
end_of_record
TN:
SF:middlewares\errorHandler.js
FN:1,(anonymous_0)
FNF:1
FNH:0
FNDA:0,(anonymous_0)
DA:1,0
DA:2,0
DA:3,0
DA:5,0
DA:8,0
DA:9,0
DA:11,0
DA:12,0
DA:14,0
DA:15,0
DA:17,0
DA:18,0
DA:20,0
DA:21,0
DA:23,0
DA:24,0
DA:26,0
DA:27,0
DA:29,0
DA:30,0
DA:34,0
LF:21
LH:0
BRDA:5,0,0,0
BRDA:5,0,1,0
BRDA:5,0,2,0
BRDA:5,0,3,0
BRDA:5,0,4,0
BRDA:5,0,5,0
BRDA:5,0,6,0
BRDA:5,0,7,0
BRDA:5,0,8,0
BRF:9
BRH:0
end_of_record
TN:
SF:models\cv.js
FN:3,(anonymous_0)
FN:10,(anonymous_1)
FNF:2
FNH:0
FNDA:0,(anonymous_0)
FNDA:0,(anonymous_1)
DA:2,0
DA:3,0
DA:12,0
DA:13,0
DA:16,0
DA:101,0
LF:6
LH:0
BRF:0
BRH:0
end_of_record
TN:
SF:models\experience.js
FN:5,(anonymous_0)
FN:12,(anonymous_1)
FNF:2
FNH:0
FNDA:0,(anonymous_0)
FNDA:0,(anonymous_1)
DA:4,0
DA:5,0
DA:14,0
DA:17,0
DA:95,0
LF:5
LH:0
BRF:0
BRH:0
end_of_record
TN:
SF:models\index.js
FN:21,(anonymous_0)
FN:29,(anonymous_1)
FN:34,(anonymous_2)
FNF:3
FNH:0
FNDA:0,(anonymous_0)
FNDA:0,(anonymous_1)
FNDA:0,(anonymous_2)
DA:3,0
DA:4,0
DA:5,0
DA:6,0
DA:7,0
DA:8,0
DA:9,0
DA:10,0
DA:13,0
DA:14,0
DA:16,0
DA:19,0
DA:22,0
DA:30,0
DA:31,0
DA:34,0
DA:35,0
DA:36,0
DA:40,0
DA:41,0
DA:43,0
LF:21
LH:0
BRDA:8,0,0,0
BRDA:8,0,1,0
BRDA:13,1,0,0
BRDA:13,1,1,0
BRDA:23,2,0,0
BRDA:23,2,1,0
BRDA:23,2,2,0
BRDA:23,2,3,0
BRDA:35,3,0,0
BRDA:35,3,1,0
BRF:10
BRH:0
end_of_record
TN:
SF:models\user.js
FN:4,(anonymous_0)
FN:11,(anonymous_1)
FN:84,(anonymous_2)
FNF:3
FNH:0
FNDA:0,(anonymous_0)
FNDA:0,(anonymous_1)
FNDA:0,(anonymous_2)
DA:2,0
DA:3,0
DA:4,0
DA:13,0
DA:16,0
DA:84,0
DA:85,0
DA:88,0
LF:8
LH:0
BRF:0
BRH:0
end_of_record
TN:
SF:routers\authRoutes.js
FNF:0
FNH:0
DA:1,0
DA:3,0
DA:5,0
DA:6,0
DA:7,0
DA:8,0
DA:9,0
DA:10,0
DA:11,0
DA:13,0
LF:10
LH:0
BRF:0
BRH:0
end_of_record
TN:
SF:routers\cvRoutes.js
FNF:0
FNH:0
DA:1,0
DA:2,0
DA:3,0
DA:4,0
DA:5,0
DA:7,0
DA:9,0
DA:11,0
DA:12,0
DA:13,0
DA:14,0
DA:15,0
DA:16,0
DA:17,0
DA:18,0
DA:19,0
DA:24,0
DA:31,0
LF:18
LH:0
BRF:0
BRH:0
end_of_record
TN:
SF:routers\expRoutes.js
FNF:0
FNH:0
DA:1,0
DA:2,0
DA:3,0
DA:4,0
DA:6,0
DA:7,0
DA:8,0
DA:9,0
DA:10,0
DA:15,0
DA:21,0
LF:11
LH:0
BRF:0
BRH:0
end_of_record
TN:
SF:routers\index.js
FNF:0
FNH:0
DA:1,0
DA:3,0
DA:4,0
DA:5,0
DA:7,0
DA:8,0
DA:9,0
DA:11,0
LF:8
LH:0
BRF:0
BRH:0
end_of_record
